[25-Mar-2017 06:01:40 UTC] An Error occurred while handling another error:
yii\base\InvalidRouteException: Unable to resolve the request "admin/error". in E:\www\eage\vendor\yiisoft\yii2\base\Module.php:460
Stack trace:
#0 E:\www\eage\vendor\yiisoft\yii2\web\ErrorHandler.php(93): yii\base\Module->runAction('admin/error')
#1 E:\www\eage\vendor\yiisoft\yii2\base\ErrorHandler.php(109): yii\web\ErrorHandler->renderException(Object(yii\web\NotFoundHttpException))
#2 [internal function]: yii\base\ErrorHandler->handleException(Object(yii\web\NotFoundHttpException))
#3 {main}
Previous exception:
yii\base\InvalidRouteException: Unable to resolve the request "system/list". in E:\www\eage\vendor\yiisoft\yii2\base\Module.php:460
Stack trace:
#0 E:\www\eage\vendor\yiisoft\yii2\web\Application.php(84): yii\base\Module->runAction('system/list', Array)
#1 E:\www\eage\vendor\yiisoft\yii2\base\Application.php(376): yii\web\Application->handleRequest(Object(yii\web\Request))
#2 E:\www\eage\admin\web\index.php(24): yii\base\Application->run()
#3 {main}

Next yii\web\NotFoundHttpException: Page not found. in E:\www\eage\vendor\yiisoft\yii2\web\Application.php:96
Stack trace:
#0 E:\www\eage\vendor\yiisoft\yii2\base\Application.php(376): yii\web\Application->handleRequest(Object(yii\web\Request))
#1 E:\www\eage\admin\web\index.php(24): yii\base\Application->run()
#2 {main}
$_SERVER = [
    'PATH' => 'C:\\Windows\\system32;C:\\Windows;C:\\Windows\\System32\\Wbem;C:\\Windows\\System32\\WindowsPowerShell\\v1.0\\;D:\\phpStudy\\MySQL\\bin;D:\\phpStudy\\php55;D:\\memcache\\memcached-1.2.6-win32-bin;D:\\Git\\bin;C:\\ProgramData\\ComposerSetup\\bin;D:\\easyBackup\\AOMEI Backupper 3.5;D:\\Pthon\\Scripts\\;D:\\Pthon\\;C:\\Users\\未定义\\AppData\\Roaming\\Composer\\vendor\\bin',
    'SYSTEMROOT' => 'C:\\Windows',
    'COMSPEC' => 'C:\\Windows\\system32\\cmd.exe',
    'PATHEXT' => '.COM;.EXE;.BAT;.CMD;.VBS;.VBE;.JS;.JSE;.WSF;.WSH;.MSC',
    'WINDIR' => 'C:\\Windows',
    'PHP_FCGI_MAX_REQUESTS' => '1000',
    'PHPRC' => 'D:/phpStudy/php70n',
    '_FCGI_SHUTDOWN_EVENT_' => '2144',
    'SCRIPT_NAME' => '/index.php',
    'REQUEST_URI' => '/index.php?r=system%2Flist',
    'QUERY_STRING' => 'r=system%2Flist',
    'REQUEST_METHOD' => 'GET',
    'SERVER_PROTOCOL' => 'HTTP/1.1',
    'GATEWAY_INTERFACE' => 'CGI/1.1',
    'REMOTE_PORT' => '61725',
    'SCRIPT_FILENAME' => 'E:/www/eage/admin/web/index.php',
    'SERVER_ADMIN' => 'admin@phpStudy.net',
    'CONTEXT_DOCUMENT_ROOT' => 'E:/www/eage/admin/web',
    'CONTEXT_PREFIX' => '',
    'REQUEST_SCHEME' => 'http',
    'DOCUMENT_ROOT' => 'E:/www/eage/admin/web',
    'REMOTE_ADDR' => '127.0.0.1',
    'SERVER_PORT' => '80',
    'SERVER_ADDR' => '127.0.0.1',
    'SERVER_NAME' => 'admin.yii.cc',
    'SERVER_SOFTWARE' => 'Apache/2.4.18 (Win32) OpenSSL/1.0.2e mod_fcgid/2.3.9',
    'SERVER_SIGNATURE' => '',
    'SystemRoot' => 'C:\\Windows',
    'HTTP_ACCEPT_LANGUAGE' => 'zh-CN,zh;q=0.8',
    'HTTP_ACCEPT_ENCODING' => 'gzip, deflate, sdch',
    'HTTP_REFERER' => 'http://admin.yii.cc/index.php?r=article%2Flist',
    'HTTP_ACCEPT' => 'text/html,application/xhtml+xml,application/xml;q=0.9,image/webp,*/*;q=0.8',
    'HTTP_USER_AGENT' => 'Mozilla/5.0 (Windows NT 10.0) AppleWebKit/537.36 (KHTML, like Gecko) Chrome/57.0.2987.110 Safari/537.36',
    'HTTP_UPGRADE_INSECURE_REQUESTS' => '1',
    'HTTP_CONNECTION' => 'close',
    'HTTP_HOST' => 'admin.yii.cc',
    'FCGI_ROLE' => 'RESPONDER',
    'PHP_SELF' => '/index.php',
    'REQUEST_TIME_FLOAT' => 1490421700.321665,
    'REQUEST_TIME' => 1490421700,
]
[25-Mar-2017 06:02:24 UTC] An Error occurred while handling another error:
yii\base\InvalidRouteException: Unable to resolve the request "admin/error". in E:\www\eage\vendor\yiisoft\yii2\base\Module.php:460
Stack trace:
#0 E:\www\eage\vendor\yiisoft\yii2\web\ErrorHandler.php(93): yii\base\Module->runAction('admin/error')
#1 E:\www\eage\vendor\yiisoft\yii2\base\ErrorHandler.php(109): yii\web\ErrorHandler->renderException(Object(yii\web\NotFoundHttpException))
#2 [internal function]: yii\base\ErrorHandler->handleException(Object(yii\web\NotFoundHttpException))
#3 {main}
Previous exception:
yii\base\InvalidRouteException: Unable to resolve the request "user/list". in E:\www\eage\vendor\yiisoft\yii2\base\Module.php:460
Stack trace:
#0 E:\www\eage\vendor\yiisoft\yii2\web\Application.php(84): yii\base\Module->runAction('user/list', Array)
#1 E:\www\eage\vendor\yiisoft\yii2\base\Application.php(376): yii\web\Application->handleRequest(Object(yii\web\Request))
#2 E:\www\eage\admin\web\index.php(24): yii\base\Application->run()
#3 {main}

Next yii\web\NotFoundHttpException: Page not found. in E:\www\eage\vendor\yiisoft\yii2\web\Application.php:96
Stack trace:
#0 E:\www\eage\vendor\yiisoft\yii2\base\Application.php(376): yii\web\Application->handleRequest(Object(yii\web\Request))
#1 E:\www\eage\admin\web\index.php(24): yii\base\Application->run()
#2 {main}
$_SERVER = [
    'PATH' => 'C:\\Windows\\system32;C:\\Windows;C:\\Windows\\System32\\Wbem;C:\\Windows\\System32\\WindowsPowerShell\\v1.0\\;D:\\phpStudy\\MySQL\\bin;D:\\phpStudy\\php55;D:\\memcache\\memcached-1.2.6-win32-bin;D:\\Git\\bin;C:\\ProgramData\\ComposerSetup\\bin;D:\\easyBackup\\AOMEI Backupper 3.5;D:\\Pthon\\Scripts\\;D:\\Pthon\\;C:\\Users\\未定义\\AppData\\Roaming\\Composer\\vendor\\bin',
    'SYSTEMROOT' => 'C:\\Windows',
    'COMSPEC' => 'C:\\Windows\\system32\\cmd.exe',
    'PATHEXT' => '.COM;.EXE;.BAT;.CMD;.VBS;.VBE;.JS;.JSE;.WSF;.WSH;.MSC',
    'WINDIR' => 'C:\\Windows',
    'PHP_FCGI_MAX_REQUESTS' => '1000',
    'PHPRC' => 'D:/phpStudy/php70n',
    '_FCGI_SHUTDOWN_EVENT_' => '2144',
    'SCRIPT_NAME' => '/index.php',
    'REQUEST_URI' => '/index.php?r=user%2Flist',
    'QUERY_STRING' => 'r=user%2Flist',
    'REQUEST_METHOD' => 'GET',
    'SERVER_PROTOCOL' => 'HTTP/1.1',
    'GATEWAY_INTERFACE' => 'CGI/1.1',
    'REMOTE_PORT' => '61739',
    'SCRIPT_FILENAME' => 'E:/www/eage/admin/web/index.php',
    'SERVER_ADMIN' => 'admin@phpStudy.net',
    'CONTEXT_DOCUMENT_ROOT' => 'E:/www/eage/admin/web',
    'CONTEXT_PREFIX' => '',
    'REQUEST_SCHEME' => 'http',
    'DOCUMENT_ROOT' => 'E:/www/eage/admin/web',
    'REMOTE_ADDR' => '127.0.0.1',
    'SERVER_PORT' => '80',
    'SERVER_ADDR' => '127.0.0.1',
    'SERVER_NAME' => 'admin.yii.cc',
    'SERVER_SOFTWARE' => 'Apache/2.4.18 (Win32) OpenSSL/1.0.2e mod_fcgid/2.3.9',
    'SERVER_SIGNATURE' => '',
    'SystemRoot' => 'C:\\Windows',
    'HTTP_ACCEPT_LANGUAGE' => 'zh-CN,zh;q=0.8',
    'HTTP_ACCEPT_ENCODING' => 'gzip, deflate, sdch',
    'HTTP_REFERER' => 'http://admin.yii.cc/index.php?r=article%2Flist',
    'HTTP_ACCEPT' => 'text/html,application/xhtml+xml,application/xml;q=0.9,image/webp,*/*;q=0.8',
    'HTTP_USER_AGENT' => 'Mozilla/5.0 (Windows NT 10.0) AppleWebKit/537.36 (KHTML, like Gecko) Chrome/57.0.2987.110 Safari/537.36',
    'HTTP_UPGRADE_INSECURE_REQUESTS' => '1',
    'HTTP_CONNECTION' => 'close',
    'HTTP_HOST' => 'admin.yii.cc',
    'FCGI_ROLE' => 'RESPONDER',
    'PHP_SELF' => '/index.php',
    'REQUEST_TIME_FLOAT' => 1490421744.0800819,
    'REQUEST_TIME' => 1490421744,
]
[25-Mar-2017 06:02:28 UTC] An Error occurred while handling another error:
yii\base\InvalidRouteException: Unable to resolve the request "admin/error". in E:\www\eage\vendor\yiisoft\yii2\base\Module.php:460
Stack trace:
#0 E:\www\eage\vendor\yiisoft\yii2\web\ErrorHandler.php(93): yii\base\Module->runAction('admin/error')
#1 E:\www\eage\vendor\yiisoft\yii2\base\ErrorHandler.php(109): yii\web\ErrorHandler->renderException(Object(yii\web\NotFoundHttpException))
#2 [internal function]: yii\base\ErrorHandler->handleException(Object(yii\web\NotFoundHttpException))
#3 {main}
Previous exception:
yii\base\InvalidRouteException: Unable to resolve the request "system/list". in E:\www\eage\vendor\yiisoft\yii2\base\Module.php:460
Stack trace:
#0 E:\www\eage\vendor\yiisoft\yii2\web\Application.php(84): yii\base\Module->runAction('system/list', Array)
#1 E:\www\eage\vendor\yiisoft\yii2\base\Application.php(376): yii\web\Application->handleRequest(Object(yii\web\Request))
#2 E:\www\eage\admin\web\index.php(24): yii\base\Application->run()
#3 {main}

Next yii\web\NotFoundHttpException: Page not found. in E:\www\eage\vendor\yiisoft\yii2\web\Application.php:96
Stack trace:
#0 E:\www\eage\vendor\yiisoft\yii2\base\Application.php(376): yii\web\Application->handleRequest(Object(yii\web\Request))
#1 E:\www\eage\admin\web\index.php(24): yii\base\Application->run()
#2 {main}
$_SERVER = [
    'PATH' => 'C:\\Windows\\system32;C:\\Windows;C:\\Windows\\System32\\Wbem;C:\\Windows\\System32\\WindowsPowerShell\\v1.0\\;D:\\phpStudy\\MySQL\\bin;D:\\phpStudy\\php55;D:\\memcache\\memcached-1.2.6-win32-bin;D:\\Git\\bin;C:\\ProgramData\\ComposerSetup\\bin;D:\\easyBackup\\AOMEI Backupper 3.5;D:\\Pthon\\Scripts\\;D:\\Pthon\\;C:\\Users\\未定义\\AppData\\Roaming\\Composer\\vendor\\bin',
    'SYSTEMROOT' => 'C:\\Windows',
    'COMSPEC' => 'C:\\Windows\\system32\\cmd.exe',
    'PATHEXT' => '.COM;.EXE;.BAT;.CMD;.VBS;.VBE;.JS;.JSE;.WSF;.WSH;.MSC',
    'WINDIR' => 'C:\\Windows',
    'PHP_FCGI_MAX_REQUESTS' => '1000',
    'PHPRC' => 'D:/phpStudy/php70n',
    '_FCGI_SHUTDOWN_EVENT_' => '2144',
    'SCRIPT_NAME' => '/index.php',
    'REQUEST_URI' => '/index.php?r=system%2Flist',
    'QUERY_STRING' => 'r=system%2Flist',
    'REQUEST_METHOD' => 'GET',
    'SERVER_PROTOCOL' => 'HTTP/1.1',
    'GATEWAY_INTERFACE' => 'CGI/1.1',
    'REMOTE_PORT' => '61740',
    'SCRIPT_FILENAME' => 'E:/www/eage/admin/web/index.php',
    'SERVER_ADMIN' => 'admin@phpStudy.net',
    'CONTEXT_DOCUMENT_ROOT' => 'E:/www/eage/admin/web',
    'CONTEXT_PREFIX' => '',
    'REQUEST_SCHEME' => 'http',
    'DOCUMENT_ROOT' => 'E:/www/eage/admin/web',
    'REMOTE_ADDR' => '127.0.0.1',
    'SERVER_PORT' => '80',
    'SERVER_ADDR' => '127.0.0.1',
    'SERVER_NAME' => 'admin.yii.cc',
    'SERVER_SOFTWARE' => 'Apache/2.4.18 (Win32) OpenSSL/1.0.2e mod_fcgid/2.3.9',
    'SERVER_SIGNATURE' => '',
    'SystemRoot' => 'C:\\Windows',
    'HTTP_ACCEPT_LANGUAGE' => 'zh-CN,zh;q=0.8',
    'HTTP_ACCEPT_ENCODING' => 'gzip, deflate, sdch',
    'HTTP_REFERER' => 'http://admin.yii.cc/index.php?r=article%2Flist',
    'HTTP_ACCEPT' => 'text/html,application/xhtml+xml,application/xml;q=0.9,image/webp,*/*;q=0.8',
    'HTTP_USER_AGENT' => 'Mozilla/5.0 (Windows NT 10.0) AppleWebKit/537.36 (KHTML, like Gecko) Chrome/57.0.2987.110 Safari/537.36',
    'HTTP_UPGRADE_INSECURE_REQUESTS' => '1',
    'HTTP_CONNECTION' => 'close',
    'HTTP_HOST' => 'admin.yii.cc',
    'FCGI_ROLE' => 'RESPONDER',
    'PHP_SELF' => '/index.php',
    'REQUEST_TIME_FLOAT' => 1490421748.308943,
    'REQUEST_TIME' => 1490421748,
]
[25-Mar-2017 06:02:33 UTC] An Error occurred while handling another error:
yii\base\InvalidRouteException: Unable to resolve the request "admin/error". in E:\www\eage\vendor\yiisoft\yii2\base\Module.php:460
Stack trace:
#0 E:\www\eage\vendor\yiisoft\yii2\web\ErrorHandler.php(93): yii\base\Module->runAction('admin/error')
#1 E:\www\eage\vendor\yiisoft\yii2\base\ErrorHandler.php(109): yii\web\ErrorHandler->renderException(Object(yii\web\NotFoundHttpException))
#2 [internal function]: yii\base\ErrorHandler->handleException(Object(yii\web\NotFoundHttpException))
#3 {main}
Previous exception:
yii\base\InvalidRouteException: Unable to resolve the request "user/list". in E:\www\eage\vendor\yiisoft\yii2\base\Module.php:460
Stack trace:
#0 E:\www\eage\vendor\yiisoft\yii2\web\Application.php(84): yii\base\Module->runAction('user/list', Array)
#1 E:\www\eage\vendor\yiisoft\yii2\base\Application.php(376): yii\web\Application->handleRequest(Object(yii\web\Request))
#2 E:\www\eage\admin\web\index.php(24): yii\base\Application->run()
#3 {main}

Next yii\web\NotFoundHttpException: Page not found. in E:\www\eage\vendor\yiisoft\yii2\web\Application.php:96
Stack trace:
#0 E:\www\eage\vendor\yiisoft\yii2\base\Application.php(376): yii\web\Application->handleRequest(Object(yii\web\Request))
#1 E:\www\eage\admin\web\index.php(24): yii\base\Application->run()
#2 {main}
$_SERVER = [
    'PATH' => 'C:\\Windows\\system32;C:\\Windows;C:\\Windows\\System32\\Wbem;C:\\Windows\\System32\\WindowsPowerShell\\v1.0\\;D:\\phpStudy\\MySQL\\bin;D:\\phpStudy\\php55;D:\\memcache\\memcached-1.2.6-win32-bin;D:\\Git\\bin;C:\\ProgramData\\ComposerSetup\\bin;D:\\easyBackup\\AOMEI Backupper 3.5;D:\\Pthon\\Scripts\\;D:\\Pthon\\;C:\\Users\\未定义\\AppData\\Roaming\\Composer\\vendor\\bin',
    'SYSTEMROOT' => 'C:\\Windows',
    'COMSPEC' => 'C:\\Windows\\system32\\cmd.exe',
    'PATHEXT' => '.COM;.EXE;.BAT;.CMD;.VBS;.VBE;.JS;.JSE;.WSF;.WSH;.MSC',
    'WINDIR' => 'C:\\Windows',
    'PHP_FCGI_MAX_REQUESTS' => '1000',
    'PHPRC' => 'D:/phpStudy/php70n',
    '_FCGI_SHUTDOWN_EVENT_' => '2144',
    'SCRIPT_NAME' => '/index.php',
    'REQUEST_URI' => '/index.php?r=user%2Flist',
    'QUERY_STRING' => 'r=user%2Flist',
    'REQUEST_METHOD' => 'GET',
    'SERVER_PROTOCOL' => 'HTTP/1.1',
    'GATEWAY_INTERFACE' => 'CGI/1.1',
    'REMOTE_PORT' => '61753',
    'SCRIPT_FILENAME' => 'E:/www/eage/admin/web/index.php',
    'SERVER_ADMIN' => 'admin@phpStudy.net',
    'CONTEXT_DOCUMENT_ROOT' => 'E:/www/eage/admin/web',
    'CONTEXT_PREFIX' => '',
    'REQUEST_SCHEME' => 'http',
    'DOCUMENT_ROOT' => 'E:/www/eage/admin/web',
    'REMOTE_ADDR' => '127.0.0.1',
    'SERVER_PORT' => '80',
    'SERVER_ADDR' => '127.0.0.1',
    'SERVER_NAME' => 'admin.yii.cc',
    'SERVER_SOFTWARE' => 'Apache/2.4.18 (Win32) OpenSSL/1.0.2e mod_fcgid/2.3.9',
    'SERVER_SIGNATURE' => '',
    'SystemRoot' => 'C:\\Windows',
    'HTTP_ACCEPT_LANGUAGE' => 'zh-CN,zh;q=0.8',
    'HTTP_ACCEPT_ENCODING' => 'gzip, deflate, sdch',
    'HTTP_REFERER' => 'http://admin.yii.cc/index.php?r=article%2Flist',
    'HTTP_ACCEPT' => 'text/html,application/xhtml+xml,application/xml;q=0.9,image/webp,*/*;q=0.8',
    'HTTP_USER_AGENT' => 'Mozilla/5.0 (Windows NT 10.0) AppleWebKit/537.36 (KHTML, like Gecko) Chrome/57.0.2987.110 Safari/537.36',
    'HTTP_UPGRADE_INSECURE_REQUESTS' => '1',
    'HTTP_CONNECTION' => 'close',
    'HTTP_HOST' => 'admin.yii.cc',
    'FCGI_ROLE' => 'RESPONDER',
    'PHP_SELF' => '/index.php',
    'REQUEST_TIME_FLOAT' => 1490421753.42048,
    'REQUEST_TIME' => 1490421753,
]
[25-Mar-2017 06:10:15 UTC] An Error occurred while handling another error:
yii\base\InvalidRouteException: Unable to resolve the request "admin/error". in E:\www\eage\vendor\yiisoft\yii2\base\Module.php:460
Stack trace:
#0 E:\www\eage\vendor\yiisoft\yii2\web\ErrorHandler.php(93): yii\base\Module->runAction('admin/error')
#1 E:\www\eage\vendor\yiisoft\yii2\base\ErrorHandler.php(109): yii\web\ErrorHandler->renderException(Object(yii\web\NotFoundHttpException))
#2 [internal function]: yii\base\ErrorHandler->handleException(Object(yii\web\NotFoundHttpException))
#3 {main}
Previous exception:
yii\base\InvalidRouteException: Unable to resolve the request "system/list". in E:\www\eage\vendor\yiisoft\yii2\base\Module.php:460
Stack trace:
#0 E:\www\eage\vendor\yiisoft\yii2\web\Application.php(84): yii\base\Module->runAction('system/list', Array)
#1 E:\www\eage\vendor\yiisoft\yii2\base\Application.php(376): yii\web\Application->handleRequest(Object(yii\web\Request))
#2 E:\www\eage\admin\web\index.php(24): yii\base\Application->run()
#3 {main}

Next yii\web\NotFoundHttpException: Page not found. in E:\www\eage\vendor\yiisoft\yii2\web\Application.php:96
Stack trace:
#0 E:\www\eage\vendor\yiisoft\yii2\base\Application.php(376): yii\web\Application->handleRequest(Object(yii\web\Request))
#1 E:\www\eage\admin\web\index.php(24): yii\base\Application->run()
#2 {main}
$_SERVER = [
    'PATH' => 'C:\\Windows\\system32;C:\\Windows;C:\\Windows\\System32\\Wbem;C:\\Windows\\System32\\WindowsPowerShell\\v1.0\\;D:\\phpStudy\\MySQL\\bin;D:\\phpStudy\\php55;D:\\memcache\\memcached-1.2.6-win32-bin;D:\\Git\\bin;C:\\ProgramData\\ComposerSetup\\bin;D:\\easyBackup\\AOMEI Backupper 3.5;D:\\Pthon\\Scripts\\;D:\\Pthon\\;C:\\Users\\未定义\\AppData\\Roaming\\Composer\\vendor\\bin',
    'SYSTEMROOT' => 'C:\\Windows',
    'COMSPEC' => 'C:\\Windows\\system32\\cmd.exe',
    'PATHEXT' => '.COM;.EXE;.BAT;.CMD;.VBS;.VBE;.JS;.JSE;.WSF;.WSH;.MSC',
    'WINDIR' => 'C:\\Windows',
    'PHP_FCGI_MAX_REQUESTS' => '1000',
    'PHPRC' => 'D:/phpStudy/php70n',
    '_FCGI_SHUTDOWN_EVENT_' => '2284',
    'SCRIPT_NAME' => '/index.php',
    'REQUEST_URI' => '/index.php?r=system%2Flist',
    'QUERY_STRING' => 'r=system%2Flist',
    'REQUEST_METHOD' => 'GET',
    'SERVER_PROTOCOL' => 'HTTP/1.1',
    'GATEWAY_INTERFACE' => 'CGI/1.1',
    'REMOTE_PORT' => '61963',
    'SCRIPT_FILENAME' => 'E:/www/eage/admin/web/index.php',
    'SERVER_ADMIN' => 'admin@phpStudy.net',
    'CONTEXT_DOCUMENT_ROOT' => 'E:/www/eage/admin/web',
    'CONTEXT_PREFIX' => '',
    'REQUEST_SCHEME' => 'http',
    'DOCUMENT_ROOT' => 'E:/www/eage/admin/web',
    'REMOTE_ADDR' => '127.0.0.1',
    'SERVER_PORT' => '80',
    'SERVER_ADDR' => '127.0.0.1',
    'SERVER_NAME' => 'admin.yii.cc',
    'SERVER_SOFTWARE' => 'Apache/2.4.18 (Win32) OpenSSL/1.0.2e mod_fcgid/2.3.9',
    'SERVER_SIGNATURE' => '',
    'SystemRoot' => 'C:\\Windows',
    'HTTP_ACCEPT_LANGUAGE' => 'zh-CN,zh;q=0.8',
    'HTTP_ACCEPT_ENCODING' => 'gzip, deflate, sdch',
    'HTTP_REFERER' => 'http://admin.yii.cc/index.php?r=user%2Flist',
    'HTTP_ACCEPT' => 'text/html,application/xhtml+xml,application/xml;q=0.9,image/webp,*/*;q=0.8',
    'HTTP_USER_AGENT' => 'Mozilla/5.0 (Windows NT 10.0) AppleWebKit/537.36 (KHTML, like Gecko) Chrome/57.0.2987.110 Safari/537.36',
    'HTTP_UPGRADE_INSECURE_REQUESTS' => '1',
    'HTTP_CONNECTION' => 'close',
    'HTTP_HOST' => 'admin.yii.cc',
    'FCGI_ROLE' => 'RESPONDER',
    'PHP_SELF' => '/index.php',
    'REQUEST_TIME_FLOAT' => 1490422215.4000659,
    'REQUEST_TIME' => 1490422215,
]
[25-Mar-2017 06:10:21 UTC] An Error occurred while handling another error:
yii\base\InvalidRouteException: Unable to resolve the request "admin/error". in E:\www\eage\vendor\yiisoft\yii2\base\Module.php:460
Stack trace:
#0 E:\www\eage\vendor\yiisoft\yii2\web\ErrorHandler.php(93): yii\base\Module->runAction('admin/error')
#1 E:\www\eage\vendor\yiisoft\yii2\base\ErrorHandler.php(109): yii\web\ErrorHandler->renderException(Object(yii\web\NotFoundHttpException))
#2 [internal function]: yii\base\ErrorHandler->handleException(Object(yii\web\NotFoundHttpException))
#3 {main}
Previous exception:
yii\base\InvalidRouteException: Unable to resolve the request "system/list". in E:\www\eage\vendor\yiisoft\yii2\base\Module.php:460
Stack trace:
#0 E:\www\eage\vendor\yiisoft\yii2\web\Application.php(84): yii\base\Module->runAction('system/list', Array)
#1 E:\www\eage\vendor\yiisoft\yii2\base\Application.php(376): yii\web\Application->handleRequest(Object(yii\web\Request))
#2 E:\www\eage\admin\web\index.php(24): yii\base\Application->run()
#3 {main}

Next yii\web\NotFoundHttpException: Page not found. in E:\www\eage\vendor\yiisoft\yii2\web\Application.php:96
Stack trace:
#0 E:\www\eage\vendor\yiisoft\yii2\base\Application.php(376): yii\web\Application->handleRequest(Object(yii\web\Request))
#1 E:\www\eage\admin\web\index.php(24): yii\base\Application->run()
#2 {main}
$_SERVER = [
    'PATH' => 'C:\\Windows\\system32;C:\\Windows;C:\\Windows\\System32\\Wbem;C:\\Windows\\System32\\WindowsPowerShell\\v1.0\\;D:\\phpStudy\\MySQL\\bin;D:\\phpStudy\\php55;D:\\memcache\\memcached-1.2.6-win32-bin;D:\\Git\\bin;C:\\ProgramData\\ComposerSetup\\bin;D:\\easyBackup\\AOMEI Backupper 3.5;D:\\Pthon\\Scripts\\;D:\\Pthon\\;C:\\Users\\未定义\\AppData\\Roaming\\Composer\\vendor\\bin',
    'SYSTEMROOT' => 'C:\\Windows',
    'COMSPEC' => 'C:\\Windows\\system32\\cmd.exe',
    'PATHEXT' => '.COM;.EXE;.BAT;.CMD;.VBS;.VBE;.JS;.JSE;.WSF;.WSH;.MSC',
    'WINDIR' => 'C:\\Windows',
    'PHP_FCGI_MAX_REQUESTS' => '1000',
    'PHPRC' => 'D:/phpStudy/php70n',
    '_FCGI_SHUTDOWN_EVENT_' => '2284',
    'SCRIPT_NAME' => '/index.php',
    'REQUEST_URI' => '/index.php?r=system%2Flist',
    'QUERY_STRING' => 'r=system%2Flist',
    'REQUEST_METHOD' => 'GET',
    'SERVER_PROTOCOL' => 'HTTP/1.1',
    'GATEWAY_INTERFACE' => 'CGI/1.1',
    'REMOTE_PORT' => '61979',
    'SCRIPT_FILENAME' => 'E:/www/eage/admin/web/index.php',
    'SERVER_ADMIN' => 'admin@phpStudy.net',
    'CONTEXT_DOCUMENT_ROOT' => 'E:/www/eage/admin/web',
    'CONTEXT_PREFIX' => '',
    'REQUEST_SCHEME' => 'http',
    'DOCUMENT_ROOT' => 'E:/www/eage/admin/web',
    'REMOTE_ADDR' => '127.0.0.1',
    'SERVER_PORT' => '80',
    'SERVER_ADDR' => '127.0.0.1',
    'SERVER_NAME' => 'admin.yii.cc',
    'SERVER_SOFTWARE' => 'Apache/2.4.18 (Win32) OpenSSL/1.0.2e mod_fcgid/2.3.9',
    'SERVER_SIGNATURE' => '',
    'SystemRoot' => 'C:\\Windows',
    'HTTP_ACCEPT_LANGUAGE' => 'zh-CN,zh;q=0.8',
    'HTTP_ACCEPT_ENCODING' => 'gzip, deflate, sdch',
    'HTTP_REFERER' => 'http://admin.yii.cc/index.php?r=user%2Flist',
    'HTTP_ACCEPT' => 'text/html,application/xhtml+xml,application/xml;q=0.9,image/webp,*/*;q=0.8',
    'HTTP_USER_AGENT' => 'Mozilla/5.0 (Windows NT 10.0) AppleWebKit/537.36 (KHTML, like Gecko) Chrome/57.0.2987.110 Safari/537.36',
    'HTTP_UPGRADE_INSECURE_REQUESTS' => '1',
    'HTTP_CONNECTION' => 'close',
    'HTTP_HOST' => 'admin.yii.cc',
    'FCGI_ROLE' => 'RESPONDER',
    'PHP_SELF' => '/index.php',
    'REQUEST_TIME_FLOAT' => 1490422221.7519219,
    'REQUEST_TIME' => 1490422221,
]
[25-Mar-2017 06:57:19 UTC] An Error occurred while handling another error:
yii\base\InvalidRouteException: Unable to resolve the request "admin/error". in E:\www\eage\vendor\yiisoft\yii2\base\Module.php:460
Stack trace:
#0 E:\www\eage\vendor\yiisoft\yii2\web\ErrorHandler.php(93): yii\base\Module->runAction('admin/error')
#1 E:\www\eage\vendor\yiisoft\yii2\base\ErrorHandler.php(109): yii\web\ErrorHandler->renderException(Object(yii\web\NotFoundHttpException))
#2 [internal function]: yii\base\ErrorHandler->handleException(Object(yii\web\NotFoundHttpException))
#3 {main}
Previous exception:
yii\base\InvalidRouteException: Unable to resolve the request "system/list". in E:\www\eage\vendor\yiisoft\yii2\base\Module.php:460
Stack trace:
#0 E:\www\eage\vendor\yiisoft\yii2\web\Application.php(84): yii\base\Module->runAction('system/list', Array)
#1 E:\www\eage\vendor\yiisoft\yii2\base\Application.php(376): yii\web\Application->handleRequest(Object(yii\web\Request))
#2 E:\www\eage\admin\web\index.php(24): yii\base\Application->run()
#3 {main}

Next yii\web\NotFoundHttpException: Page not found. in E:\www\eage\vendor\yiisoft\yii2\web\Application.php:96
Stack trace:
#0 E:\www\eage\vendor\yiisoft\yii2\base\Application.php(376): yii\web\Application->handleRequest(Object(yii\web\Request))
#1 E:\www\eage\admin\web\index.php(24): yii\base\Application->run()
#2 {main}
$_SERVER = [
    'PATH' => 'C:\\Windows\\system32;C:\\Windows;C:\\Windows\\System32\\Wbem;C:\\Windows\\System32\\WindowsPowerShell\\v1.0\\;D:\\phpStudy\\MySQL\\bin;D:\\phpStudy\\php55;D:\\memcache\\memcached-1.2.6-win32-bin;D:\\Git\\bin;C:\\ProgramData\\ComposerSetup\\bin;D:\\easyBackup\\AOMEI Backupper 3.5;D:\\Pthon\\Scripts\\;D:\\Pthon\\;C:\\Users\\未定义\\AppData\\Roaming\\Composer\\vendor\\bin',
    'SYSTEMROOT' => 'C:\\Windows',
    'COMSPEC' => 'C:\\Windows\\system32\\cmd.exe',
    'PATHEXT' => '.COM;.EXE;.BAT;.CMD;.VBS;.VBE;.JS;.JSE;.WSF;.WSH;.MSC',
    'WINDIR' => 'C:\\Windows',
    'PHP_FCGI_MAX_REQUESTS' => '1000',
    'PHPRC' => 'D:/phpStudy/php70n',
    '_FCGI_SHUTDOWN_EVENT_' => '2172',
    'SCRIPT_NAME' => '/index.php',
    'REQUEST_URI' => '/index.php?r=system%2Flist',
    'QUERY_STRING' => 'r=system%2Flist',
    'REQUEST_METHOD' => 'GET',
    'SERVER_PROTOCOL' => 'HTTP/1.1',
    'GATEWAY_INTERFACE' => 'CGI/1.1',
    'REMOTE_PORT' => '49432',
    'SCRIPT_FILENAME' => 'E:/www/eage/admin/web/index.php',
    'SERVER_ADMIN' => 'admin@phpStudy.net',
    'CONTEXT_DOCUMENT_ROOT' => 'E:/www/eage/admin/web',
    'CONTEXT_PREFIX' => '',
    'REQUEST_SCHEME' => 'http',
    'DOCUMENT_ROOT' => 'E:/www/eage/admin/web',
    'REMOTE_ADDR' => '127.0.0.1',
    'SERVER_PORT' => '80',
    'SERVER_ADDR' => '127.0.0.1',
    'SERVER_NAME' => 'admin.yii.cc',
    'SERVER_SOFTWARE' => 'Apache/2.4.18 (Win32) OpenSSL/1.0.2e mod_fcgid/2.3.9',
    'SERVER_SIGNATURE' => '',
    'SystemRoot' => 'C:\\Windows',
    'HTTP_ACCEPT_LANGUAGE' => 'zh-CN,zh;q=0.8',
    'HTTP_ACCEPT_ENCODING' => 'gzip, deflate, sdch',
    'HTTP_REFERER' => 'http://admin.yii.cc/index.php?r=user%2Flist',
    'HTTP_ACCEPT' => 'text/html,application/xhtml+xml,application/xml;q=0.9,image/webp,*/*;q=0.8',
    'HTTP_USER_AGENT' => 'Mozilla/5.0 (Windows NT 10.0) AppleWebKit/537.36 (KHTML, like Gecko) Chrome/57.0.2987.110 Safari/537.36',
    'HTTP_UPGRADE_INSECURE_REQUESTS' => '1',
    'HTTP_CONNECTION' => 'close',
    'HTTP_HOST' => 'admin.yii.cc',
    'FCGI_ROLE' => 'RESPONDER',
    'PHP_SELF' => '/index.php',
    'REQUEST_TIME_FLOAT' => 1490425038.880914,
    'REQUEST_TIME' => 1490425038,
]
[25-Mar-2017 06:59:08 UTC] An Error occurred while handling another error:
yii\base\InvalidRouteException: Unable to resolve the request "admin/error". in E:\www\eage\vendor\yiisoft\yii2\base\Module.php:460
Stack trace:
#0 E:\www\eage\vendor\yiisoft\yii2\web\ErrorHandler.php(93): yii\base\Module->runAction('admin/error')
#1 E:\www\eage\vendor\yiisoft\yii2\base\ErrorHandler.php(109): yii\web\ErrorHandler->renderException(Object(yii\web\NotFoundHttpException))
#2 [internal function]: yii\base\ErrorHandler->handleException(Object(yii\web\NotFoundHttpException))
#3 {main}
Previous exception:
yii\base\InvalidRouteException: Unable to resolve the request "system/list". in E:\www\eage\vendor\yiisoft\yii2\base\Module.php:460
Stack trace:
#0 E:\www\eage\vendor\yiisoft\yii2\web\Application.php(84): yii\base\Module->runAction('system/list', Array)
#1 E:\www\eage\vendor\yiisoft\yii2\base\Application.php(376): yii\web\Application->handleRequest(Object(yii\web\Request))
#2 E:\www\eage\admin\web\index.php(24): yii\base\Application->run()
#3 {main}

Next yii\web\NotFoundHttpException: Page not found. in E:\www\eage\vendor\yiisoft\yii2\web\Application.php:96
Stack trace:
#0 E:\www\eage\vendor\yiisoft\yii2\base\Application.php(376): yii\web\Application->handleRequest(Object(yii\web\Request))
#1 E:\www\eage\admin\web\index.php(24): yii\base\Application->run()
#2 {main}
$_SERVER = [
    'PATH' => 'C:\\Windows\\system32;C:\\Windows;C:\\Windows\\System32\\Wbem;C:\\Windows\\System32\\WindowsPowerShell\\v1.0\\;D:\\phpStudy\\MySQL\\bin;D:\\phpStudy\\php55;D:\\memcache\\memcached-1.2.6-win32-bin;D:\\Git\\bin;C:\\ProgramData\\ComposerSetup\\bin;D:\\easyBackup\\AOMEI Backupper 3.5;D:\\Pthon\\Scripts\\;D:\\Pthon\\;C:\\Users\\未定义\\AppData\\Roaming\\Composer\\vendor\\bin',
    'SYSTEMROOT' => 'C:\\Windows',
    'COMSPEC' => 'C:\\Windows\\system32\\cmd.exe',
    'PATHEXT' => '.COM;.EXE;.BAT;.CMD;.VBS;.VBE;.JS;.JSE;.WSF;.WSH;.MSC',
    'WINDIR' => 'C:\\Windows',
    'PHP_FCGI_MAX_REQUESTS' => '1000',
    'PHPRC' => 'D:/phpStudy/php70n',
    '_FCGI_SHUTDOWN_EVENT_' => '2172',
    'SCRIPT_NAME' => '/index.php',
    'REQUEST_URI' => '/index.php?r=system%2Flist',
    'QUERY_STRING' => 'r=system%2Flist',
    'REQUEST_METHOD' => 'GET',
    'SERVER_PROTOCOL' => 'HTTP/1.1',
    'GATEWAY_INTERFACE' => 'CGI/1.1',
    'REMOTE_PORT' => '49512',
    'SCRIPT_FILENAME' => 'E:/www/eage/admin/web/index.php',
    'SERVER_ADMIN' => 'admin@phpStudy.net',
    'CONTEXT_DOCUMENT_ROOT' => 'E:/www/eage/admin/web',
    'CONTEXT_PREFIX' => '',
    'REQUEST_SCHEME' => 'http',
    'DOCUMENT_ROOT' => 'E:/www/eage/admin/web',
    'REMOTE_ADDR' => '127.0.0.1',
    'SERVER_PORT' => '80',
    'SERVER_ADDR' => '127.0.0.1',
    'SERVER_NAME' => 'admin.yii.cc',
    'SERVER_SOFTWARE' => 'Apache/2.4.18 (Win32) OpenSSL/1.0.2e mod_fcgid/2.3.9',
    'SERVER_SIGNATURE' => '',
    'SystemRoot' => 'C:\\Windows',
    'HTTP_ACCEPT_LANGUAGE' => 'zh-CN,zh;q=0.8',
    'HTTP_ACCEPT_ENCODING' => 'gzip, deflate, sdch',
    'HTTP_REFERER' => 'http://admin.yii.cc/index.php?r=user%2Flist',
    'HTTP_ACCEPT' => 'text/html,application/xhtml+xml,application/xml;q=0.9,image/webp,*/*;q=0.8',
    'HTTP_USER_AGENT' => 'Mozilla/5.0 (Windows NT 10.0) AppleWebKit/537.36 (KHTML, like Gecko) Chrome/57.0.2987.110 Safari/537.36',
    'HTTP_UPGRADE_INSECURE_REQUESTS' => '1',
    'HTTP_CONNECTION' => 'close',
    'HTTP_HOST' => 'admin.yii.cc',
    'FCGI_ROLE' => 'RESPONDER',
    'PHP_SELF' => '/index.php',
    'REQUEST_TIME_FLOAT' => 1490425148.3915081,
    'REQUEST_TIME' => 1490425148,
]
[25-Mar-2017 07:04:20 UTC] An Error occurred while handling another error:
yii\base\InvalidRouteException: Unable to resolve the request "admin/error". in E:\www\eage\vendor\yiisoft\yii2\base\Module.php:460
Stack trace:
#0 E:\www\eage\vendor\yiisoft\yii2\web\ErrorHandler.php(93): yii\base\Module->runAction('admin/error')
#1 E:\www\eage\vendor\yiisoft\yii2\base\ErrorHandler.php(109): yii\web\ErrorHandler->renderException(Object(yii\web\NotFoundHttpException))
#2 [internal function]: yii\base\ErrorHandler->handleException(Object(yii\web\NotFoundHttpException))
#3 {main}
Previous exception:
yii\base\InvalidRouteException: Unable to resolve the request "system/list". in E:\www\eage\vendor\yiisoft\yii2\base\Module.php:460
Stack trace:
#0 E:\www\eage\vendor\yiisoft\yii2\web\Application.php(84): yii\base\Module->runAction('system/list', Array)
#1 E:\www\eage\vendor\yiisoft\yii2\base\Application.php(376): yii\web\Application->handleRequest(Object(yii\web\Request))
#2 E:\www\eage\admin\web\index.php(24): yii\base\Application->run()
#3 {main}

Next yii\web\NotFoundHttpException: Page not found. in E:\www\eage\vendor\yiisoft\yii2\web\Application.php:96
Stack trace:
#0 E:\www\eage\vendor\yiisoft\yii2\base\Application.php(376): yii\web\Application->handleRequest(Object(yii\web\Request))
#1 E:\www\eage\admin\web\index.php(24): yii\base\Application->run()
#2 {main}
$_SERVER = [
    'PATH' => 'C:\\Windows\\system32;C:\\Windows;C:\\Windows\\System32\\Wbem;C:\\Windows\\System32\\WindowsPowerShell\\v1.0\\;D:\\phpStudy\\MySQL\\bin;D:\\phpStudy\\php55;D:\\memcache\\memcached-1.2.6-win32-bin;D:\\Git\\bin;C:\\ProgramData\\ComposerSetup\\bin;D:\\easyBackup\\AOMEI Backupper 3.5;D:\\Pthon\\Scripts\\;D:\\Pthon\\;C:\\Users\\未定义\\AppData\\Roaming\\Composer\\vendor\\bin',
    'SYSTEMROOT' => 'C:\\Windows',
    'COMSPEC' => 'C:\\Windows\\system32\\cmd.exe',
    'PATHEXT' => '.COM;.EXE;.BAT;.CMD;.VBS;.VBE;.JS;.JSE;.WSF;.WSH;.MSC',
    'WINDIR' => 'C:\\Windows',
    'PHP_FCGI_MAX_REQUESTS' => '1000',
    'PHPRC' => 'D:/phpStudy/php70n',
    '_FCGI_SHUTDOWN_EVENT_' => '2172',
    'SCRIPT_NAME' => '/index.php',
    'REQUEST_URI' => '/index.php?r=system%2Flist',
    'QUERY_STRING' => 'r=system%2Flist',
    'REQUEST_METHOD' => 'GET',
    'SERVER_PROTOCOL' => 'HTTP/1.1',
    'GATEWAY_INTERFACE' => 'CGI/1.1',
    'REMOTE_PORT' => '49906',
    'SCRIPT_FILENAME' => 'E:/www/eage/admin/web/index.php',
    'SERVER_ADMIN' => 'admin@phpStudy.net',
    'CONTEXT_DOCUMENT_ROOT' => 'E:/www/eage/admin/web',
    'CONTEXT_PREFIX' => '',
    'REQUEST_SCHEME' => 'http',
    'DOCUMENT_ROOT' => 'E:/www/eage/admin/web',
    'REMOTE_ADDR' => '127.0.0.1',
    'SERVER_PORT' => '80',
    'SERVER_ADDR' => '127.0.0.1',
    'SERVER_NAME' => 'admin.yii.cc',
    'SERVER_SOFTWARE' => 'Apache/2.4.18 (Win32) OpenSSL/1.0.2e mod_fcgid/2.3.9',
    'SERVER_SIGNATURE' => '',
    'SystemRoot' => 'C:\\Windows',
    'HTTP_ACCEPT_LANGUAGE' => 'zh-CN,zh;q=0.8',
    'HTTP_ACCEPT_ENCODING' => 'gzip, deflate, sdch',
    'HTTP_REFERER' => 'http://admin.yii.cc/index.php?r=user%2Flist',
    'HTTP_ACCEPT' => 'text/html,application/xhtml+xml,application/xml;q=0.9,image/webp,*/*;q=0.8',
    'HTTP_USER_AGENT' => 'Mozilla/5.0 (Windows NT 10.0) AppleWebKit/537.36 (KHTML, like Gecko) Chrome/57.0.2987.110 Safari/537.36',
    'HTTP_UPGRADE_INSECURE_REQUESTS' => '1',
    'HTTP_CONNECTION' => 'close',
    'HTTP_HOST' => 'admin.yii.cc',
    'FCGI_ROLE' => 'RESPONDER',
    'PHP_SELF' => '/index.php',
    'REQUEST_TIME_FLOAT' => 1490425460.7649691,
    'REQUEST_TIME' => 1490425460,
]
[25-Mar-2017 07:14:17 UTC] An Error occurred while handling another error:
yii\base\InvalidRouteException: Unable to resolve the request "admin/error". in E:\www\eage\vendor\yiisoft\yii2\base\Module.php:460
Stack trace:
#0 E:\www\eage\vendor\yiisoft\yii2\web\ErrorHandler.php(93): yii\base\Module->runAction('admin/error')
#1 E:\www\eage\vendor\yiisoft\yii2\base\ErrorHandler.php(109): yii\web\ErrorHandler->renderException(Object(yii\web\NotFoundHttpException))
#2 [internal function]: yii\base\ErrorHandler->handleException(Object(yii\web\NotFoundHttpException))
#3 {main}
Previous exception:
yii\base\InvalidRouteException: Unable to resolve the request "system/list". in E:\www\eage\vendor\yiisoft\yii2\base\Module.php:460
Stack trace:
#0 E:\www\eage\vendor\yiisoft\yii2\web\Application.php(84): yii\base\Module->runAction('system/list', Array)
#1 E:\www\eage\vendor\yiisoft\yii2\base\Application.php(376): yii\web\Application->handleRequest(Object(yii\web\Request))
#2 E:\www\eage\admin\web\index.php(24): yii\base\Application->run()
#3 {main}

Next yii\web\NotFoundHttpException: Page not found. in E:\www\eage\vendor\yiisoft\yii2\web\Application.php:96
Stack trace:
#0 E:\www\eage\vendor\yiisoft\yii2\base\Application.php(376): yii\web\Application->handleRequest(Object(yii\web\Request))
#1 E:\www\eage\admin\web\index.php(24): yii\base\Application->run()
#2 {main}
$_SERVER = [
    'PATH' => 'C:\\Windows\\system32;C:\\Windows;C:\\Windows\\System32\\Wbem;C:\\Windows\\System32\\WindowsPowerShell\\v1.0\\;D:\\phpStudy\\MySQL\\bin;D:\\phpStudy\\php55;D:\\memcache\\memcached-1.2.6-win32-bin;D:\\Git\\bin;C:\\ProgramData\\ComposerSetup\\bin;D:\\easyBackup\\AOMEI Backupper 3.5;D:\\Pthon\\Scripts\\;D:\\Pthon\\;C:\\Users\\未定义\\AppData\\Roaming\\Composer\\vendor\\bin',
    'SYSTEMROOT' => 'C:\\Windows',
    'COMSPEC' => 'C:\\Windows\\system32\\cmd.exe',
    'PATHEXT' => '.COM;.EXE;.BAT;.CMD;.VBS;.VBE;.JS;.JSE;.WSF;.WSH;.MSC',
    'WINDIR' => 'C:\\Windows',
    'PHP_FCGI_MAX_REQUESTS' => '1000',
    'PHPRC' => 'D:/phpStudy/php70n',
    '_FCGI_SHUTDOWN_EVENT_' => '2176',
    'SCRIPT_NAME' => '/index.php',
    'REQUEST_URI' => '/index.php?r=system%2Flist',
    'QUERY_STRING' => 'r=system%2Flist',
    'REQUEST_METHOD' => 'GET',
    'SERVER_PROTOCOL' => 'HTTP/1.1',
    'GATEWAY_INTERFACE' => 'CGI/1.1',
    'REMOTE_PORT' => '50501',
    'SCRIPT_FILENAME' => 'E:/www/eage/admin/web/index.php',
    'SERVER_ADMIN' => 'admin@phpStudy.net',
    'CONTEXT_DOCUMENT_ROOT' => 'E:/www/eage/admin/web',
    'CONTEXT_PREFIX' => '',
    'REQUEST_SCHEME' => 'http',
    'DOCUMENT_ROOT' => 'E:/www/eage/admin/web',
    'REMOTE_ADDR' => '127.0.0.1',
    'SERVER_PORT' => '80',
    'SERVER_ADDR' => '127.0.0.1',
    'SERVER_NAME' => 'admin.yii.cc',
    'SERVER_SOFTWARE' => 'Apache/2.4.18 (Win32) OpenSSL/1.0.2e mod_fcgid/2.3.9',
    'SERVER_SIGNATURE' => '',
    'SystemRoot' => 'C:\\Windows',
    'HTTP_ACCEPT_LANGUAGE' => 'zh-CN,zh;q=0.8',
    'HTTP_ACCEPT_ENCODING' => 'gzip, deflate, sdch',
    'HTTP_REFERER' => 'http://admin.yii.cc/index.php?r=user%2Flist',
    'HTTP_ACCEPT' => 'text/html,application/xhtml+xml,application/xml;q=0.9,image/webp,*/*;q=0.8',
    'HTTP_USER_AGENT' => 'Mozilla/5.0 (Windows NT 10.0) AppleWebKit/537.36 (KHTML, like Gecko) Chrome/57.0.2987.110 Safari/537.36',
    'HTTP_UPGRADE_INSECURE_REQUESTS' => '1',
    'HTTP_CONNECTION' => 'close',
    'HTTP_HOST' => 'admin.yii.cc',
    'FCGI_ROLE' => 'RESPONDER',
    'PHP_SELF' => '/index.php',
    'REQUEST_TIME_FLOAT' => 1490426057.139647,
    'REQUEST_TIME' => 1490426057,
]
