2016-11-24 18:06:07 [::1][-][-][error][error] test log 
2016-11-24 18:06:07 [::1][-][-][info][application] $_COOKIE = [
    'PHPSESSID' => '8hmfrdhfpl3pga98vk1fc11245'
    'frontend' => 'l5i5u6rk4264psflq6bcrs4s87'
    '_csrf-frontend' => 'b4c5dc09e107a25b59b6a4e9b82ae5dc9ead71878918542ada344db8735d8b59a:2:{i:0;s:14:\"_csrf-frontend\";i:1;s:32:\"2Aw7Z_jPWGetGiGvNRfcPZvMETeSZLXI\";}'
]

$_SESSION = [
    '__flash' => []
]

$_SERVER = [
    'HTTP_HOST' => 'localhost'
    'HTTP_CONNECTION' => 'keep-alive'
    'HTTP_CACHE_CONTROL' => 'max-age=0'
    'HTTP_UPGRADE_INSECURE_REQUESTS' => '1'
    'HTTP_USER_AGENT' => 'Mozilla/5.0 (Windows NT 10.0; WOW64) AppleWebKit/537.36 (KHTML, like Gecko) Chrome/54.0.2840.99 Safari/537.36'
    'HTTP_ACCEPT' => 'text/html,application/xhtml+xml,application/xml;q=0.9,image/webp,*/*;q=0.8'
    'HTTP_ACCEPT_ENCODING' => 'gzip, deflate, sdch, br'
    'HTTP_ACCEPT_LANGUAGE' => 'zh-CN,zh;q=0.8'
    'HTTP_COOKIE' => 'PHPSESSID=8hmfrdhfpl3pga98vk1fc11245; frontend=l5i5u6rk4264psflq6bcrs4s87; _csrf-frontend=b4c5dc09e107a25b59b6a4e9b82ae5dc9ead71878918542ada344db8735d8b59a%3A2%3A%7Bi%3A0%3Bs%3A14%3A%22_csrf-frontend%22%3Bi%3A1%3Bs%3A32%3A%222Aw7Z_jPWGetGiGvNRfcPZvMETeSZLXI%22%3B%7D'
    'PATH' => 'C:\\Program Files (x86)\\Intel\\iCLS Client\\;C:\\Program Files\\Intel\\iCLS Client\\;C:\\Windows\\system32;C:\\Windows;C:\\Windows\\System32\\Wbem;C:\\Windows\\System32\\WindowsPowerShell\\v1.0\\;C:\\Program Files (x86)\\Intel\\Intel(R) Management Engine Components\\DAL;C:\\Program Files\\Intel\\Intel(R) Management Engine Components\\DAL;C:\\Program Files (x86)\\Intel\\Intel(R) Management Engine Components\\IPT;C:\\Program Files\\Intel\\Intel(R) Management Engine Components\\IPT;D:\\software\\phpstudy\\MySQL\\bin;C:\\Program Files\\Git\\cmd;C:\\ProgramData\\Microsoft\\Windows\\Start Menu\\Programs\\Git;D:\\software\\phpstudy\\php55;C:\\ProgramData\\ComposerSetup\\bin;C:\\Program Files (x86)\\OpenSSH\\bin;D:\\software\\TortoiseSVN\\bin;D:\\software\\TortoiseSVN\\cmdTool\\bin;C:\\Program Files (x86)\\VanDyke Software\\Clients\\;D:\\software\\nginx-1.11.5;C:\\Users\\未定义\\AppData\\Roaming\\Composer\\vendor\\bin;C:\\Program Files (x86)\\VanDyke Software\\Clients\\'
    'SystemRoot' => 'C:\\Windows'
    'COMSPEC' => 'C:\\Windows\\system32\\cmd.exe'
    'PATHEXT' => '.COM;.EXE;.BAT;.CMD;.VBS;.VBE;.JS;.JSE;.WSF;.WSH;.MSC'
    'WINDIR' => 'C:\\Windows'
    'SERVER_SIGNATURE' => ''
    'SERVER_SOFTWARE' => 'Apache/2.4.18 (Win32) OpenSSL/1.0.2e PHP/5.5.30'
    'SERVER_NAME' => 'localhost'
    'SERVER_ADDR' => '::1'
    'SERVER_PORT' => '80'
    'REMOTE_ADDR' => '::1'
    'DOCUMENT_ROOT' => 'D:/www'
    'REQUEST_SCHEME' => 'http'
    'CONTEXT_PREFIX' => ''
    'CONTEXT_DOCUMENT_ROOT' => 'D:/www'
    'SERVER_ADMIN' => 'admin@phpStudy.net'
    'SCRIPT_FILENAME' => 'D:/www/eage/admin/web/index.php'
    'REMOTE_PORT' => '55668'
    'GATEWAY_INTERFACE' => 'CGI/1.1'
    'SERVER_PROTOCOL' => 'HTTP/1.1'
    'REQUEST_METHOD' => 'GET'
    'QUERY_STRING' => ''
    'REQUEST_URI' => '/eage/admin/web/'
    'SCRIPT_NAME' => '/eage/admin/web/index.php'
    'PHP_SELF' => '/eage/admin/web/index.php'
    'REQUEST_TIME_FLOAT' => 1479981967.023
    'REQUEST_TIME' => 1479981967
]
2016-11-24 18:08:30 [::1][-][-][error][error] test log 
2016-11-24 18:08:30 [::1][-][-][info][application] $_COOKIE = [
    'PHPSESSID' => '8hmfrdhfpl3pga98vk1fc11245'
    'frontend' => 'l5i5u6rk4264psflq6bcrs4s87'
    '_csrf-frontend' => 'b4c5dc09e107a25b59b6a4e9b82ae5dc9ead71878918542ada344db8735d8b59a:2:{i:0;s:14:\"_csrf-frontend\";i:1;s:32:\"2Aw7Z_jPWGetGiGvNRfcPZvMETeSZLXI\";}'
]

$_SESSION = [
    '__flash' => []
    '__captcha/site/captcha' => 'mobalu'
    '__captcha/site/captchacount' => 1
]

$_SERVER = [
    'HTTP_HOST' => 'localhost'
    'HTTP_CONNECTION' => 'keep-alive'
    'HTTP_UPGRADE_INSECURE_REQUESTS' => '1'
    'HTTP_USER_AGENT' => 'Mozilla/5.0 (Windows NT 10.0; WOW64) AppleWebKit/537.36 (KHTML, like Gecko) Chrome/54.0.2840.99 Safari/537.36'
    'HTTP_ACCEPT' => 'text/html,application/xhtml+xml,application/xml;q=0.9,image/webp,*/*;q=0.8'
    'HTTP_ACCEPT_ENCODING' => 'gzip, deflate, sdch, br'
    'HTTP_ACCEPT_LANGUAGE' => 'zh-CN,zh;q=0.8'
    'HTTP_COOKIE' => 'PHPSESSID=8hmfrdhfpl3pga98vk1fc11245; frontend=l5i5u6rk4264psflq6bcrs4s87; _csrf-frontend=b4c5dc09e107a25b59b6a4e9b82ae5dc9ead71878918542ada344db8735d8b59a%3A2%3A%7Bi%3A0%3Bs%3A14%3A%22_csrf-frontend%22%3Bi%3A1%3Bs%3A32%3A%222Aw7Z_jPWGetGiGvNRfcPZvMETeSZLXI%22%3B%7D'
    'PATH' => 'C:\\Program Files (x86)\\Intel\\iCLS Client\\;C:\\Program Files\\Intel\\iCLS Client\\;C:\\Windows\\system32;C:\\Windows;C:\\Windows\\System32\\Wbem;C:\\Windows\\System32\\WindowsPowerShell\\v1.0\\;C:\\Program Files (x86)\\Intel\\Intel(R) Management Engine Components\\DAL;C:\\Program Files\\Intel\\Intel(R) Management Engine Components\\DAL;C:\\Program Files (x86)\\Intel\\Intel(R) Management Engine Components\\IPT;C:\\Program Files\\Intel\\Intel(R) Management Engine Components\\IPT;D:\\software\\phpstudy\\MySQL\\bin;C:\\Program Files\\Git\\cmd;C:\\ProgramData\\Microsoft\\Windows\\Start Menu\\Programs\\Git;D:\\software\\phpstudy\\php55;C:\\ProgramData\\ComposerSetup\\bin;C:\\Program Files (x86)\\OpenSSH\\bin;D:\\software\\TortoiseSVN\\bin;D:\\software\\TortoiseSVN\\cmdTool\\bin;C:\\Program Files (x86)\\VanDyke Software\\Clients\\;D:\\software\\nginx-1.11.5;C:\\Users\\未定义\\AppData\\Roaming\\Composer\\vendor\\bin;C:\\Program Files (x86)\\VanDyke Software\\Clients\\'
    'SystemRoot' => 'C:\\Windows'
    'COMSPEC' => 'C:\\Windows\\system32\\cmd.exe'
    'PATHEXT' => '.COM;.EXE;.BAT;.CMD;.VBS;.VBE;.JS;.JSE;.WSF;.WSH;.MSC'
    'WINDIR' => 'C:\\Windows'
    'SERVER_SIGNATURE' => ''
    'SERVER_SOFTWARE' => 'Apache/2.4.18 (Win32) OpenSSL/1.0.2e PHP/5.5.30'
    'SERVER_NAME' => 'localhost'
    'SERVER_ADDR' => '::1'
    'SERVER_PORT' => '80'
    'REMOTE_ADDR' => '::1'
    'DOCUMENT_ROOT' => 'D:/www'
    'REQUEST_SCHEME' => 'http'
    'CONTEXT_PREFIX' => ''
    'CONTEXT_DOCUMENT_ROOT' => 'D:/www'
    'SERVER_ADMIN' => 'admin@phpStudy.net'
    'SCRIPT_FILENAME' => 'D:/www/eage/admin/web/index.php'
    'REMOTE_PORT' => '55729'
    'GATEWAY_INTERFACE' => 'CGI/1.1'
    'SERVER_PROTOCOL' => 'HTTP/1.1'
    'REQUEST_METHOD' => 'GET'
    'QUERY_STRING' => ''
    'REQUEST_URI' => '/eage/admin/web/'
    'SCRIPT_NAME' => '/eage/admin/web/index.php'
    'PHP_SELF' => '/eage/admin/web/index.php'
    'REQUEST_TIME_FLOAT' => 1479982110.709
    'REQUEST_TIME' => 1479982110
]
2016-11-24 18:08:36 [::1][-][-][error][error] test log 
2016-11-24 18:08:36 [::1][-][-][info][application] $_COOKIE = [
    'PHPSESSID' => '8hmfrdhfpl3pga98vk1fc11245'
    'frontend' => 'l5i5u6rk4264psflq6bcrs4s87'
    '_csrf-frontend' => 'b4c5dc09e107a25b59b6a4e9b82ae5dc9ead71878918542ada344db8735d8b59a:2:{i:0;s:14:\"_csrf-frontend\";i:1;s:32:\"2Aw7Z_jPWGetGiGvNRfcPZvMETeSZLXI\";}'
]

$_SESSION = [
    '__flash' => []
    '__captcha/site/captcha' => 'mobalu'
    '__captcha/site/captchacount' => 1
]

$_SERVER = [
    'HTTP_HOST' => 'localhost'
    'HTTP_CONNECTION' => 'keep-alive'
    'HTTP_CACHE_CONTROL' => 'max-age=0'
    'HTTP_UPGRADE_INSECURE_REQUESTS' => '1'
    'HTTP_USER_AGENT' => 'Mozilla/5.0 (Windows NT 10.0; WOW64) AppleWebKit/537.36 (KHTML, like Gecko) Chrome/54.0.2840.99 Safari/537.36'
    'HTTP_ACCEPT' => 'text/html,application/xhtml+xml,application/xml;q=0.9,image/webp,*/*;q=0.8'
    'HTTP_ACCEPT_ENCODING' => 'gzip, deflate, sdch, br'
    'HTTP_ACCEPT_LANGUAGE' => 'zh-CN,zh;q=0.8'
    'HTTP_COOKIE' => 'PHPSESSID=8hmfrdhfpl3pga98vk1fc11245; frontend=l5i5u6rk4264psflq6bcrs4s87; _csrf-frontend=b4c5dc09e107a25b59b6a4e9b82ae5dc9ead71878918542ada344db8735d8b59a%3A2%3A%7Bi%3A0%3Bs%3A14%3A%22_csrf-frontend%22%3Bi%3A1%3Bs%3A32%3A%222Aw7Z_jPWGetGiGvNRfcPZvMETeSZLXI%22%3B%7D'
    'PATH' => 'C:\\Program Files (x86)\\Intel\\iCLS Client\\;C:\\Program Files\\Intel\\iCLS Client\\;C:\\Windows\\system32;C:\\Windows;C:\\Windows\\System32\\Wbem;C:\\Windows\\System32\\WindowsPowerShell\\v1.0\\;C:\\Program Files (x86)\\Intel\\Intel(R) Management Engine Components\\DAL;C:\\Program Files\\Intel\\Intel(R) Management Engine Components\\DAL;C:\\Program Files (x86)\\Intel\\Intel(R) Management Engine Components\\IPT;C:\\Program Files\\Intel\\Intel(R) Management Engine Components\\IPT;D:\\software\\phpstudy\\MySQL\\bin;C:\\Program Files\\Git\\cmd;C:\\ProgramData\\Microsoft\\Windows\\Start Menu\\Programs\\Git;D:\\software\\phpstudy\\php55;C:\\ProgramData\\ComposerSetup\\bin;C:\\Program Files (x86)\\OpenSSH\\bin;D:\\software\\TortoiseSVN\\bin;D:\\software\\TortoiseSVN\\cmdTool\\bin;C:\\Program Files (x86)\\VanDyke Software\\Clients\\;D:\\software\\nginx-1.11.5;C:\\Users\\未定义\\AppData\\Roaming\\Composer\\vendor\\bin;C:\\Program Files (x86)\\VanDyke Software\\Clients\\'
    'SystemRoot' => 'C:\\Windows'
    'COMSPEC' => 'C:\\Windows\\system32\\cmd.exe'
    'PATHEXT' => '.COM;.EXE;.BAT;.CMD;.VBS;.VBE;.JS;.JSE;.WSF;.WSH;.MSC'
    'WINDIR' => 'C:\\Windows'
    'SERVER_SIGNATURE' => ''
    'SERVER_SOFTWARE' => 'Apache/2.4.18 (Win32) OpenSSL/1.0.2e PHP/5.5.30'
    'SERVER_NAME' => 'localhost'
    'SERVER_ADDR' => '::1'
    'SERVER_PORT' => '80'
    'REMOTE_ADDR' => '::1'
    'DOCUMENT_ROOT' => 'D:/www'
    'REQUEST_SCHEME' => 'http'
    'CONTEXT_PREFIX' => ''
    'CONTEXT_DOCUMENT_ROOT' => 'D:/www'
    'SERVER_ADMIN' => 'admin@phpStudy.net'
    'SCRIPT_FILENAME' => 'D:/www/eage/admin/web/index.php'
    'REMOTE_PORT' => '55730'
    'GATEWAY_INTERFACE' => 'CGI/1.1'
    'SERVER_PROTOCOL' => 'HTTP/1.1'
    'REQUEST_METHOD' => 'GET'
    'QUERY_STRING' => ''
    'REQUEST_URI' => '/eage/admin/web/'
    'SCRIPT_NAME' => '/eage/admin/web/index.php'
    'PHP_SELF' => '/eage/admin/web/index.php'
    'REQUEST_TIME_FLOAT' => 1479982116.798
    'REQUEST_TIME' => 1479982116
]
2016-11-24 18:09:08 [::1][-][-][error][error] test log 
2016-11-24 18:09:08 [::1][-][-][info][application] $_GET = [
    'r' => 'site/index'
]

$_COOKIE = [
    'PHPSESSID' => '8hmfrdhfpl3pga98vk1fc11245'
    'frontend' => 'l5i5u6rk4264psflq6bcrs4s87'
    '_csrf-frontend' => 'b4c5dc09e107a25b59b6a4e9b82ae5dc9ead71878918542ada344db8735d8b59a:2:{i:0;s:14:\"_csrf-frontend\";i:1;s:32:\"2Aw7Z_jPWGetGiGvNRfcPZvMETeSZLXI\";}'
]

$_SESSION = [
    '__flash' => []
    '__captcha/site/captcha' => 'mobalu'
    '__captcha/site/captchacount' => 1
]

$_SERVER = [
    'HTTP_HOST' => 'localhost'
    'HTTP_CONNECTION' => 'keep-alive'
    'HTTP_UPGRADE_INSECURE_REQUESTS' => '1'
    'HTTP_USER_AGENT' => 'Mozilla/5.0 (Windows NT 10.0; WOW64) AppleWebKit/537.36 (KHTML, like Gecko) Chrome/54.0.2840.99 Safari/537.36'
    'HTTP_ACCEPT' => 'text/html,application/xhtml+xml,application/xml;q=0.9,image/webp,*/*;q=0.8'
    'HTTP_REFERER' => 'http://localhost/eage/admin/web/index.php?r=site%2Fabout'
    'HTTP_ACCEPT_ENCODING' => 'gzip, deflate, sdch, br'
    'HTTP_ACCEPT_LANGUAGE' => 'zh-CN,zh;q=0.8'
    'HTTP_COOKIE' => 'PHPSESSID=8hmfrdhfpl3pga98vk1fc11245; frontend=l5i5u6rk4264psflq6bcrs4s87; _csrf-frontend=b4c5dc09e107a25b59b6a4e9b82ae5dc9ead71878918542ada344db8735d8b59a%3A2%3A%7Bi%3A0%3Bs%3A14%3A%22_csrf-frontend%22%3Bi%3A1%3Bs%3A32%3A%222Aw7Z_jPWGetGiGvNRfcPZvMETeSZLXI%22%3B%7D'
    'PATH' => 'C:\\Program Files (x86)\\Intel\\iCLS Client\\;C:\\Program Files\\Intel\\iCLS Client\\;C:\\Windows\\system32;C:\\Windows;C:\\Windows\\System32\\Wbem;C:\\Windows\\System32\\WindowsPowerShell\\v1.0\\;C:\\Program Files (x86)\\Intel\\Intel(R) Management Engine Components\\DAL;C:\\Program Files\\Intel\\Intel(R) Management Engine Components\\DAL;C:\\Program Files (x86)\\Intel\\Intel(R) Management Engine Components\\IPT;C:\\Program Files\\Intel\\Intel(R) Management Engine Components\\IPT;D:\\software\\phpstudy\\MySQL\\bin;C:\\Program Files\\Git\\cmd;C:\\ProgramData\\Microsoft\\Windows\\Start Menu\\Programs\\Git;D:\\software\\phpstudy\\php55;C:\\ProgramData\\ComposerSetup\\bin;C:\\Program Files (x86)\\OpenSSH\\bin;D:\\software\\TortoiseSVN\\bin;D:\\software\\TortoiseSVN\\cmdTool\\bin;C:\\Program Files (x86)\\VanDyke Software\\Clients\\;D:\\software\\nginx-1.11.5;C:\\Users\\未定义\\AppData\\Roaming\\Composer\\vendor\\bin;C:\\Program Files (x86)\\VanDyke Software\\Clients\\'
    'SystemRoot' => 'C:\\Windows'
    'COMSPEC' => 'C:\\Windows\\system32\\cmd.exe'
    'PATHEXT' => '.COM;.EXE;.BAT;.CMD;.VBS;.VBE;.JS;.JSE;.WSF;.WSH;.MSC'
    'WINDIR' => 'C:\\Windows'
    'SERVER_SIGNATURE' => ''
    'SERVER_SOFTWARE' => 'Apache/2.4.18 (Win32) OpenSSL/1.0.2e PHP/5.5.30'
    'SERVER_NAME' => 'localhost'
    'SERVER_ADDR' => '::1'
    'SERVER_PORT' => '80'
    'REMOTE_ADDR' => '::1'
    'DOCUMENT_ROOT' => 'D:/www'
    'REQUEST_SCHEME' => 'http'
    'CONTEXT_PREFIX' => ''
    'CONTEXT_DOCUMENT_ROOT' => 'D:/www'
    'SERVER_ADMIN' => 'admin@phpStudy.net'
    'SCRIPT_FILENAME' => 'D:/www/eage/admin/web/index.php'
    'REMOTE_PORT' => '55747'
    'GATEWAY_INTERFACE' => 'CGI/1.1'
    'SERVER_PROTOCOL' => 'HTTP/1.1'
    'REQUEST_METHOD' => 'GET'
    'QUERY_STRING' => 'r=site%2Findex'
    'REQUEST_URI' => '/eage/admin/web/index.php?r=site%2Findex'
    'SCRIPT_NAME' => '/eage/admin/web/index.php'
    'PHP_SELF' => '/eage/admin/web/index.php'
    'REQUEST_TIME_FLOAT' => 1479982148.048
    'REQUEST_TIME' => 1479982148
]
2016-11-24 18:12:52 [::1][-][-][error][error] test log 
2016-11-24 18:12:52 [::1][-][-][info][application] $_GET = [
    'r' => 'site/index'
]

$_COOKIE = [
    'PHPSESSID' => '8hmfrdhfpl3pga98vk1fc11245'
    'frontend' => 'l5i5u6rk4264psflq6bcrs4s87'
    '_csrf-frontend' => 'b4c5dc09e107a25b59b6a4e9b82ae5dc9ead71878918542ada344db8735d8b59a:2:{i:0;s:14:\"_csrf-frontend\";i:1;s:32:\"2Aw7Z_jPWGetGiGvNRfcPZvMETeSZLXI\";}'
]

$_SERVER = [
    'HTTP_HOST' => 'localhost'
    'HTTP_CONNECTION' => 'keep-alive'
    'HTTP_UPGRADE_INSECURE_REQUESTS' => '1'
    'HTTP_USER_AGENT' => 'Mozilla/5.0 (Windows NT 10.0; WOW64) AppleWebKit/537.36 (KHTML, like Gecko) Chrome/54.0.2840.99 Safari/537.36'
    'HTTP_ACCEPT' => 'text/html,application/xhtml+xml,application/xml;q=0.9,image/webp,*/*;q=0.8'
    'HTTP_REFERER' => 'http://localhost/eage/admin/web/index.php?r=site%2Fsignup'
    'HTTP_ACCEPT_ENCODING' => 'gzip, deflate, sdch, br'
    'HTTP_ACCEPT_LANGUAGE' => 'zh-CN,zh;q=0.8'
    'HTTP_COOKIE' => 'PHPSESSID=8hmfrdhfpl3pga98vk1fc11245; frontend=l5i5u6rk4264psflq6bcrs4s87; _csrf-frontend=b4c5dc09e107a25b59b6a4e9b82ae5dc9ead71878918542ada344db8735d8b59a%3A2%3A%7Bi%3A0%3Bs%3A14%3A%22_csrf-frontend%22%3Bi%3A1%3Bs%3A32%3A%222Aw7Z_jPWGetGiGvNRfcPZvMETeSZLXI%22%3B%7D'
    'PATH' => 'C:\\Program Files (x86)\\Intel\\iCLS Client\\;C:\\Program Files\\Intel\\iCLS Client\\;C:\\Windows\\system32;C:\\Windows;C:\\Windows\\System32\\Wbem;C:\\Windows\\System32\\WindowsPowerShell\\v1.0\\;C:\\Program Files (x86)\\Intel\\Intel(R) Management Engine Components\\DAL;C:\\Program Files\\Intel\\Intel(R) Management Engine Components\\DAL;C:\\Program Files (x86)\\Intel\\Intel(R) Management Engine Components\\IPT;C:\\Program Files\\Intel\\Intel(R) Management Engine Components\\IPT;D:\\software\\phpstudy\\MySQL\\bin;C:\\Program Files\\Git\\cmd;C:\\ProgramData\\Microsoft\\Windows\\Start Menu\\Programs\\Git;D:\\software\\phpstudy\\php55;C:\\ProgramData\\ComposerSetup\\bin;C:\\Program Files (x86)\\OpenSSH\\bin;D:\\software\\TortoiseSVN\\bin;D:\\software\\TortoiseSVN\\cmdTool\\bin;C:\\Program Files (x86)\\VanDyke Software\\Clients\\;D:\\software\\nginx-1.11.5;C:\\Users\\未定义\\AppData\\Roaming\\Composer\\vendor\\bin;C:\\Program Files (x86)\\VanDyke Software\\Clients\\'
    'SystemRoot' => 'C:\\Windows'
    'COMSPEC' => 'C:\\Windows\\system32\\cmd.exe'
    'PATHEXT' => '.COM;.EXE;.BAT;.CMD;.VBS;.VBE;.JS;.JSE;.WSF;.WSH;.MSC'
    'WINDIR' => 'C:\\Windows'
    'SERVER_SIGNATURE' => ''
    'SERVER_SOFTWARE' => 'Apache/2.4.18 (Win32) OpenSSL/1.0.2e PHP/5.5.30'
    'SERVER_NAME' => 'localhost'
    'SERVER_ADDR' => '::1'
    'SERVER_PORT' => '80'
    'REMOTE_ADDR' => '::1'
    'DOCUMENT_ROOT' => 'D:/www'
    'REQUEST_SCHEME' => 'http'
    'CONTEXT_PREFIX' => ''
    'CONTEXT_DOCUMENT_ROOT' => 'D:/www'
    'SERVER_ADMIN' => 'admin@phpStudy.net'
    'SCRIPT_FILENAME' => 'D:/www/eage/admin/web/index.php'
    'REMOTE_PORT' => '55842'
    'GATEWAY_INTERFACE' => 'CGI/1.1'
    'SERVER_PROTOCOL' => 'HTTP/1.1'
    'REQUEST_METHOD' => 'GET'
    'QUERY_STRING' => 'r=site%2Findex'
    'REQUEST_URI' => '/eage/admin/web/index.php?r=site%2Findex'
    'SCRIPT_NAME' => '/eage/admin/web/index.php'
    'PHP_SELF' => '/eage/admin/web/index.php'
    'REQUEST_TIME_FLOAT' => 1479982372.308
    'REQUEST_TIME' => 1479982372
]
2016-11-24 18:13:50 [::1][-][-][error][error] test log 
2016-11-24 18:13:50 [::1][-][-][info][application] $_GET = [
    'r' => 'site/index'
]

$_COOKIE = [
    'PHPSESSID' => '8hmfrdhfpl3pga98vk1fc11245'
    'frontend' => 'l5i5u6rk4264psflq6bcrs4s87'
    '_csrf-frontend' => 'b4c5dc09e107a25b59b6a4e9b82ae5dc9ead71878918542ada344db8735d8b59a:2:{i:0;s:14:\"_csrf-frontend\";i:1;s:32:\"2Aw7Z_jPWGetGiGvNRfcPZvMETeSZLXI\";}'
]

$_SERVER = [
    'HTTP_HOST' => 'localhost'
    'HTTP_CONNECTION' => 'keep-alive'
    'HTTP_CACHE_CONTROL' => 'max-age=0'
    'HTTP_UPGRADE_INSECURE_REQUESTS' => '1'
    'HTTP_USER_AGENT' => 'Mozilla/5.0 (Windows NT 10.0; WOW64) AppleWebKit/537.36 (KHTML, like Gecko) Chrome/54.0.2840.99 Safari/537.36'
    'HTTP_ACCEPT' => 'text/html,application/xhtml+xml,application/xml;q=0.9,image/webp,*/*;q=0.8'
    'HTTP_REFERER' => 'http://localhost/eage/admin/web/index.php?r=site%2Fsignup'
    'HTTP_ACCEPT_ENCODING' => 'gzip, deflate, sdch, br'
    'HTTP_ACCEPT_LANGUAGE' => 'zh-CN,zh;q=0.8'
    'HTTP_COOKIE' => 'PHPSESSID=8hmfrdhfpl3pga98vk1fc11245; frontend=l5i5u6rk4264psflq6bcrs4s87; _csrf-frontend=b4c5dc09e107a25b59b6a4e9b82ae5dc9ead71878918542ada344db8735d8b59a%3A2%3A%7Bi%3A0%3Bs%3A14%3A%22_csrf-frontend%22%3Bi%3A1%3Bs%3A32%3A%222Aw7Z_jPWGetGiGvNRfcPZvMETeSZLXI%22%3B%7D'
    'PATH' => 'C:\\Program Files (x86)\\Intel\\iCLS Client\\;C:\\Program Files\\Intel\\iCLS Client\\;C:\\Windows\\system32;C:\\Windows;C:\\Windows\\System32\\Wbem;C:\\Windows\\System32\\WindowsPowerShell\\v1.0\\;C:\\Program Files (x86)\\Intel\\Intel(R) Management Engine Components\\DAL;C:\\Program Files\\Intel\\Intel(R) Management Engine Components\\DAL;C:\\Program Files (x86)\\Intel\\Intel(R) Management Engine Components\\IPT;C:\\Program Files\\Intel\\Intel(R) Management Engine Components\\IPT;D:\\software\\phpstudy\\MySQL\\bin;C:\\Program Files\\Git\\cmd;C:\\ProgramData\\Microsoft\\Windows\\Start Menu\\Programs\\Git;D:\\software\\phpstudy\\php55;C:\\ProgramData\\ComposerSetup\\bin;C:\\Program Files (x86)\\OpenSSH\\bin;D:\\software\\TortoiseSVN\\bin;D:\\software\\TortoiseSVN\\cmdTool\\bin;C:\\Program Files (x86)\\VanDyke Software\\Clients\\;D:\\software\\nginx-1.11.5;C:\\Users\\未定义\\AppData\\Roaming\\Composer\\vendor\\bin;C:\\Program Files (x86)\\VanDyke Software\\Clients\\'
    'SystemRoot' => 'C:\\Windows'
    'COMSPEC' => 'C:\\Windows\\system32\\cmd.exe'
    'PATHEXT' => '.COM;.EXE;.BAT;.CMD;.VBS;.VBE;.JS;.JSE;.WSF;.WSH;.MSC'
    'WINDIR' => 'C:\\Windows'
    'SERVER_SIGNATURE' => ''
    'SERVER_SOFTWARE' => 'Apache/2.4.18 (Win32) OpenSSL/1.0.2e PHP/5.5.30'
    'SERVER_NAME' => 'localhost'
    'SERVER_ADDR' => '::1'
    'SERVER_PORT' => '80'
    'REMOTE_ADDR' => '::1'
    'DOCUMENT_ROOT' => 'D:/www'
    'REQUEST_SCHEME' => 'http'
    'CONTEXT_PREFIX' => ''
    'CONTEXT_DOCUMENT_ROOT' => 'D:/www'
    'SERVER_ADMIN' => 'admin@phpStudy.net'
    'SCRIPT_FILENAME' => 'D:/www/eage/admin/web/index.php'
    'REMOTE_PORT' => '55868'
    'GATEWAY_INTERFACE' => 'CGI/1.1'
    'SERVER_PROTOCOL' => 'HTTP/1.1'
    'REQUEST_METHOD' => 'GET'
    'QUERY_STRING' => 'r=site%2Findex'
    'REQUEST_URI' => '/eage/admin/web/index.php?r=site%2Findex'
    'SCRIPT_NAME' => '/eage/admin/web/index.php'
    'PHP_SELF' => '/eage/admin/web/index.php'
    'REQUEST_TIME_FLOAT' => 1479982430.536
    'REQUEST_TIME' => 1479982430
]
2016-11-24 18:13:57 [::1][-][-][error][error] test log 
2016-11-24 18:13:57 [::1][-][-][info][application] $_GET = [
    'r' => 'site/index'
]

$_COOKIE = [
    'PHPSESSID' => '8hmfrdhfpl3pga98vk1fc11245'
    'frontend' => 'l5i5u6rk4264psflq6bcrs4s87'
    '_csrf-frontend' => 'b4c5dc09e107a25b59b6a4e9b82ae5dc9ead71878918542ada344db8735d8b59a:2:{i:0;s:14:\"_csrf-frontend\";i:1;s:32:\"2Aw7Z_jPWGetGiGvNRfcPZvMETeSZLXI\";}'
]

$_SERVER = [
    'HTTP_HOST' => 'localhost'
    'HTTP_CONNECTION' => 'keep-alive'
    'HTTP_CACHE_CONTROL' => 'max-age=0'
    'HTTP_UPGRADE_INSECURE_REQUESTS' => '1'
    'HTTP_USER_AGENT' => 'Mozilla/5.0 (Windows NT 10.0; WOW64) AppleWebKit/537.36 (KHTML, like Gecko) Chrome/54.0.2840.99 Safari/537.36'
    'HTTP_ACCEPT' => 'text/html,application/xhtml+xml,application/xml;q=0.9,image/webp,*/*;q=0.8'
    'HTTP_REFERER' => 'http://localhost/eage/admin/web/index.php?r=site%2Fsignup'
    'HTTP_ACCEPT_ENCODING' => 'gzip, deflate, sdch, br'
    'HTTP_ACCEPT_LANGUAGE' => 'zh-CN,zh;q=0.8'
    'HTTP_COOKIE' => 'PHPSESSID=8hmfrdhfpl3pga98vk1fc11245; frontend=l5i5u6rk4264psflq6bcrs4s87; _csrf-frontend=b4c5dc09e107a25b59b6a4e9b82ae5dc9ead71878918542ada344db8735d8b59a%3A2%3A%7Bi%3A0%3Bs%3A14%3A%22_csrf-frontend%22%3Bi%3A1%3Bs%3A32%3A%222Aw7Z_jPWGetGiGvNRfcPZvMETeSZLXI%22%3B%7D'
    'PATH' => 'C:\\Program Files (x86)\\Intel\\iCLS Client\\;C:\\Program Files\\Intel\\iCLS Client\\;C:\\Windows\\system32;C:\\Windows;C:\\Windows\\System32\\Wbem;C:\\Windows\\System32\\WindowsPowerShell\\v1.0\\;C:\\Program Files (x86)\\Intel\\Intel(R) Management Engine Components\\DAL;C:\\Program Files\\Intel\\Intel(R) Management Engine Components\\DAL;C:\\Program Files (x86)\\Intel\\Intel(R) Management Engine Components\\IPT;C:\\Program Files\\Intel\\Intel(R) Management Engine Components\\IPT;D:\\software\\phpstudy\\MySQL\\bin;C:\\Program Files\\Git\\cmd;C:\\ProgramData\\Microsoft\\Windows\\Start Menu\\Programs\\Git;D:\\software\\phpstudy\\php55;C:\\ProgramData\\ComposerSetup\\bin;C:\\Program Files (x86)\\OpenSSH\\bin;D:\\software\\TortoiseSVN\\bin;D:\\software\\TortoiseSVN\\cmdTool\\bin;C:\\Program Files (x86)\\VanDyke Software\\Clients\\;D:\\software\\nginx-1.11.5;C:\\Users\\未定义\\AppData\\Roaming\\Composer\\vendor\\bin;C:\\Program Files (x86)\\VanDyke Software\\Clients\\'
    'SystemRoot' => 'C:\\Windows'
    'COMSPEC' => 'C:\\Windows\\system32\\cmd.exe'
    'PATHEXT' => '.COM;.EXE;.BAT;.CMD;.VBS;.VBE;.JS;.JSE;.WSF;.WSH;.MSC'
    'WINDIR' => 'C:\\Windows'
    'SERVER_SIGNATURE' => ''
    'SERVER_SOFTWARE' => 'Apache/2.4.18 (Win32) OpenSSL/1.0.2e PHP/5.5.30'
    'SERVER_NAME' => 'localhost'
    'SERVER_ADDR' => '::1'
    'SERVER_PORT' => '80'
    'REMOTE_ADDR' => '::1'
    'DOCUMENT_ROOT' => 'D:/www'
    'REQUEST_SCHEME' => 'http'
    'CONTEXT_PREFIX' => ''
    'CONTEXT_DOCUMENT_ROOT' => 'D:/www'
    'SERVER_ADMIN' => 'admin@phpStudy.net'
    'SCRIPT_FILENAME' => 'D:/www/eage/admin/web/index.php'
    'REMOTE_PORT' => '55870'
    'GATEWAY_INTERFACE' => 'CGI/1.1'
    'SERVER_PROTOCOL' => 'HTTP/1.1'
    'REQUEST_METHOD' => 'GET'
    'QUERY_STRING' => 'r=site%2Findex'
    'REQUEST_URI' => '/eage/admin/web/index.php?r=site%2Findex'
    'SCRIPT_NAME' => '/eage/admin/web/index.php'
    'PHP_SELF' => '/eage/admin/web/index.php'
    'REQUEST_TIME_FLOAT' => 1479982437.907
    'REQUEST_TIME' => 1479982437
]
2016-11-24 18:14:29 [::1][-][-][error][error] test log 
2016-11-24 18:14:29 [::1][-][-][info][application] $_GET = [
    'r' => 'site/index'
]

$_COOKIE = [
    'PHPSESSID' => '8hmfrdhfpl3pga98vk1fc11245'
    'frontend' => 'l5i5u6rk4264psflq6bcrs4s87'
    '_csrf-frontend' => 'b4c5dc09e107a25b59b6a4e9b82ae5dc9ead71878918542ada344db8735d8b59a:2:{i:0;s:14:\"_csrf-frontend\";i:1;s:32:\"2Aw7Z_jPWGetGiGvNRfcPZvMETeSZLXI\";}'
]

$_SERVER = [
    'HTTP_HOST' => 'localhost'
    'HTTP_CONNECTION' => 'keep-alive'
    'HTTP_CACHE_CONTROL' => 'max-age=0'
    'HTTP_UPGRADE_INSECURE_REQUESTS' => '1'
    'HTTP_USER_AGENT' => 'Mozilla/5.0 (Windows NT 10.0; WOW64) AppleWebKit/537.36 (KHTML, like Gecko) Chrome/54.0.2840.99 Safari/537.36'
    'HTTP_ACCEPT' => 'text/html,application/xhtml+xml,application/xml;q=0.9,image/webp,*/*;q=0.8'
    'HTTP_REFERER' => 'http://localhost/eage/admin/web/index.php?r=site%2Fsignup'
    'HTTP_ACCEPT_ENCODING' => 'gzip, deflate, sdch, br'
    'HTTP_ACCEPT_LANGUAGE' => 'zh-CN,zh;q=0.8'
    'HTTP_COOKIE' => 'PHPSESSID=8hmfrdhfpl3pga98vk1fc11245; frontend=l5i5u6rk4264psflq6bcrs4s87; _csrf-frontend=b4c5dc09e107a25b59b6a4e9b82ae5dc9ead71878918542ada344db8735d8b59a%3A2%3A%7Bi%3A0%3Bs%3A14%3A%22_csrf-frontend%22%3Bi%3A1%3Bs%3A32%3A%222Aw7Z_jPWGetGiGvNRfcPZvMETeSZLXI%22%3B%7D'
    'PATH' => 'C:\\Program Files (x86)\\Intel\\iCLS Client\\;C:\\Program Files\\Intel\\iCLS Client\\;C:\\Windows\\system32;C:\\Windows;C:\\Windows\\System32\\Wbem;C:\\Windows\\System32\\WindowsPowerShell\\v1.0\\;C:\\Program Files (x86)\\Intel\\Intel(R) Management Engine Components\\DAL;C:\\Program Files\\Intel\\Intel(R) Management Engine Components\\DAL;C:\\Program Files (x86)\\Intel\\Intel(R) Management Engine Components\\IPT;C:\\Program Files\\Intel\\Intel(R) Management Engine Components\\IPT;D:\\software\\phpstudy\\MySQL\\bin;C:\\Program Files\\Git\\cmd;C:\\ProgramData\\Microsoft\\Windows\\Start Menu\\Programs\\Git;D:\\software\\phpstudy\\php55;C:\\ProgramData\\ComposerSetup\\bin;C:\\Program Files (x86)\\OpenSSH\\bin;D:\\software\\TortoiseSVN\\bin;D:\\software\\TortoiseSVN\\cmdTool\\bin;C:\\Program Files (x86)\\VanDyke Software\\Clients\\;D:\\software\\nginx-1.11.5;C:\\Users\\未定义\\AppData\\Roaming\\Composer\\vendor\\bin;C:\\Program Files (x86)\\VanDyke Software\\Clients\\'
    'SystemRoot' => 'C:\\Windows'
    'COMSPEC' => 'C:\\Windows\\system32\\cmd.exe'
    'PATHEXT' => '.COM;.EXE;.BAT;.CMD;.VBS;.VBE;.JS;.JSE;.WSF;.WSH;.MSC'
    'WINDIR' => 'C:\\Windows'
    'SERVER_SIGNATURE' => ''
    'SERVER_SOFTWARE' => 'Apache/2.4.18 (Win32) OpenSSL/1.0.2e PHP/5.5.30'
    'SERVER_NAME' => 'localhost'
    'SERVER_ADDR' => '::1'
    'SERVER_PORT' => '80'
    'REMOTE_ADDR' => '::1'
    'DOCUMENT_ROOT' => 'D:/www'
    'REQUEST_SCHEME' => 'http'
    'CONTEXT_PREFIX' => ''
    'CONTEXT_DOCUMENT_ROOT' => 'D:/www'
    'SERVER_ADMIN' => 'admin@phpStudy.net'
    'SCRIPT_FILENAME' => 'D:/www/eage/admin/web/index.php'
    'REMOTE_PORT' => '55891'
    'GATEWAY_INTERFACE' => 'CGI/1.1'
    'SERVER_PROTOCOL' => 'HTTP/1.1'
    'REQUEST_METHOD' => 'GET'
    'QUERY_STRING' => 'r=site%2Findex'
    'REQUEST_URI' => '/eage/admin/web/index.php?r=site%2Findex'
    'SCRIPT_NAME' => '/eage/admin/web/index.php'
    'PHP_SELF' => '/eage/admin/web/index.php'
    'REQUEST_TIME_FLOAT' => 1479982469.022
    'REQUEST_TIME' => 1479982469
]
2016-11-24 18:15:03 [::1][-][-][error][error] test log 
2016-11-24 18:15:03 [::1][-][-][info][application] $_GET = [
    'r' => 'site/index'
]

$_COOKIE = [
    'PHPSESSID' => '8hmfrdhfpl3pga98vk1fc11245'
    'frontend' => 'l5i5u6rk4264psflq6bcrs4s87'
    '_csrf-frontend' => 'b4c5dc09e107a25b59b6a4e9b82ae5dc9ead71878918542ada344db8735d8b59a:2:{i:0;s:14:\"_csrf-frontend\";i:1;s:32:\"2Aw7Z_jPWGetGiGvNRfcPZvMETeSZLXI\";}'
]

$_SERVER = [
    'HTTP_HOST' => 'localhost'
    'HTTP_CONNECTION' => 'keep-alive'
    'HTTP_CACHE_CONTROL' => 'max-age=0'
    'HTTP_UPGRADE_INSECURE_REQUESTS' => '1'
    'HTTP_USER_AGENT' => 'Mozilla/5.0 (Windows NT 10.0; WOW64) AppleWebKit/537.36 (KHTML, like Gecko) Chrome/54.0.2840.99 Safari/537.36'
    'HTTP_ACCEPT' => 'text/html,application/xhtml+xml,application/xml;q=0.9,image/webp,*/*;q=0.8'
    'HTTP_REFERER' => 'http://localhost/eage/admin/web/index.php?r=site%2Fsignup'
    'HTTP_ACCEPT_ENCODING' => 'gzip, deflate, sdch, br'
    'HTTP_ACCEPT_LANGUAGE' => 'zh-CN,zh;q=0.8'
    'HTTP_COOKIE' => 'PHPSESSID=8hmfrdhfpl3pga98vk1fc11245; frontend=l5i5u6rk4264psflq6bcrs4s87; _csrf-frontend=b4c5dc09e107a25b59b6a4e9b82ae5dc9ead71878918542ada344db8735d8b59a%3A2%3A%7Bi%3A0%3Bs%3A14%3A%22_csrf-frontend%22%3Bi%3A1%3Bs%3A32%3A%222Aw7Z_jPWGetGiGvNRfcPZvMETeSZLXI%22%3B%7D'
    'PATH' => 'C:\\Program Files (x86)\\Intel\\iCLS Client\\;C:\\Program Files\\Intel\\iCLS Client\\;C:\\Windows\\system32;C:\\Windows;C:\\Windows\\System32\\Wbem;C:\\Windows\\System32\\WindowsPowerShell\\v1.0\\;C:\\Program Files (x86)\\Intel\\Intel(R) Management Engine Components\\DAL;C:\\Program Files\\Intel\\Intel(R) Management Engine Components\\DAL;C:\\Program Files (x86)\\Intel\\Intel(R) Management Engine Components\\IPT;C:\\Program Files\\Intel\\Intel(R) Management Engine Components\\IPT;D:\\software\\phpstudy\\MySQL\\bin;C:\\Program Files\\Git\\cmd;C:\\ProgramData\\Microsoft\\Windows\\Start Menu\\Programs\\Git;D:\\software\\phpstudy\\php55;C:\\ProgramData\\ComposerSetup\\bin;C:\\Program Files (x86)\\OpenSSH\\bin;D:\\software\\TortoiseSVN\\bin;D:\\software\\TortoiseSVN\\cmdTool\\bin;C:\\Program Files (x86)\\VanDyke Software\\Clients\\;D:\\software\\nginx-1.11.5;C:\\Users\\未定义\\AppData\\Roaming\\Composer\\vendor\\bin;C:\\Program Files (x86)\\VanDyke Software\\Clients\\'
    'SystemRoot' => 'C:\\Windows'
    'COMSPEC' => 'C:\\Windows\\system32\\cmd.exe'
    'PATHEXT' => '.COM;.EXE;.BAT;.CMD;.VBS;.VBE;.JS;.JSE;.WSF;.WSH;.MSC'
    'WINDIR' => 'C:\\Windows'
    'SERVER_SIGNATURE' => ''
    'SERVER_SOFTWARE' => 'Apache/2.4.18 (Win32) OpenSSL/1.0.2e PHP/5.5.30'
    'SERVER_NAME' => 'localhost'
    'SERVER_ADDR' => '::1'
    'SERVER_PORT' => '80'
    'REMOTE_ADDR' => '::1'
    'DOCUMENT_ROOT' => 'D:/www'
    'REQUEST_SCHEME' => 'http'
    'CONTEXT_PREFIX' => ''
    'CONTEXT_DOCUMENT_ROOT' => 'D:/www'
    'SERVER_ADMIN' => 'admin@phpStudy.net'
    'SCRIPT_FILENAME' => 'D:/www/eage/admin/web/index.php'
    'REMOTE_PORT' => '55904'
    'GATEWAY_INTERFACE' => 'CGI/1.1'
    'SERVER_PROTOCOL' => 'HTTP/1.1'
    'REQUEST_METHOD' => 'GET'
    'QUERY_STRING' => 'r=site%2Findex'
    'REQUEST_URI' => '/eage/admin/web/index.php?r=site%2Findex'
    'SCRIPT_NAME' => '/eage/admin/web/index.php'
    'PHP_SELF' => '/eage/admin/web/index.php'
    'REQUEST_TIME_FLOAT' => 1479982503.806
    'REQUEST_TIME' => 1479982503
]
2016-11-24 18:16:31 [::1][-][-][error][error] test log 
2016-11-24 18:16:31 [::1][-][-][info][application] $_COOKIE = [
    'PHPSESSID' => '8hmfrdhfpl3pga98vk1fc11245'
    'frontend' => 'l5i5u6rk4264psflq6bcrs4s87'
    '_csrf-frontend' => 'b4c5dc09e107a25b59b6a4e9b82ae5dc9ead71878918542ada344db8735d8b59a:2:{i:0;s:14:\"_csrf-frontend\";i:1;s:32:\"2Aw7Z_jPWGetGiGvNRfcPZvMETeSZLXI\";}'
]

$_SERVER = [
    'HTTP_HOST' => 'localhost'
    'HTTP_CONNECTION' => 'keep-alive'
    'HTTP_UPGRADE_INSECURE_REQUESTS' => '1'
    'HTTP_USER_AGENT' => 'Mozilla/5.0 (Windows NT 10.0; WOW64) AppleWebKit/537.36 (KHTML, like Gecko) Chrome/54.0.2840.99 Safari/537.36'
    'HTTP_ACCEPT' => 'text/html,application/xhtml+xml,application/xml;q=0.9,image/webp,*/*;q=0.8'
    'HTTP_ACCEPT_ENCODING' => 'gzip, deflate, sdch, br'
    'HTTP_ACCEPT_LANGUAGE' => 'zh-CN,zh;q=0.8'
    'HTTP_COOKIE' => 'PHPSESSID=8hmfrdhfpl3pga98vk1fc11245; frontend=l5i5u6rk4264psflq6bcrs4s87; _csrf-frontend=b4c5dc09e107a25b59b6a4e9b82ae5dc9ead71878918542ada344db8735d8b59a%3A2%3A%7Bi%3A0%3Bs%3A14%3A%22_csrf-frontend%22%3Bi%3A1%3Bs%3A32%3A%222Aw7Z_jPWGetGiGvNRfcPZvMETeSZLXI%22%3B%7D'
    'PATH' => 'C:\\Program Files (x86)\\Intel\\iCLS Client\\;C:\\Program Files\\Intel\\iCLS Client\\;C:\\Windows\\system32;C:\\Windows;C:\\Windows\\System32\\Wbem;C:\\Windows\\System32\\WindowsPowerShell\\v1.0\\;C:\\Program Files (x86)\\Intel\\Intel(R) Management Engine Components\\DAL;C:\\Program Files\\Intel\\Intel(R) Management Engine Components\\DAL;C:\\Program Files (x86)\\Intel\\Intel(R) Management Engine Components\\IPT;C:\\Program Files\\Intel\\Intel(R) Management Engine Components\\IPT;D:\\software\\phpstudy\\MySQL\\bin;C:\\Program Files\\Git\\cmd;C:\\ProgramData\\Microsoft\\Windows\\Start Menu\\Programs\\Git;D:\\software\\phpstudy\\php55;C:\\ProgramData\\ComposerSetup\\bin;C:\\Program Files (x86)\\OpenSSH\\bin;D:\\software\\TortoiseSVN\\bin;D:\\software\\TortoiseSVN\\cmdTool\\bin;C:\\Program Files (x86)\\VanDyke Software\\Clients\\;D:\\software\\nginx-1.11.5;C:\\Users\\未定义\\AppData\\Roaming\\Composer\\vendor\\bin;C:\\Program Files (x86)\\VanDyke Software\\Clients\\'
    'SystemRoot' => 'C:\\Windows'
    'COMSPEC' => 'C:\\Windows\\system32\\cmd.exe'
    'PATHEXT' => '.COM;.EXE;.BAT;.CMD;.VBS;.VBE;.JS;.JSE;.WSF;.WSH;.MSC'
    'WINDIR' => 'C:\\Windows'
    'SERVER_SIGNATURE' => ''
    'SERVER_SOFTWARE' => 'Apache/2.4.18 (Win32) OpenSSL/1.0.2e PHP/5.5.30'
    'SERVER_NAME' => 'localhost'
    'SERVER_ADDR' => '::1'
    'SERVER_PORT' => '80'
    'REMOTE_ADDR' => '::1'
    'DOCUMENT_ROOT' => 'D:/www'
    'REQUEST_SCHEME' => 'http'
    'CONTEXT_PREFIX' => ''
    'CONTEXT_DOCUMENT_ROOT' => 'D:/www'
    'SERVER_ADMIN' => 'admin@phpStudy.net'
    'SCRIPT_FILENAME' => 'D:/www/eage/admin/web/index.php'
    'REMOTE_PORT' => '55965'
    'GATEWAY_INTERFACE' => 'CGI/1.1'
    'SERVER_PROTOCOL' => 'HTTP/1.1'
    'REQUEST_METHOD' => 'GET'
    'QUERY_STRING' => ''
    'REQUEST_URI' => '/eage/admin/web/'
    'SCRIPT_NAME' => '/eage/admin/web/index.php'
    'PHP_SELF' => '/eage/admin/web/index.php'
    'REQUEST_TIME_FLOAT' => 1479982591.775
    'REQUEST_TIME' => 1479982591
]
2016-11-24 18:16:57 [::1][-][-][error][error] test log 
2016-11-24 18:16:57 [::1][-][-][info][application] $_COOKIE = [
    'PHPSESSID' => '8hmfrdhfpl3pga98vk1fc11245'
    'frontend' => 'l5i5u6rk4264psflq6bcrs4s87'
    '_csrf-frontend' => 'b4c5dc09e107a25b59b6a4e9b82ae5dc9ead71878918542ada344db8735d8b59a:2:{i:0;s:14:\"_csrf-frontend\";i:1;s:32:\"2Aw7Z_jPWGetGiGvNRfcPZvMETeSZLXI\";}'
]

$_SERVER = [
    'HTTP_HOST' => 'localhost'
    'HTTP_CONNECTION' => 'keep-alive'
    'HTTP_CACHE_CONTROL' => 'max-age=0'
    'HTTP_UPGRADE_INSECURE_REQUESTS' => '1'
    'HTTP_USER_AGENT' => 'Mozilla/5.0 (Windows NT 10.0; WOW64) AppleWebKit/537.36 (KHTML, like Gecko) Chrome/54.0.2840.99 Safari/537.36'
    'HTTP_ACCEPT' => 'text/html,application/xhtml+xml,application/xml;q=0.9,image/webp,*/*;q=0.8'
    'HTTP_ACCEPT_ENCODING' => 'gzip, deflate, sdch, br'
    'HTTP_ACCEPT_LANGUAGE' => 'zh-CN,zh;q=0.8'
    'HTTP_COOKIE' => 'PHPSESSID=8hmfrdhfpl3pga98vk1fc11245; frontend=l5i5u6rk4264psflq6bcrs4s87; _csrf-frontend=b4c5dc09e107a25b59b6a4e9b82ae5dc9ead71878918542ada344db8735d8b59a%3A2%3A%7Bi%3A0%3Bs%3A14%3A%22_csrf-frontend%22%3Bi%3A1%3Bs%3A32%3A%222Aw7Z_jPWGetGiGvNRfcPZvMETeSZLXI%22%3B%7D'
    'PATH' => 'C:\\Program Files (x86)\\Intel\\iCLS Client\\;C:\\Program Files\\Intel\\iCLS Client\\;C:\\Windows\\system32;C:\\Windows;C:\\Windows\\System32\\Wbem;C:\\Windows\\System32\\WindowsPowerShell\\v1.0\\;C:\\Program Files (x86)\\Intel\\Intel(R) Management Engine Components\\DAL;C:\\Program Files\\Intel\\Intel(R) Management Engine Components\\DAL;C:\\Program Files (x86)\\Intel\\Intel(R) Management Engine Components\\IPT;C:\\Program Files\\Intel\\Intel(R) Management Engine Components\\IPT;D:\\software\\phpstudy\\MySQL\\bin;C:\\Program Files\\Git\\cmd;C:\\ProgramData\\Microsoft\\Windows\\Start Menu\\Programs\\Git;D:\\software\\phpstudy\\php55;C:\\ProgramData\\ComposerSetup\\bin;C:\\Program Files (x86)\\OpenSSH\\bin;D:\\software\\TortoiseSVN\\bin;D:\\software\\TortoiseSVN\\cmdTool\\bin;C:\\Program Files (x86)\\VanDyke Software\\Clients\\;D:\\software\\nginx-1.11.5;C:\\Users\\未定义\\AppData\\Roaming\\Composer\\vendor\\bin;C:\\Program Files (x86)\\VanDyke Software\\Clients\\'
    'SystemRoot' => 'C:\\Windows'
    'COMSPEC' => 'C:\\Windows\\system32\\cmd.exe'
    'PATHEXT' => '.COM;.EXE;.BAT;.CMD;.VBS;.VBE;.JS;.JSE;.WSF;.WSH;.MSC'
    'WINDIR' => 'C:\\Windows'
    'SERVER_SIGNATURE' => ''
    'SERVER_SOFTWARE' => 'Apache/2.4.18 (Win32) OpenSSL/1.0.2e PHP/5.5.30'
    'SERVER_NAME' => 'localhost'
    'SERVER_ADDR' => '::1'
    'SERVER_PORT' => '80'
    'REMOTE_ADDR' => '::1'
    'DOCUMENT_ROOT' => 'D:/www'
    'REQUEST_SCHEME' => 'http'
    'CONTEXT_PREFIX' => ''
    'CONTEXT_DOCUMENT_ROOT' => 'D:/www'
    'SERVER_ADMIN' => 'admin@phpStudy.net'
    'SCRIPT_FILENAME' => 'D:/www/eage/admin/web/index.php'
    'REMOTE_PORT' => '55971'
    'GATEWAY_INTERFACE' => 'CGI/1.1'
    'SERVER_PROTOCOL' => 'HTTP/1.1'
    'REQUEST_METHOD' => 'GET'
    'QUERY_STRING' => ''
    'REQUEST_URI' => '/eage/admin/web/'
    'SCRIPT_NAME' => '/eage/admin/web/index.php'
    'PHP_SELF' => '/eage/admin/web/index.php'
    'REQUEST_TIME_FLOAT' => 1479982617.341
    'REQUEST_TIME' => 1479982617
]
