2016-11-18 23:05:43 [127.0.0.1][-][-][error][error] test log 
2016-11-18 23:05:41 [127.0.0.1][-][-][info][application] $_SESSION = [
    '__flash' => []
]

$_SERVER = [
    'HTTP_HOST' => 'yii.cc'
    'HTTP_CONNECTION' => 'keep-alive'
    'HTTP_CACHE_CONTROL' => 'max-age=0'
    'HTTP_UPGRADE_INSECURE_REQUESTS' => '1'
    'HTTP_USER_AGENT' => 'Mozilla/5.0 (Windows NT 10.0) AppleWebKit/537.36 (KHTML, like Gecko) Chrome/52.0.2743.116 Safari/537.36'
    'HTTP_ACCEPT' => 'text/html,application/xhtml+xml,application/xml;q=0.9,image/webp,*/*;q=0.8'
    'HTTP_ACCEPT_ENCODING' => 'gzip, deflate, sdch'
    'HTTP_ACCEPT_LANGUAGE' => 'zh-CN,zh;q=0.8'
    'PATH' => 'C:\\WINDOWS\\system32;C:\\WINDOWS;C:\\WINDOWS\\System32\\Wbem;C:\\WINDOWS\\System32\\WindowsPowerShell\\v1.0\\;D:\\phpStudy\\MySQL\\bin;D:\\phpStudy\\php55;D:\\memcache\\memcached-1.2.6-win32-bin;D:\\Git\\bin;C:\\ProgramData\\ComposerSetup\\bin;D:\\Pthon\\Scripts\\;D:\\Pthon\\;C:\\Users\\未定义\\AppData\\Roaming\\Composer\\vendor\\bin'
    'SystemRoot' => 'C:\\WINDOWS'
    'COMSPEC' => 'C:\\WINDOWS\\system32\\cmd.exe'
    'PATHEXT' => '.COM;.EXE;.BAT;.CMD;.VBS;.VBE;.JS;.JSE;.WSF;.WSH;.MSC'
    'WINDIR' => 'C:\\WINDOWS'
    'SERVER_SIGNATURE' => ''
    'SERVER_SOFTWARE' => 'Apache/2.4.18 (Win32) OpenSSL/1.0.2e PHP/5.5.30'
    'SERVER_NAME' => 'yii.cc'
    'SERVER_ADDR' => '127.0.0.1'
    'SERVER_PORT' => '80'
    'REMOTE_ADDR' => '127.0.0.1'
    'DOCUMENT_ROOT' => 'E:/www/eage/frontend/web'
    'REQUEST_SCHEME' => 'http'
    'CONTEXT_PREFIX' => ''
    'CONTEXT_DOCUMENT_ROOT' => 'E:/www/eage/frontend/web'
    'SERVER_ADMIN' => 'admin@phpStudy.net'
    'SCRIPT_FILENAME' => 'E:/www/eage/frontend/web/index.php'
    'REMOTE_PORT' => '60785'
    'GATEWAY_INTERFACE' => 'CGI/1.1'
    'SERVER_PROTOCOL' => 'HTTP/1.1'
    'REQUEST_METHOD' => 'GET'
    'QUERY_STRING' => ''
    'REQUEST_URI' => '/'
    'SCRIPT_NAME' => '/index.php'
    'PHP_SELF' => '/index.php'
    'REQUEST_TIME_FLOAT' => 1479481541.888
    'REQUEST_TIME' => 1479481541
]
2016-11-18 23:08:20 [127.0.0.1][-][-][error][error] test log 
2016-11-18 23:08:19 [127.0.0.1][-][-][info][application] $_COOKIE = [
    '_csrf-frontend' => 'f6f04750f5ed3f7f3e7ef97b1ecf75b7955dc44b3337dace6180ac3b1f6d92cca:2:{i:0;s:14:\"_csrf-frontend\";i:1;s:32:\"WdvGxMeoqb82EBqykppa9EkU5-IB5CTm\";}'
    'frontend' => 'qa67f87aumtbc2mpom6vidfb70'
]

$_SESSION = [
    '__flash' => []
]

$_SERVER = [
    'HTTP_HOST' => 'yii.cc'
    'HTTP_CONNECTION' => 'keep-alive'
    'HTTP_UPGRADE_INSECURE_REQUESTS' => '1'
    'HTTP_USER_AGENT' => 'Mozilla/5.0 (Windows NT 10.0) AppleWebKit/537.36 (KHTML, like Gecko) Chrome/52.0.2743.116 Safari/537.36'
    'HTTP_ACCEPT' => 'text/html,application/xhtml+xml,application/xml;q=0.9,image/webp,*/*;q=0.8'
    'HTTP_ACCEPT_ENCODING' => 'gzip, deflate, sdch'
    'HTTP_ACCEPT_LANGUAGE' => 'zh-CN,zh;q=0.8'
    'HTTP_COOKIE' => '_csrf-frontend=f6f04750f5ed3f7f3e7ef97b1ecf75b7955dc44b3337dace6180ac3b1f6d92cca%3A2%3A%7Bi%3A0%3Bs%3A14%3A%22_csrf-frontend%22%3Bi%3A1%3Bs%3A32%3A%22WdvGxMeoqb82EBqykppa9EkU5-IB5CTm%22%3B%7D; frontend=qa67f87aumtbc2mpom6vidfb70'
    'PATH' => 'C:\\WINDOWS\\system32;C:\\WINDOWS;C:\\WINDOWS\\System32\\Wbem;C:\\WINDOWS\\System32\\WindowsPowerShell\\v1.0\\;D:\\phpStudy\\MySQL\\bin;D:\\phpStudy\\php55;D:\\memcache\\memcached-1.2.6-win32-bin;D:\\Git\\bin;C:\\ProgramData\\ComposerSetup\\bin;D:\\Pthon\\Scripts\\;D:\\Pthon\\;C:\\Users\\未定义\\AppData\\Roaming\\Composer\\vendor\\bin'
    'SystemRoot' => 'C:\\WINDOWS'
    'COMSPEC' => 'C:\\WINDOWS\\system32\\cmd.exe'
    'PATHEXT' => '.COM;.EXE;.BAT;.CMD;.VBS;.VBE;.JS;.JSE;.WSF;.WSH;.MSC'
    'WINDIR' => 'C:\\WINDOWS'
    'SERVER_SIGNATURE' => ''
    'SERVER_SOFTWARE' => 'Apache/2.4.18 (Win32) OpenSSL/1.0.2e PHP/5.5.30'
    'SERVER_NAME' => 'yii.cc'
    'SERVER_ADDR' => '127.0.0.1'
    'SERVER_PORT' => '80'
    'REMOTE_ADDR' => '127.0.0.1'
    'DOCUMENT_ROOT' => 'E:/www/eage/frontend/web'
    'REQUEST_SCHEME' => 'http'
    'CONTEXT_PREFIX' => ''
    'CONTEXT_DOCUMENT_ROOT' => 'E:/www/eage/frontend/web'
    'SERVER_ADMIN' => 'admin@phpStudy.net'
    'SCRIPT_FILENAME' => 'E:/www/eage/frontend/web/index.php'
    'REMOTE_PORT' => '60816'
    'GATEWAY_INTERFACE' => 'CGI/1.1'
    'SERVER_PROTOCOL' => 'HTTP/1.1'
    'REQUEST_METHOD' => 'GET'
    'QUERY_STRING' => ''
    'REQUEST_URI' => '/'
    'SCRIPT_NAME' => '/index.php'
    'PHP_SELF' => '/index.php'
    'REQUEST_TIME_FLOAT' => 1479481699.229
    'REQUEST_TIME' => 1479481699
]
2016-11-18 23:08:59 [127.0.0.1][-][-][error][error] test log 
2016-11-18 23:08:59 [127.0.0.1][-][-][info][application] $_COOKIE = [
    '_csrf-frontend' => 'f6f04750f5ed3f7f3e7ef97b1ecf75b7955dc44b3337dace6180ac3b1f6d92cca:2:{i:0;s:14:\"_csrf-frontend\";i:1;s:32:\"WdvGxMeoqb82EBqykppa9EkU5-IB5CTm\";}'
    'frontend' => 'qa67f87aumtbc2mpom6vidfb70'
]

$_SESSION = [
    '__flash' => []
]

$_SERVER = [
    'HTTP_HOST' => 'yii.cc'
    'HTTP_CONNECTION' => 'keep-alive'
    'HTTP_UPGRADE_INSECURE_REQUESTS' => '1'
    'HTTP_USER_AGENT' => 'Mozilla/5.0 (Windows NT 10.0) AppleWebKit/537.36 (KHTML, like Gecko) Chrome/52.0.2743.116 Safari/537.36'
    'HTTP_ACCEPT' => 'text/html,application/xhtml+xml,application/xml;q=0.9,image/webp,*/*;q=0.8'
    'HTTP_ACCEPT_ENCODING' => 'gzip, deflate, sdch'
    'HTTP_ACCEPT_LANGUAGE' => 'zh-CN,zh;q=0.8'
    'HTTP_COOKIE' => '_csrf-frontend=f6f04750f5ed3f7f3e7ef97b1ecf75b7955dc44b3337dace6180ac3b1f6d92cca%3A2%3A%7Bi%3A0%3Bs%3A14%3A%22_csrf-frontend%22%3Bi%3A1%3Bs%3A32%3A%22WdvGxMeoqb82EBqykppa9EkU5-IB5CTm%22%3B%7D; frontend=qa67f87aumtbc2mpom6vidfb70'
    'PATH' => 'C:\\WINDOWS\\system32;C:\\WINDOWS;C:\\WINDOWS\\System32\\Wbem;C:\\WINDOWS\\System32\\WindowsPowerShell\\v1.0\\;D:\\phpStudy\\MySQL\\bin;D:\\phpStudy\\php55;D:\\memcache\\memcached-1.2.6-win32-bin;D:\\Git\\bin;C:\\ProgramData\\ComposerSetup\\bin;D:\\Pthon\\Scripts\\;D:\\Pthon\\;C:\\Users\\未定义\\AppData\\Roaming\\Composer\\vendor\\bin'
    'SystemRoot' => 'C:\\WINDOWS'
    'COMSPEC' => 'C:\\WINDOWS\\system32\\cmd.exe'
    'PATHEXT' => '.COM;.EXE;.BAT;.CMD;.VBS;.VBE;.JS;.JSE;.WSF;.WSH;.MSC'
    'WINDIR' => 'C:\\WINDOWS'
    'SERVER_SIGNATURE' => ''
    'SERVER_SOFTWARE' => 'Apache/2.4.18 (Win32) OpenSSL/1.0.2e PHP/5.5.30'
    'SERVER_NAME' => 'yii.cc'
    'SERVER_ADDR' => '127.0.0.1'
    'SERVER_PORT' => '80'
    'REMOTE_ADDR' => '127.0.0.1'
    'DOCUMENT_ROOT' => 'E:/www/eage/frontend/web'
    'REQUEST_SCHEME' => 'http'
    'CONTEXT_PREFIX' => ''
    'CONTEXT_DOCUMENT_ROOT' => 'E:/www/eage/frontend/web'
    'SERVER_ADMIN' => 'admin@phpStudy.net'
    'SCRIPT_FILENAME' => 'E:/www/eage/frontend/web/index.php'
    'REMOTE_PORT' => '60827'
    'GATEWAY_INTERFACE' => 'CGI/1.1'
    'SERVER_PROTOCOL' => 'HTTP/1.1'
    'REQUEST_METHOD' => 'GET'
    'QUERY_STRING' => ''
    'REQUEST_URI' => '/'
    'SCRIPT_NAME' => '/index.php'
    'PHP_SELF' => '/index.php'
    'REQUEST_TIME_FLOAT' => 1479481739.513
    'REQUEST_TIME' => 1479481739
]
2016-11-18 23:09:04 [127.0.0.1][-][-][error][error] test log 
2016-11-18 23:09:04 [127.0.0.1][-][-][info][application] $_COOKIE = [
    '_csrf-frontend' => 'f6f04750f5ed3f7f3e7ef97b1ecf75b7955dc44b3337dace6180ac3b1f6d92cca:2:{i:0;s:14:\"_csrf-frontend\";i:1;s:32:\"WdvGxMeoqb82EBqykppa9EkU5-IB5CTm\";}'
    'frontend' => 'qa67f87aumtbc2mpom6vidfb70'
]

$_SESSION = [
    '__flash' => []
]

$_SERVER = [
    'HTTP_HOST' => 'yii.cc'
    'HTTP_CONNECTION' => 'keep-alive'
    'HTTP_UPGRADE_INSECURE_REQUESTS' => '1'
    'HTTP_USER_AGENT' => 'Mozilla/5.0 (Windows NT 10.0) AppleWebKit/537.36 (KHTML, like Gecko) Chrome/52.0.2743.116 Safari/537.36'
    'HTTP_ACCEPT' => 'text/html,application/xhtml+xml,application/xml;q=0.9,image/webp,*/*;q=0.8'
    'HTTP_ACCEPT_ENCODING' => 'gzip, deflate, sdch'
    'HTTP_ACCEPT_LANGUAGE' => 'zh-CN,zh;q=0.8'
    'HTTP_COOKIE' => '_csrf-frontend=f6f04750f5ed3f7f3e7ef97b1ecf75b7955dc44b3337dace6180ac3b1f6d92cca%3A2%3A%7Bi%3A0%3Bs%3A14%3A%22_csrf-frontend%22%3Bi%3A1%3Bs%3A32%3A%22WdvGxMeoqb82EBqykppa9EkU5-IB5CTm%22%3B%7D; frontend=qa67f87aumtbc2mpom6vidfb70'
    'PATH' => 'C:\\WINDOWS\\system32;C:\\WINDOWS;C:\\WINDOWS\\System32\\Wbem;C:\\WINDOWS\\System32\\WindowsPowerShell\\v1.0\\;D:\\phpStudy\\MySQL\\bin;D:\\phpStudy\\php55;D:\\memcache\\memcached-1.2.6-win32-bin;D:\\Git\\bin;C:\\ProgramData\\ComposerSetup\\bin;D:\\Pthon\\Scripts\\;D:\\Pthon\\;C:\\Users\\未定义\\AppData\\Roaming\\Composer\\vendor\\bin'
    'SystemRoot' => 'C:\\WINDOWS'
    'COMSPEC' => 'C:\\WINDOWS\\system32\\cmd.exe'
    'PATHEXT' => '.COM;.EXE;.BAT;.CMD;.VBS;.VBE;.JS;.JSE;.WSF;.WSH;.MSC'
    'WINDIR' => 'C:\\WINDOWS'
    'SERVER_SIGNATURE' => ''
    'SERVER_SOFTWARE' => 'Apache/2.4.18 (Win32) OpenSSL/1.0.2e PHP/5.5.30'
    'SERVER_NAME' => 'yii.cc'
    'SERVER_ADDR' => '127.0.0.1'
    'SERVER_PORT' => '80'
    'REMOTE_ADDR' => '127.0.0.1'
    'DOCUMENT_ROOT' => 'E:/www/eage/frontend/web'
    'REQUEST_SCHEME' => 'http'
    'CONTEXT_PREFIX' => ''
    'CONTEXT_DOCUMENT_ROOT' => 'E:/www/eage/frontend/web'
    'SERVER_ADMIN' => 'admin@phpStudy.net'
    'SCRIPT_FILENAME' => 'E:/www/eage/frontend/web/index.php'
    'REMOTE_PORT' => '60827'
    'GATEWAY_INTERFACE' => 'CGI/1.1'
    'SERVER_PROTOCOL' => 'HTTP/1.1'
    'REQUEST_METHOD' => 'GET'
    'QUERY_STRING' => ''
    'REQUEST_URI' => '/'
    'SCRIPT_NAME' => '/index.php'
    'PHP_SELF' => '/index.php'
    'REQUEST_TIME_FLOAT' => 1479481744.694
    'REQUEST_TIME' => 1479481744
]
2016-11-18 23:09:23 [127.0.0.1][-][-][error][error] test log 
2016-11-18 23:09:22 [127.0.0.1][-][-][info][application] $_COOKIE = [
    '_csrf-frontend' => 'f6f04750f5ed3f7f3e7ef97b1ecf75b7955dc44b3337dace6180ac3b1f6d92cca:2:{i:0;s:14:\"_csrf-frontend\";i:1;s:32:\"WdvGxMeoqb82EBqykppa9EkU5-IB5CTm\";}'
    'frontend' => 'qa67f87aumtbc2mpom6vidfb70'
]

$_SESSION = [
    '__flash' => []
]

$_SERVER = [
    'HTTP_HOST' => 'yii.cc'
    'HTTP_CONNECTION' => 'keep-alive'
    'HTTP_UPGRADE_INSECURE_REQUESTS' => '1'
    'HTTP_USER_AGENT' => 'Mozilla/5.0 (Windows NT 10.0) AppleWebKit/537.36 (KHTML, like Gecko) Chrome/52.0.2743.116 Safari/537.36'
    'HTTP_ACCEPT' => 'text/html,application/xhtml+xml,application/xml;q=0.9,image/webp,*/*;q=0.8'
    'HTTP_ACCEPT_ENCODING' => 'gzip, deflate, sdch'
    'HTTP_ACCEPT_LANGUAGE' => 'zh-CN,zh;q=0.8'
    'HTTP_COOKIE' => '_csrf-frontend=f6f04750f5ed3f7f3e7ef97b1ecf75b7955dc44b3337dace6180ac3b1f6d92cca%3A2%3A%7Bi%3A0%3Bs%3A14%3A%22_csrf-frontend%22%3Bi%3A1%3Bs%3A32%3A%22WdvGxMeoqb82EBqykppa9EkU5-IB5CTm%22%3B%7D; frontend=qa67f87aumtbc2mpom6vidfb70'
    'PATH' => 'C:\\WINDOWS\\system32;C:\\WINDOWS;C:\\WINDOWS\\System32\\Wbem;C:\\WINDOWS\\System32\\WindowsPowerShell\\v1.0\\;D:\\phpStudy\\MySQL\\bin;D:\\phpStudy\\php55;D:\\memcache\\memcached-1.2.6-win32-bin;D:\\Git\\bin;C:\\ProgramData\\ComposerSetup\\bin;D:\\Pthon\\Scripts\\;D:\\Pthon\\;C:\\Users\\未定义\\AppData\\Roaming\\Composer\\vendor\\bin'
    'SystemRoot' => 'C:\\WINDOWS'
    'COMSPEC' => 'C:\\WINDOWS\\system32\\cmd.exe'
    'PATHEXT' => '.COM;.EXE;.BAT;.CMD;.VBS;.VBE;.JS;.JSE;.WSF;.WSH;.MSC'
    'WINDIR' => 'C:\\WINDOWS'
    'SERVER_SIGNATURE' => ''
    'SERVER_SOFTWARE' => 'Apache/2.4.18 (Win32) OpenSSL/1.0.2e PHP/5.5.30'
    'SERVER_NAME' => 'yii.cc'
    'SERVER_ADDR' => '127.0.0.1'
    'SERVER_PORT' => '80'
    'REMOTE_ADDR' => '127.0.0.1'
    'DOCUMENT_ROOT' => 'E:/www/eage/frontend/web'
    'REQUEST_SCHEME' => 'http'
    'CONTEXT_PREFIX' => ''
    'CONTEXT_DOCUMENT_ROOT' => 'E:/www/eage/frontend/web'
    'SERVER_ADMIN' => 'admin@phpStudy.net'
    'SCRIPT_FILENAME' => 'E:/www/eage/frontend/web/index.php'
    'REMOTE_PORT' => '60832'
    'GATEWAY_INTERFACE' => 'CGI/1.1'
    'SERVER_PROTOCOL' => 'HTTP/1.1'
    'REQUEST_METHOD' => 'GET'
    'QUERY_STRING' => ''
    'REQUEST_URI' => '/'
    'SCRIPT_NAME' => '/index.php'
    'PHP_SELF' => '/index.php'
    'REQUEST_TIME_FLOAT' => 1479481762.97
    'REQUEST_TIME' => 1479481762
]
2016-11-18 23:09:30 [127.0.0.1][-][-][error][error] test log 
2016-11-18 23:09:30 [127.0.0.1][-][-][info][application] $_COOKIE = [
    '_csrf-frontend' => 'f6f04750f5ed3f7f3e7ef97b1ecf75b7955dc44b3337dace6180ac3b1f6d92cca:2:{i:0;s:14:\"_csrf-frontend\";i:1;s:32:\"WdvGxMeoqb82EBqykppa9EkU5-IB5CTm\";}'
    'frontend' => 'qa67f87aumtbc2mpom6vidfb70'
]

$_SESSION = [
    '__flash' => []
]

$_SERVER = [
    'HTTP_HOST' => 'yii.cc'
    'HTTP_CONNECTION' => 'keep-alive'
    'HTTP_UPGRADE_INSECURE_REQUESTS' => '1'
    'HTTP_USER_AGENT' => 'Mozilla/5.0 (Windows NT 10.0) AppleWebKit/537.36 (KHTML, like Gecko) Chrome/52.0.2743.116 Safari/537.36'
    'HTTP_ACCEPT' => 'text/html,application/xhtml+xml,application/xml;q=0.9,image/webp,*/*;q=0.8'
    'HTTP_ACCEPT_ENCODING' => 'gzip, deflate, sdch'
    'HTTP_ACCEPT_LANGUAGE' => 'zh-CN,zh;q=0.8'
    'HTTP_COOKIE' => '_csrf-frontend=f6f04750f5ed3f7f3e7ef97b1ecf75b7955dc44b3337dace6180ac3b1f6d92cca%3A2%3A%7Bi%3A0%3Bs%3A14%3A%22_csrf-frontend%22%3Bi%3A1%3Bs%3A32%3A%22WdvGxMeoqb82EBqykppa9EkU5-IB5CTm%22%3B%7D; frontend=qa67f87aumtbc2mpom6vidfb70'
    'PATH' => 'C:\\WINDOWS\\system32;C:\\WINDOWS;C:\\WINDOWS\\System32\\Wbem;C:\\WINDOWS\\System32\\WindowsPowerShell\\v1.0\\;D:\\phpStudy\\MySQL\\bin;D:\\phpStudy\\php55;D:\\memcache\\memcached-1.2.6-win32-bin;D:\\Git\\bin;C:\\ProgramData\\ComposerSetup\\bin;D:\\Pthon\\Scripts\\;D:\\Pthon\\;C:\\Users\\未定义\\AppData\\Roaming\\Composer\\vendor\\bin'
    'SystemRoot' => 'C:\\WINDOWS'
    'COMSPEC' => 'C:\\WINDOWS\\system32\\cmd.exe'
    'PATHEXT' => '.COM;.EXE;.BAT;.CMD;.VBS;.VBE;.JS;.JSE;.WSF;.WSH;.MSC'
    'WINDIR' => 'C:\\WINDOWS'
    'SERVER_SIGNATURE' => ''
    'SERVER_SOFTWARE' => 'Apache/2.4.18 (Win32) OpenSSL/1.0.2e PHP/5.5.30'
    'SERVER_NAME' => 'yii.cc'
    'SERVER_ADDR' => '127.0.0.1'
    'SERVER_PORT' => '80'
    'REMOTE_ADDR' => '127.0.0.1'
    'DOCUMENT_ROOT' => 'E:/www/eage/frontend/web'
    'REQUEST_SCHEME' => 'http'
    'CONTEXT_PREFIX' => ''
    'CONTEXT_DOCUMENT_ROOT' => 'E:/www/eage/frontend/web'
    'SERVER_ADMIN' => 'admin@phpStudy.net'
    'SCRIPT_FILENAME' => 'E:/www/eage/frontend/web/index.php'
    'REMOTE_PORT' => '60832'
    'GATEWAY_INTERFACE' => 'CGI/1.1'
    'SERVER_PROTOCOL' => 'HTTP/1.1'
    'REQUEST_METHOD' => 'GET'
    'QUERY_STRING' => ''
    'REQUEST_URI' => '/'
    'SCRIPT_NAME' => '/index.php'
    'PHP_SELF' => '/index.php'
    'REQUEST_TIME_FLOAT' => 1479481770.593
    'REQUEST_TIME' => 1479481770
]
2016-11-18 23:09:35 [127.0.0.1][-][-][error][error] test log 
2016-11-18 23:09:35 [127.0.0.1][-][-][info][application] $_COOKIE = [
    '_csrf-frontend' => 'f6f04750f5ed3f7f3e7ef97b1ecf75b7955dc44b3337dace6180ac3b1f6d92cca:2:{i:0;s:14:\"_csrf-frontend\";i:1;s:32:\"WdvGxMeoqb82EBqykppa9EkU5-IB5CTm\";}'
    'frontend' => 'qa67f87aumtbc2mpom6vidfb70'
]

$_SESSION = [
    '__flash' => []
]

$_SERVER = [
    'HTTP_HOST' => 'yii.cc'
    'HTTP_CONNECTION' => 'keep-alive'
    'HTTP_UPGRADE_INSECURE_REQUESTS' => '1'
    'HTTP_USER_AGENT' => 'Mozilla/5.0 (Windows NT 10.0) AppleWebKit/537.36 (KHTML, like Gecko) Chrome/52.0.2743.116 Safari/537.36'
    'HTTP_ACCEPT' => 'text/html,application/xhtml+xml,application/xml;q=0.9,image/webp,*/*;q=0.8'
    'HTTP_ACCEPT_ENCODING' => 'gzip, deflate, sdch'
    'HTTP_ACCEPT_LANGUAGE' => 'zh-CN,zh;q=0.8'
    'HTTP_COOKIE' => '_csrf-frontend=f6f04750f5ed3f7f3e7ef97b1ecf75b7955dc44b3337dace6180ac3b1f6d92cca%3A2%3A%7Bi%3A0%3Bs%3A14%3A%22_csrf-frontend%22%3Bi%3A1%3Bs%3A32%3A%22WdvGxMeoqb82EBqykppa9EkU5-IB5CTm%22%3B%7D; frontend=qa67f87aumtbc2mpom6vidfb70'
    'PATH' => 'C:\\WINDOWS\\system32;C:\\WINDOWS;C:\\WINDOWS\\System32\\Wbem;C:\\WINDOWS\\System32\\WindowsPowerShell\\v1.0\\;D:\\phpStudy\\MySQL\\bin;D:\\phpStudy\\php55;D:\\memcache\\memcached-1.2.6-win32-bin;D:\\Git\\bin;C:\\ProgramData\\ComposerSetup\\bin;D:\\Pthon\\Scripts\\;D:\\Pthon\\;C:\\Users\\未定义\\AppData\\Roaming\\Composer\\vendor\\bin'
    'SystemRoot' => 'C:\\WINDOWS'
    'COMSPEC' => 'C:\\WINDOWS\\system32\\cmd.exe'
    'PATHEXT' => '.COM;.EXE;.BAT;.CMD;.VBS;.VBE;.JS;.JSE;.WSF;.WSH;.MSC'
    'WINDIR' => 'C:\\WINDOWS'
    'SERVER_SIGNATURE' => ''
    'SERVER_SOFTWARE' => 'Apache/2.4.18 (Win32) OpenSSL/1.0.2e PHP/5.5.30'
    'SERVER_NAME' => 'yii.cc'
    'SERVER_ADDR' => '127.0.0.1'
    'SERVER_PORT' => '80'
    'REMOTE_ADDR' => '127.0.0.1'
    'DOCUMENT_ROOT' => 'E:/www/eage/frontend/web'
    'REQUEST_SCHEME' => 'http'
    'CONTEXT_PREFIX' => ''
    'CONTEXT_DOCUMENT_ROOT' => 'E:/www/eage/frontend/web'
    'SERVER_ADMIN' => 'admin@phpStudy.net'
    'SCRIPT_FILENAME' => 'E:/www/eage/frontend/web/index.php'
    'REMOTE_PORT' => '60832'
    'GATEWAY_INTERFACE' => 'CGI/1.1'
    'SERVER_PROTOCOL' => 'HTTP/1.1'
    'REQUEST_METHOD' => 'GET'
    'QUERY_STRING' => ''
    'REQUEST_URI' => '/'
    'SCRIPT_NAME' => '/index.php'
    'PHP_SELF' => '/index.php'
    'REQUEST_TIME_FLOAT' => 1479481775.421
    'REQUEST_TIME' => 1479481775
]
2016-11-18 23:14:21 [127.0.0.1][-][-][error][error] test log 
2016-11-18 23:14:21 [127.0.0.1][-][-][info][application] $_COOKIE = [
    '_csrf-frontend' => 'f6f04750f5ed3f7f3e7ef97b1ecf75b7955dc44b3337dace6180ac3b1f6d92cca:2:{i:0;s:14:\"_csrf-frontend\";i:1;s:32:\"WdvGxMeoqb82EBqykppa9EkU5-IB5CTm\";}'
    'frontend' => 'qa67f87aumtbc2mpom6vidfb70'
]

$_SESSION = [
    '__flash' => []
]

$_SERVER = [
    'HTTP_HOST' => 'yii.cc'
    'HTTP_CONNECTION' => 'keep-alive'
    'HTTP_CACHE_CONTROL' => 'max-age=0'
    'HTTP_UPGRADE_INSECURE_REQUESTS' => '1'
    'HTTP_USER_AGENT' => 'Mozilla/5.0 (Windows NT 10.0) AppleWebKit/537.36 (KHTML, like Gecko) Chrome/52.0.2743.116 Safari/537.36'
    'HTTP_ACCEPT' => 'text/html,application/xhtml+xml,application/xml;q=0.9,image/webp,*/*;q=0.8'
    'HTTP_ACCEPT_ENCODING' => 'gzip, deflate, sdch'
    'HTTP_ACCEPT_LANGUAGE' => 'zh-CN,zh;q=0.8'
    'HTTP_COOKIE' => '_csrf-frontend=f6f04750f5ed3f7f3e7ef97b1ecf75b7955dc44b3337dace6180ac3b1f6d92cca%3A2%3A%7Bi%3A0%3Bs%3A14%3A%22_csrf-frontend%22%3Bi%3A1%3Bs%3A32%3A%22WdvGxMeoqb82EBqykppa9EkU5-IB5CTm%22%3B%7D; frontend=qa67f87aumtbc2mpom6vidfb70'
    'PATH' => 'C:\\WINDOWS\\system32;C:\\WINDOWS;C:\\WINDOWS\\System32\\Wbem;C:\\WINDOWS\\System32\\WindowsPowerShell\\v1.0\\;D:\\phpStudy\\MySQL\\bin;D:\\phpStudy\\php55;D:\\memcache\\memcached-1.2.6-win32-bin;D:\\Git\\bin;C:\\ProgramData\\ComposerSetup\\bin;D:\\Pthon\\Scripts\\;D:\\Pthon\\;C:\\Users\\未定义\\AppData\\Roaming\\Composer\\vendor\\bin'
    'SystemRoot' => 'C:\\WINDOWS'
    'COMSPEC' => 'C:\\WINDOWS\\system32\\cmd.exe'
    'PATHEXT' => '.COM;.EXE;.BAT;.CMD;.VBS;.VBE;.JS;.JSE;.WSF;.WSH;.MSC'
    'WINDIR' => 'C:\\WINDOWS'
    'SERVER_SIGNATURE' => ''
    'SERVER_SOFTWARE' => 'Apache/2.4.18 (Win32) OpenSSL/1.0.2e PHP/5.5.30'
    'SERVER_NAME' => 'yii.cc'
    'SERVER_ADDR' => '127.0.0.1'
    'SERVER_PORT' => '80'
    'REMOTE_ADDR' => '127.0.0.1'
    'DOCUMENT_ROOT' => 'E:/www/eage/frontend/web'
    'REQUEST_SCHEME' => 'http'
    'CONTEXT_PREFIX' => ''
    'CONTEXT_DOCUMENT_ROOT' => 'E:/www/eage/frontend/web'
    'SERVER_ADMIN' => 'admin@phpStudy.net'
    'SCRIPT_FILENAME' => 'E:/www/eage/frontend/web/index.php'
    'REMOTE_PORT' => '60954'
    'GATEWAY_INTERFACE' => 'CGI/1.1'
    'SERVER_PROTOCOL' => 'HTTP/1.1'
    'REQUEST_METHOD' => 'GET'
    'QUERY_STRING' => ''
    'REQUEST_URI' => '/'
    'SCRIPT_NAME' => '/index.php'
    'PHP_SELF' => '/index.php'
    'REQUEST_TIME_FLOAT' => 1479482060.965
    'REQUEST_TIME' => 1479482060
]
2016-11-18 23:14:22 [127.0.0.1][-][-][error][error] test log 
2016-11-18 23:14:22 [127.0.0.1][-][-][info][application] $_COOKIE = [
    '_csrf-frontend' => 'f6f04750f5ed3f7f3e7ef97b1ecf75b7955dc44b3337dace6180ac3b1f6d92cca:2:{i:0;s:14:\"_csrf-frontend\";i:1;s:32:\"WdvGxMeoqb82EBqykppa9EkU5-IB5CTm\";}'
    'frontend' => 'qa67f87aumtbc2mpom6vidfb70'
]

$_SESSION = [
    '__flash' => []
]

$_SERVER = [
    'HTTP_HOST' => 'yii.cc'
    'HTTP_CONNECTION' => 'keep-alive'
    'HTTP_CACHE_CONTROL' => 'max-age=0'
    'HTTP_UPGRADE_INSECURE_REQUESTS' => '1'
    'HTTP_USER_AGENT' => 'Mozilla/5.0 (Windows NT 10.0) AppleWebKit/537.36 (KHTML, like Gecko) Chrome/52.0.2743.116 Safari/537.36'
    'HTTP_ACCEPT' => 'text/html,application/xhtml+xml,application/xml;q=0.9,image/webp,*/*;q=0.8'
    'HTTP_ACCEPT_ENCODING' => 'gzip, deflate, sdch'
    'HTTP_ACCEPT_LANGUAGE' => 'zh-CN,zh;q=0.8'
    'HTTP_COOKIE' => '_csrf-frontend=f6f04750f5ed3f7f3e7ef97b1ecf75b7955dc44b3337dace6180ac3b1f6d92cca%3A2%3A%7Bi%3A0%3Bs%3A14%3A%22_csrf-frontend%22%3Bi%3A1%3Bs%3A32%3A%22WdvGxMeoqb82EBqykppa9EkU5-IB5CTm%22%3B%7D; frontend=qa67f87aumtbc2mpom6vidfb70'
    'PATH' => 'C:\\WINDOWS\\system32;C:\\WINDOWS;C:\\WINDOWS\\System32\\Wbem;C:\\WINDOWS\\System32\\WindowsPowerShell\\v1.0\\;D:\\phpStudy\\MySQL\\bin;D:\\phpStudy\\php55;D:\\memcache\\memcached-1.2.6-win32-bin;D:\\Git\\bin;C:\\ProgramData\\ComposerSetup\\bin;D:\\Pthon\\Scripts\\;D:\\Pthon\\;C:\\Users\\未定义\\AppData\\Roaming\\Composer\\vendor\\bin'
    'SystemRoot' => 'C:\\WINDOWS'
    'COMSPEC' => 'C:\\WINDOWS\\system32\\cmd.exe'
    'PATHEXT' => '.COM;.EXE;.BAT;.CMD;.VBS;.VBE;.JS;.JSE;.WSF;.WSH;.MSC'
    'WINDIR' => 'C:\\WINDOWS'
    'SERVER_SIGNATURE' => ''
    'SERVER_SOFTWARE' => 'Apache/2.4.18 (Win32) OpenSSL/1.0.2e PHP/5.5.30'
    'SERVER_NAME' => 'yii.cc'
    'SERVER_ADDR' => '127.0.0.1'
    'SERVER_PORT' => '80'
    'REMOTE_ADDR' => '127.0.0.1'
    'DOCUMENT_ROOT' => 'E:/www/eage/frontend/web'
    'REQUEST_SCHEME' => 'http'
    'CONTEXT_PREFIX' => ''
    'CONTEXT_DOCUMENT_ROOT' => 'E:/www/eage/frontend/web'
    'SERVER_ADMIN' => 'admin@phpStudy.net'
    'SCRIPT_FILENAME' => 'E:/www/eage/frontend/web/index.php'
    'REMOTE_PORT' => '60959'
    'GATEWAY_INTERFACE' => 'CGI/1.1'
    'SERVER_PROTOCOL' => 'HTTP/1.1'
    'REQUEST_METHOD' => 'GET'
    'QUERY_STRING' => ''
    'REQUEST_URI' => '/'
    'SCRIPT_NAME' => '/index.php'
    'PHP_SELF' => '/index.php'
    'REQUEST_TIME_FLOAT' => 1479482062.205
    'REQUEST_TIME' => 1479482062
]
2016-11-18 23:14:23 [127.0.0.1][-][-][error][error] test log 
2016-11-18 23:14:23 [127.0.0.1][-][-][info][application] $_COOKIE = [
    '_csrf-frontend' => 'f6f04750f5ed3f7f3e7ef97b1ecf75b7955dc44b3337dace6180ac3b1f6d92cca:2:{i:0;s:14:\"_csrf-frontend\";i:1;s:32:\"WdvGxMeoqb82EBqykppa9EkU5-IB5CTm\";}'
    'frontend' => 'qa67f87aumtbc2mpom6vidfb70'
]

$_SESSION = [
    '__flash' => []
]

$_SERVER = [
    'HTTP_HOST' => 'yii.cc'
    'HTTP_CONNECTION' => 'keep-alive'
    'HTTP_CACHE_CONTROL' => 'max-age=0'
    'HTTP_UPGRADE_INSECURE_REQUESTS' => '1'
    'HTTP_USER_AGENT' => 'Mozilla/5.0 (Windows NT 10.0) AppleWebKit/537.36 (KHTML, like Gecko) Chrome/52.0.2743.116 Safari/537.36'
    'HTTP_ACCEPT' => 'text/html,application/xhtml+xml,application/xml;q=0.9,image/webp,*/*;q=0.8'
    'HTTP_ACCEPT_ENCODING' => 'gzip, deflate, sdch'
    'HTTP_ACCEPT_LANGUAGE' => 'zh-CN,zh;q=0.8'
    'HTTP_COOKIE' => '_csrf-frontend=f6f04750f5ed3f7f3e7ef97b1ecf75b7955dc44b3337dace6180ac3b1f6d92cca%3A2%3A%7Bi%3A0%3Bs%3A14%3A%22_csrf-frontend%22%3Bi%3A1%3Bs%3A32%3A%22WdvGxMeoqb82EBqykppa9EkU5-IB5CTm%22%3B%7D; frontend=qa67f87aumtbc2mpom6vidfb70'
    'PATH' => 'C:\\WINDOWS\\system32;C:\\WINDOWS;C:\\WINDOWS\\System32\\Wbem;C:\\WINDOWS\\System32\\WindowsPowerShell\\v1.0\\;D:\\phpStudy\\MySQL\\bin;D:\\phpStudy\\php55;D:\\memcache\\memcached-1.2.6-win32-bin;D:\\Git\\bin;C:\\ProgramData\\ComposerSetup\\bin;D:\\Pthon\\Scripts\\;D:\\Pthon\\;C:\\Users\\未定义\\AppData\\Roaming\\Composer\\vendor\\bin'
    'SystemRoot' => 'C:\\WINDOWS'
    'COMSPEC' => 'C:\\WINDOWS\\system32\\cmd.exe'
    'PATHEXT' => '.COM;.EXE;.BAT;.CMD;.VBS;.VBE;.JS;.JSE;.WSF;.WSH;.MSC'
    'WINDIR' => 'C:\\WINDOWS'
    'SERVER_SIGNATURE' => ''
    'SERVER_SOFTWARE' => 'Apache/2.4.18 (Win32) OpenSSL/1.0.2e PHP/5.5.30'
    'SERVER_NAME' => 'yii.cc'
    'SERVER_ADDR' => '127.0.0.1'
    'SERVER_PORT' => '80'
    'REMOTE_ADDR' => '127.0.0.1'
    'DOCUMENT_ROOT' => 'E:/www/eage/frontend/web'
    'REQUEST_SCHEME' => 'http'
    'CONTEXT_PREFIX' => ''
    'CONTEXT_DOCUMENT_ROOT' => 'E:/www/eage/frontend/web'
    'SERVER_ADMIN' => 'admin@phpStudy.net'
    'SCRIPT_FILENAME' => 'E:/www/eage/frontend/web/index.php'
    'REMOTE_PORT' => '60959'
    'GATEWAY_INTERFACE' => 'CGI/1.1'
    'SERVER_PROTOCOL' => 'HTTP/1.1'
    'REQUEST_METHOD' => 'GET'
    'QUERY_STRING' => ''
    'REQUEST_URI' => '/'
    'SCRIPT_NAME' => '/index.php'
    'PHP_SELF' => '/index.php'
    'REQUEST_TIME_FLOAT' => 1479482063.103
    'REQUEST_TIME' => 1479482063
]
2016-11-18 23:26:31 [127.0.0.1][-][-][error][error] test log 
2016-11-18 23:26:31 [127.0.0.1][-][-][info][application] $_GET = [
    'r' => 'site/about'
]

$_COOKIE = [
    '_csrf-frontend' => 'f6f04750f5ed3f7f3e7ef97b1ecf75b7955dc44b3337dace6180ac3b1f6d92cca:2:{i:0;s:14:\"_csrf-frontend\";i:1;s:32:\"WdvGxMeoqb82EBqykppa9EkU5-IB5CTm\";}'
    'frontend' => 'qa67f87aumtbc2mpom6vidfb70'
]

$_SESSION = [
    '__flash' => []
    '__captcha/site/captcha' => 'wimeyp'
    '__captcha/site/captchacount' => 1
]

$_SERVER = [
    'HTTP_HOST' => 'yii.cc'
    'HTTP_CONNECTION' => 'keep-alive'
    'HTTP_CACHE_CONTROL' => 'max-age=0'
    'HTTP_UPGRADE_INSECURE_REQUESTS' => '1'
    'HTTP_USER_AGENT' => 'Mozilla/5.0 (Windows NT 10.0) AppleWebKit/537.36 (KHTML, like Gecko) Chrome/52.0.2743.116 Safari/537.36'
    'HTTP_ACCEPT' => 'text/html,application/xhtml+xml,application/xml;q=0.9,image/webp,*/*;q=0.8'
    'HTTP_REFERER' => 'http://yii.cc/index.php?r=site%2Fcontact'
    'HTTP_ACCEPT_ENCODING' => 'gzip, deflate, sdch'
    'HTTP_ACCEPT_LANGUAGE' => 'zh-CN,zh;q=0.8'
    'HTTP_COOKIE' => '_csrf-frontend=f6f04750f5ed3f7f3e7ef97b1ecf75b7955dc44b3337dace6180ac3b1f6d92cca%3A2%3A%7Bi%3A0%3Bs%3A14%3A%22_csrf-frontend%22%3Bi%3A1%3Bs%3A32%3A%22WdvGxMeoqb82EBqykppa9EkU5-IB5CTm%22%3B%7D; frontend=qa67f87aumtbc2mpom6vidfb70'
    'PATH' => 'C:\\WINDOWS\\system32;C:\\WINDOWS;C:\\WINDOWS\\System32\\Wbem;C:\\WINDOWS\\System32\\WindowsPowerShell\\v1.0\\;D:\\phpStudy\\MySQL\\bin;D:\\phpStudy\\php55;D:\\memcache\\memcached-1.2.6-win32-bin;D:\\Git\\bin;C:\\ProgramData\\ComposerSetup\\bin;D:\\Pthon\\Scripts\\;D:\\Pthon\\;C:\\Users\\未定义\\AppData\\Roaming\\Composer\\vendor\\bin'
    'SystemRoot' => 'C:\\WINDOWS'
    'COMSPEC' => 'C:\\WINDOWS\\system32\\cmd.exe'
    'PATHEXT' => '.COM;.EXE;.BAT;.CMD;.VBS;.VBE;.JS;.JSE;.WSF;.WSH;.MSC'
    'WINDIR' => 'C:\\WINDOWS'
    'SERVER_SIGNATURE' => ''
    'SERVER_SOFTWARE' => 'Apache/2.4.18 (Win32) OpenSSL/1.0.2e PHP/5.5.30'
    'SERVER_NAME' => 'yii.cc'
    'SERVER_ADDR' => '127.0.0.1'
    'SERVER_PORT' => '80'
    'REMOTE_ADDR' => '127.0.0.1'
    'DOCUMENT_ROOT' => 'E:/www/eage/frontend/web'
    'REQUEST_SCHEME' => 'http'
    'CONTEXT_PREFIX' => ''
    'CONTEXT_DOCUMENT_ROOT' => 'E:/www/eage/frontend/web'
    'SERVER_ADMIN' => 'admin@phpStudy.net'
    'SCRIPT_FILENAME' => 'E:/www/eage/frontend/web/index.php'
    'REMOTE_PORT' => '61113'
    'GATEWAY_INTERFACE' => 'CGI/1.1'
    'SERVER_PROTOCOL' => 'HTTP/1.1'
    'REQUEST_METHOD' => 'GET'
    'QUERY_STRING' => 'r=site%2Fabout'
    'REQUEST_URI' => '/index.php?r=site%2Fabout'
    'SCRIPT_NAME' => '/index.php'
    'PHP_SELF' => '/index.php'
    'REQUEST_TIME_FLOAT' => 1479482791.091
    'REQUEST_TIME' => 1479482791
]
2016-11-18 23:26:31 [127.0.0.1][-][-][error][error] test log 
2016-11-18 23:26:31 [127.0.0.1][-][-][info][application] $_GET = [
    'r' => 'site/about'
]

$_COOKIE = [
    '_csrf-frontend' => 'f6f04750f5ed3f7f3e7ef97b1ecf75b7955dc44b3337dace6180ac3b1f6d92cca:2:{i:0;s:14:\"_csrf-frontend\";i:1;s:32:\"WdvGxMeoqb82EBqykppa9EkU5-IB5CTm\";}'
    'frontend' => 'qa67f87aumtbc2mpom6vidfb70'
]

$_SESSION = [
    '__flash' => []
    '__captcha/site/captcha' => 'wimeyp'
    '__captcha/site/captchacount' => 1
]

$_SERVER = [
    'HTTP_HOST' => 'yii.cc'
    'HTTP_CONNECTION' => 'keep-alive'
    'HTTP_CACHE_CONTROL' => 'max-age=0'
    'HTTP_UPGRADE_INSECURE_REQUESTS' => '1'
    'HTTP_USER_AGENT' => 'Mozilla/5.0 (Windows NT 10.0) AppleWebKit/537.36 (KHTML, like Gecko) Chrome/52.0.2743.116 Safari/537.36'
    'HTTP_ACCEPT' => 'text/html,application/xhtml+xml,application/xml;q=0.9,image/webp,*/*;q=0.8'
    'HTTP_REFERER' => 'http://yii.cc/index.php?r=site%2Fcontact'
    'HTTP_ACCEPT_ENCODING' => 'gzip, deflate, sdch'
    'HTTP_ACCEPT_LANGUAGE' => 'zh-CN,zh;q=0.8'
    'HTTP_COOKIE' => '_csrf-frontend=f6f04750f5ed3f7f3e7ef97b1ecf75b7955dc44b3337dace6180ac3b1f6d92cca%3A2%3A%7Bi%3A0%3Bs%3A14%3A%22_csrf-frontend%22%3Bi%3A1%3Bs%3A32%3A%22WdvGxMeoqb82EBqykppa9EkU5-IB5CTm%22%3B%7D; frontend=qa67f87aumtbc2mpom6vidfb70'
    'PATH' => 'C:\\WINDOWS\\system32;C:\\WINDOWS;C:\\WINDOWS\\System32\\Wbem;C:\\WINDOWS\\System32\\WindowsPowerShell\\v1.0\\;D:\\phpStudy\\MySQL\\bin;D:\\phpStudy\\php55;D:\\memcache\\memcached-1.2.6-win32-bin;D:\\Git\\bin;C:\\ProgramData\\ComposerSetup\\bin;D:\\Pthon\\Scripts\\;D:\\Pthon\\;C:\\Users\\未定义\\AppData\\Roaming\\Composer\\vendor\\bin'
    'SystemRoot' => 'C:\\WINDOWS'
    'COMSPEC' => 'C:\\WINDOWS\\system32\\cmd.exe'
    'PATHEXT' => '.COM;.EXE;.BAT;.CMD;.VBS;.VBE;.JS;.JSE;.WSF;.WSH;.MSC'
    'WINDIR' => 'C:\\WINDOWS'
    'SERVER_SIGNATURE' => ''
    'SERVER_SOFTWARE' => 'Apache/2.4.18 (Win32) OpenSSL/1.0.2e PHP/5.5.30'
    'SERVER_NAME' => 'yii.cc'
    'SERVER_ADDR' => '127.0.0.1'
    'SERVER_PORT' => '80'
    'REMOTE_ADDR' => '127.0.0.1'
    'DOCUMENT_ROOT' => 'E:/www/eage/frontend/web'
    'REQUEST_SCHEME' => 'http'
    'CONTEXT_PREFIX' => ''
    'CONTEXT_DOCUMENT_ROOT' => 'E:/www/eage/frontend/web'
    'SERVER_ADMIN' => 'admin@phpStudy.net'
    'SCRIPT_FILENAME' => 'E:/www/eage/frontend/web/index.php'
    'REMOTE_PORT' => '61113'
    'GATEWAY_INTERFACE' => 'CGI/1.1'
    'SERVER_PROTOCOL' => 'HTTP/1.1'
    'REQUEST_METHOD' => 'GET'
    'QUERY_STRING' => 'r=site%2Fabout'
    'REQUEST_URI' => '/index.php?r=site%2Fabout'
    'SCRIPT_NAME' => '/index.php'
    'PHP_SELF' => '/index.php'
    'REQUEST_TIME_FLOAT' => 1479482791.813
    'REQUEST_TIME' => 1479482791
]
2016-11-18 23:26:32 [127.0.0.1][-][-][error][error] test log 
2016-11-18 23:26:32 [127.0.0.1][-][-][info][application] $_GET = [
    'r' => 'site/about'
]

$_COOKIE = [
    '_csrf-frontend' => 'f6f04750f5ed3f7f3e7ef97b1ecf75b7955dc44b3337dace6180ac3b1f6d92cca:2:{i:0;s:14:\"_csrf-frontend\";i:1;s:32:\"WdvGxMeoqb82EBqykppa9EkU5-IB5CTm\";}'
    'frontend' => 'qa67f87aumtbc2mpom6vidfb70'
]

$_SESSION = [
    '__flash' => []
    '__captcha/site/captcha' => 'wimeyp'
    '__captcha/site/captchacount' => 1
]

$_SERVER = [
    'HTTP_HOST' => 'yii.cc'
    'HTTP_CONNECTION' => 'keep-alive'
    'HTTP_CACHE_CONTROL' => 'max-age=0'
    'HTTP_UPGRADE_INSECURE_REQUESTS' => '1'
    'HTTP_USER_AGENT' => 'Mozilla/5.0 (Windows NT 10.0) AppleWebKit/537.36 (KHTML, like Gecko) Chrome/52.0.2743.116 Safari/537.36'
    'HTTP_ACCEPT' => 'text/html,application/xhtml+xml,application/xml;q=0.9,image/webp,*/*;q=0.8'
    'HTTP_REFERER' => 'http://yii.cc/index.php?r=site%2Fcontact'
    'HTTP_ACCEPT_ENCODING' => 'gzip, deflate, sdch'
    'HTTP_ACCEPT_LANGUAGE' => 'zh-CN,zh;q=0.8'
    'HTTP_COOKIE' => '_csrf-frontend=f6f04750f5ed3f7f3e7ef97b1ecf75b7955dc44b3337dace6180ac3b1f6d92cca%3A2%3A%7Bi%3A0%3Bs%3A14%3A%22_csrf-frontend%22%3Bi%3A1%3Bs%3A32%3A%22WdvGxMeoqb82EBqykppa9EkU5-IB5CTm%22%3B%7D; frontend=qa67f87aumtbc2mpom6vidfb70'
    'PATH' => 'C:\\WINDOWS\\system32;C:\\WINDOWS;C:\\WINDOWS\\System32\\Wbem;C:\\WINDOWS\\System32\\WindowsPowerShell\\v1.0\\;D:\\phpStudy\\MySQL\\bin;D:\\phpStudy\\php55;D:\\memcache\\memcached-1.2.6-win32-bin;D:\\Git\\bin;C:\\ProgramData\\ComposerSetup\\bin;D:\\Pthon\\Scripts\\;D:\\Pthon\\;C:\\Users\\未定义\\AppData\\Roaming\\Composer\\vendor\\bin'
    'SystemRoot' => 'C:\\WINDOWS'
    'COMSPEC' => 'C:\\WINDOWS\\system32\\cmd.exe'
    'PATHEXT' => '.COM;.EXE;.BAT;.CMD;.VBS;.VBE;.JS;.JSE;.WSF;.WSH;.MSC'
    'WINDIR' => 'C:\\WINDOWS'
    'SERVER_SIGNATURE' => ''
    'SERVER_SOFTWARE' => 'Apache/2.4.18 (Win32) OpenSSL/1.0.2e PHP/5.5.30'
    'SERVER_NAME' => 'yii.cc'
    'SERVER_ADDR' => '127.0.0.1'
    'SERVER_PORT' => '80'
    'REMOTE_ADDR' => '127.0.0.1'
    'DOCUMENT_ROOT' => 'E:/www/eage/frontend/web'
    'REQUEST_SCHEME' => 'http'
    'CONTEXT_PREFIX' => ''
    'CONTEXT_DOCUMENT_ROOT' => 'E:/www/eage/frontend/web'
    'SERVER_ADMIN' => 'admin@phpStudy.net'
    'SCRIPT_FILENAME' => 'E:/www/eage/frontend/web/index.php'
    'REMOTE_PORT' => '61113'
    'GATEWAY_INTERFACE' => 'CGI/1.1'
    'SERVER_PROTOCOL' => 'HTTP/1.1'
    'REQUEST_METHOD' => 'GET'
    'QUERY_STRING' => 'r=site%2Fabout'
    'REQUEST_URI' => '/index.php?r=site%2Fabout'
    'SCRIPT_NAME' => '/index.php'
    'PHP_SELF' => '/index.php'
    'REQUEST_TIME_FLOAT' => 1479482792.256
    'REQUEST_TIME' => 1479482792
]
2016-11-18 23:26:32 [127.0.0.1][-][-][error][error] test log 
2016-11-18 23:26:32 [127.0.0.1][-][-][info][application] $_GET = [
    'r' => 'site/about'
]

$_COOKIE = [
    '_csrf-frontend' => 'f6f04750f5ed3f7f3e7ef97b1ecf75b7955dc44b3337dace6180ac3b1f6d92cca:2:{i:0;s:14:\"_csrf-frontend\";i:1;s:32:\"WdvGxMeoqb82EBqykppa9EkU5-IB5CTm\";}'
    'frontend' => 'qa67f87aumtbc2mpom6vidfb70'
]

$_SESSION = [
    '__flash' => []
    '__captcha/site/captcha' => 'wimeyp'
    '__captcha/site/captchacount' => 1
]

$_SERVER = [
    'HTTP_HOST' => 'yii.cc'
    'HTTP_CONNECTION' => 'keep-alive'
    'HTTP_CACHE_CONTROL' => 'max-age=0'
    'HTTP_UPGRADE_INSECURE_REQUESTS' => '1'
    'HTTP_USER_AGENT' => 'Mozilla/5.0 (Windows NT 10.0) AppleWebKit/537.36 (KHTML, like Gecko) Chrome/52.0.2743.116 Safari/537.36'
    'HTTP_ACCEPT' => 'text/html,application/xhtml+xml,application/xml;q=0.9,image/webp,*/*;q=0.8'
    'HTTP_REFERER' => 'http://yii.cc/index.php?r=site%2Fcontact'
    'HTTP_ACCEPT_ENCODING' => 'gzip, deflate, sdch'
    'HTTP_ACCEPT_LANGUAGE' => 'zh-CN,zh;q=0.8'
    'HTTP_COOKIE' => '_csrf-frontend=f6f04750f5ed3f7f3e7ef97b1ecf75b7955dc44b3337dace6180ac3b1f6d92cca%3A2%3A%7Bi%3A0%3Bs%3A14%3A%22_csrf-frontend%22%3Bi%3A1%3Bs%3A32%3A%22WdvGxMeoqb82EBqykppa9EkU5-IB5CTm%22%3B%7D; frontend=qa67f87aumtbc2mpom6vidfb70'
    'PATH' => 'C:\\WINDOWS\\system32;C:\\WINDOWS;C:\\WINDOWS\\System32\\Wbem;C:\\WINDOWS\\System32\\WindowsPowerShell\\v1.0\\;D:\\phpStudy\\MySQL\\bin;D:\\phpStudy\\php55;D:\\memcache\\memcached-1.2.6-win32-bin;D:\\Git\\bin;C:\\ProgramData\\ComposerSetup\\bin;D:\\Pthon\\Scripts\\;D:\\Pthon\\;C:\\Users\\未定义\\AppData\\Roaming\\Composer\\vendor\\bin'
    'SystemRoot' => 'C:\\WINDOWS'
    'COMSPEC' => 'C:\\WINDOWS\\system32\\cmd.exe'
    'PATHEXT' => '.COM;.EXE;.BAT;.CMD;.VBS;.VBE;.JS;.JSE;.WSF;.WSH;.MSC'
    'WINDIR' => 'C:\\WINDOWS'
    'SERVER_SIGNATURE' => ''
    'SERVER_SOFTWARE' => 'Apache/2.4.18 (Win32) OpenSSL/1.0.2e PHP/5.5.30'
    'SERVER_NAME' => 'yii.cc'
    'SERVER_ADDR' => '127.0.0.1'
    'SERVER_PORT' => '80'
    'REMOTE_ADDR' => '127.0.0.1'
    'DOCUMENT_ROOT' => 'E:/www/eage/frontend/web'
    'REQUEST_SCHEME' => 'http'
    'CONTEXT_PREFIX' => ''
    'CONTEXT_DOCUMENT_ROOT' => 'E:/www/eage/frontend/web'
    'SERVER_ADMIN' => 'admin@phpStudy.net'
    'SCRIPT_FILENAME' => 'E:/www/eage/frontend/web/index.php'
    'REMOTE_PORT' => '61117'
    'GATEWAY_INTERFACE' => 'CGI/1.1'
    'SERVER_PROTOCOL' => 'HTTP/1.1'
    'REQUEST_METHOD' => 'GET'
    'QUERY_STRING' => 'r=site%2Fabout'
    'REQUEST_URI' => '/index.php?r=site%2Fabout'
    'SCRIPT_NAME' => '/index.php'
    'PHP_SELF' => '/index.php'
    'REQUEST_TIME_FLOAT' => 1479482792.625
    'REQUEST_TIME' => 1479482792
]
2016-11-18 23:26:40 [127.0.0.1][-][-][error][error] test log 
2016-11-18 23:26:40 [127.0.0.1][-][-][info][application] $_COOKIE = [
    '_csrf-frontend' => 'f6f04750f5ed3f7f3e7ef97b1ecf75b7955dc44b3337dace6180ac3b1f6d92cca:2:{i:0;s:14:\"_csrf-frontend\";i:1;s:32:\"WdvGxMeoqb82EBqykppa9EkU5-IB5CTm\";}'
    'frontend' => 'qa67f87aumtbc2mpom6vidfb70'
]

$_SESSION = [
    '__flash' => []
    '__captcha/site/captcha' => 'wimeyp'
    '__captcha/site/captchacount' => 1
]

$_SERVER = [
    'HTTP_HOST' => 'yii.cc'
    'HTTP_CONNECTION' => 'keep-alive'
    'HTTP_UPGRADE_INSECURE_REQUESTS' => '1'
    'HTTP_USER_AGENT' => 'Mozilla/5.0 (Windows NT 10.0) AppleWebKit/537.36 (KHTML, like Gecko) Chrome/52.0.2743.116 Safari/537.36'
    'HTTP_ACCEPT' => 'text/html,application/xhtml+xml,application/xml;q=0.9,image/webp,*/*;q=0.8'
    'HTTP_ACCEPT_ENCODING' => 'gzip, deflate, sdch'
    'HTTP_ACCEPT_LANGUAGE' => 'zh-CN,zh;q=0.8'
    'HTTP_COOKIE' => '_csrf-frontend=f6f04750f5ed3f7f3e7ef97b1ecf75b7955dc44b3337dace6180ac3b1f6d92cca%3A2%3A%7Bi%3A0%3Bs%3A14%3A%22_csrf-frontend%22%3Bi%3A1%3Bs%3A32%3A%22WdvGxMeoqb82EBqykppa9EkU5-IB5CTm%22%3B%7D; frontend=qa67f87aumtbc2mpom6vidfb70'
    'PATH' => 'C:\\WINDOWS\\system32;C:\\WINDOWS;C:\\WINDOWS\\System32\\Wbem;C:\\WINDOWS\\System32\\WindowsPowerShell\\v1.0\\;D:\\phpStudy\\MySQL\\bin;D:\\phpStudy\\php55;D:\\memcache\\memcached-1.2.6-win32-bin;D:\\Git\\bin;C:\\ProgramData\\ComposerSetup\\bin;D:\\Pthon\\Scripts\\;D:\\Pthon\\;C:\\Users\\未定义\\AppData\\Roaming\\Composer\\vendor\\bin'
    'SystemRoot' => 'C:\\WINDOWS'
    'COMSPEC' => 'C:\\WINDOWS\\system32\\cmd.exe'
    'PATHEXT' => '.COM;.EXE;.BAT;.CMD;.VBS;.VBE;.JS;.JSE;.WSF;.WSH;.MSC'
    'WINDIR' => 'C:\\WINDOWS'
    'SERVER_SIGNATURE' => ''
    'SERVER_SOFTWARE' => 'Apache/2.4.18 (Win32) OpenSSL/1.0.2e PHP/5.5.30'
    'SERVER_NAME' => 'yii.cc'
    'SERVER_ADDR' => '127.0.0.1'
    'SERVER_PORT' => '80'
    'REMOTE_ADDR' => '127.0.0.1'
    'DOCUMENT_ROOT' => 'E:/www/eage/frontend/web'
    'REQUEST_SCHEME' => 'http'
    'CONTEXT_PREFIX' => ''
    'CONTEXT_DOCUMENT_ROOT' => 'E:/www/eage/frontend/web'
    'SERVER_ADMIN' => 'admin@phpStudy.net'
    'SCRIPT_FILENAME' => 'E:/www/eage/frontend/web/index.php'
    'REMOTE_PORT' => '61115'
    'GATEWAY_INTERFACE' => 'CGI/1.1'
    'SERVER_PROTOCOL' => 'HTTP/1.1'
    'REQUEST_METHOD' => 'GET'
    'QUERY_STRING' => ''
    'REQUEST_URI' => '/'
    'SCRIPT_NAME' => '/index.php'
    'PHP_SELF' => '/index.php'
    'REQUEST_TIME_FLOAT' => 1479482800.582
    'REQUEST_TIME' => 1479482800
]
2016-11-18 23:30:14 [127.0.0.1][-][-][error][error] test log 
2016-11-18 23:30:14 [127.0.0.1][-][-][info][application] $_COOKIE = [
    '_csrf-frontend' => 'f6f04750f5ed3f7f3e7ef97b1ecf75b7955dc44b3337dace6180ac3b1f6d92cca:2:{i:0;s:14:\"_csrf-frontend\";i:1;s:32:\"WdvGxMeoqb82EBqykppa9EkU5-IB5CTm\";}'
    'frontend' => 'qa67f87aumtbc2mpom6vidfb70'
]

$_SESSION = [
    '__flash' => []
    '__captcha/site/captcha' => 'wimeyp'
    '__captcha/site/captchacount' => 1
]

$_SERVER = [
    'HTTP_HOST' => 'yii.cc'
    'HTTP_CONNECTION' => 'keep-alive'
    'HTTP_UPGRADE_INSECURE_REQUESTS' => '1'
    'HTTP_USER_AGENT' => 'Mozilla/5.0 (Windows NT 10.0) AppleWebKit/537.36 (KHTML, like Gecko) Chrome/52.0.2743.116 Safari/537.36'
    'HTTP_ACCEPT' => 'text/html,application/xhtml+xml,application/xml;q=0.9,image/webp,*/*;q=0.8'
    'HTTP_ACCEPT_ENCODING' => 'gzip, deflate, sdch'
    'HTTP_ACCEPT_LANGUAGE' => 'zh-CN,zh;q=0.8'
    'HTTP_COOKIE' => '_csrf-frontend=f6f04750f5ed3f7f3e7ef97b1ecf75b7955dc44b3337dace6180ac3b1f6d92cca%3A2%3A%7Bi%3A0%3Bs%3A14%3A%22_csrf-frontend%22%3Bi%3A1%3Bs%3A32%3A%22WdvGxMeoqb82EBqykppa9EkU5-IB5CTm%22%3B%7D; frontend=qa67f87aumtbc2mpom6vidfb70'
    'PATH' => 'C:\\WINDOWS\\system32;C:\\WINDOWS;C:\\WINDOWS\\System32\\Wbem;C:\\WINDOWS\\System32\\WindowsPowerShell\\v1.0\\;D:\\phpStudy\\MySQL\\bin;D:\\phpStudy\\php55;D:\\memcache\\memcached-1.2.6-win32-bin;D:\\Git\\bin;C:\\ProgramData\\ComposerSetup\\bin;D:\\Pthon\\Scripts\\;D:\\Pthon\\;C:\\Users\\未定义\\AppData\\Roaming\\Composer\\vendor\\bin'
    'SystemRoot' => 'C:\\WINDOWS'
    'COMSPEC' => 'C:\\WINDOWS\\system32\\cmd.exe'
    'PATHEXT' => '.COM;.EXE;.BAT;.CMD;.VBS;.VBE;.JS;.JSE;.WSF;.WSH;.MSC'
    'WINDIR' => 'C:\\WINDOWS'
    'SERVER_SIGNATURE' => ''
    'SERVER_SOFTWARE' => 'Apache/2.4.18 (Win32) OpenSSL/1.0.2e PHP/5.5.30'
    'SERVER_NAME' => 'yii.cc'
    'SERVER_ADDR' => '127.0.0.1'
    'SERVER_PORT' => '80'
    'REMOTE_ADDR' => '127.0.0.1'
    'DOCUMENT_ROOT' => 'E:/www/eage/frontend/web'
    'REQUEST_SCHEME' => 'http'
    'CONTEXT_PREFIX' => ''
    'CONTEXT_DOCUMENT_ROOT' => 'E:/www/eage/frontend/web'
    'SERVER_ADMIN' => 'admin@phpStudy.net'
    'SCRIPT_FILENAME' => 'E:/www/eage/frontend/web/index.php'
    'REMOTE_PORT' => '61284'
    'GATEWAY_INTERFACE' => 'CGI/1.1'
    'SERVER_PROTOCOL' => 'HTTP/1.1'
    'REQUEST_METHOD' => 'GET'
    'QUERY_STRING' => ''
    'REQUEST_URI' => '/'
    'SCRIPT_NAME' => '/index.php'
    'PHP_SELF' => '/index.php'
    'REQUEST_TIME_FLOAT' => 1479483013.894
    'REQUEST_TIME' => 1479483013
]
2016-11-28 01:11:11 [127.0.0.1][-][-][error][error] test log 
2016-11-28 01:11:11 [127.0.0.1][-][-][info][application] $_SESSION = [
    '__flash' => []
]

$_SERVER = [
    'HTTP_HOST' => 'yii.cc'
    'HTTP_CONNECTION' => 'keep-alive'
    'HTTP_CACHE_CONTROL' => 'max-age=0'
    'HTTP_UPGRADE_INSECURE_REQUESTS' => '1'
    'HTTP_USER_AGENT' => 'Mozilla/5.0 (Windows NT 10.0) AppleWebKit/537.36 (KHTML, like Gecko) Chrome/52.0.2743.116 Safari/537.36'
    'HTTP_ACCEPT' => 'text/html,application/xhtml+xml,application/xml;q=0.9,image/webp,*/*;q=0.8'
    'HTTP_ACCEPT_ENCODING' => 'gzip, deflate, sdch'
    'HTTP_ACCEPT_LANGUAGE' => 'zh-CN,zh;q=0.8'
    'PATH' => 'C:\\Windows\\system32;C:\\Windows;C:\\Windows\\System32\\Wbem;C:\\Windows\\System32\\WindowsPowerShell\\v1.0\\;D:\\phpStudy\\MySQL\\bin;D:\\phpStudy\\php55;D:\\memcache\\memcached-1.2.6-win32-bin;D:\\Git\\bin;C:\\ProgramData\\ComposerSetup\\bin;D:\\easyBackup\\AOMEI Backupper 3.5;D:\\Pthon\\Scripts\\;D:\\Pthon\\;C:\\Users\\未定义\\AppData\\Roaming\\Composer\\vendor\\bin'
    'SystemRoot' => 'C:\\Windows'
    'COMSPEC' => 'C:\\Windows\\system32\\cmd.exe'
    'PATHEXT' => '.COM;.EXE;.BAT;.CMD;.VBS;.VBE;.JS;.JSE;.WSF;.WSH;.MSC'
    'WINDIR' => 'C:\\Windows'
    'SERVER_SIGNATURE' => ''
    'SERVER_SOFTWARE' => 'Apache/2.4.18 (Win32) OpenSSL/1.0.2e PHP/5.5.30'
    'SERVER_NAME' => 'yii.cc'
    'SERVER_ADDR' => '127.0.0.1'
    'SERVER_PORT' => '80'
    'REMOTE_ADDR' => '127.0.0.1'
    'DOCUMENT_ROOT' => 'E:/www/eage/frontend/web'
    'REQUEST_SCHEME' => 'http'
    'CONTEXT_PREFIX' => ''
    'CONTEXT_DOCUMENT_ROOT' => 'E:/www/eage/frontend/web'
    'SERVER_ADMIN' => 'admin@phpStudy.net'
    'SCRIPT_FILENAME' => 'E:/www/eage/frontend/web/index.php'
    'REMOTE_PORT' => '51477'
    'GATEWAY_INTERFACE' => 'CGI/1.1'
    'SERVER_PROTOCOL' => 'HTTP/1.1'
    'REQUEST_METHOD' => 'GET'
    'QUERY_STRING' => ''
    'REQUEST_URI' => '/'
    'SCRIPT_NAME' => '/index.php'
    'PHP_SELF' => '/index.php'
    'REQUEST_TIME_FLOAT' => 1480266671.444
    'REQUEST_TIME' => 1480266671
]
2016-11-28 01:15:29 [127.0.0.1][-][-][error][error] test log 
2016-11-28 01:15:29 [127.0.0.1][-][-][info][application] $_GET = [
    'r' => 'site/about'
    'page' => '2'
    'per-page' => '10'
]

$_COOKIE = [
    '_csrf-frontend' => '052aa79bbee46b99f70b8ad21b362c6a240f0abfd36a9e554ac1eff4264e52e1a:2:{i:0;s:14:\"_csrf-frontend\";i:1;s:32:\"seIbqyJ1O6Rm2dDBxitmHb67_D2ILq1i\";}'
    'frontend' => 'gg12tcnnb3ukql4galjb13dtq5'
]

$_SESSION = [
    '__flash' => []
]

$_SERVER = [
    'HTTP_HOST' => 'yii.cc'
    'HTTP_CONNECTION' => 'keep-alive'
    'HTTP_CACHE_CONTROL' => 'max-age=0'
    'HTTP_UPGRADE_INSECURE_REQUESTS' => '1'
    'HTTP_USER_AGENT' => 'Mozilla/5.0 (Windows NT 10.0) AppleWebKit/537.36 (KHTML, like Gecko) Chrome/52.0.2743.116 Safari/537.36'
    'HTTP_ACCEPT' => 'text/html,application/xhtml+xml,application/xml;q=0.9,image/webp,*/*;q=0.8'
    'HTTP_REFERER' => 'http://yii.cc/index.php?r=site%2Fabout&page=1&per-page=10'
    'HTTP_ACCEPT_ENCODING' => 'gzip, deflate, sdch'
    'HTTP_ACCEPT_LANGUAGE' => 'zh-CN,zh;q=0.8'
    'HTTP_COOKIE' => '_csrf-frontend=052aa79bbee46b99f70b8ad21b362c6a240f0abfd36a9e554ac1eff4264e52e1a%3A2%3A%7Bi%3A0%3Bs%3A14%3A%22_csrf-frontend%22%3Bi%3A1%3Bs%3A32%3A%22seIbqyJ1O6Rm2dDBxitmHb67_D2ILq1i%22%3B%7D; frontend=gg12tcnnb3ukql4galjb13dtq5'
    'PATH' => 'C:\\Windows\\system32;C:\\Windows;C:\\Windows\\System32\\Wbem;C:\\Windows\\System32\\WindowsPowerShell\\v1.0\\;D:\\phpStudy\\MySQL\\bin;D:\\phpStudy\\php55;D:\\memcache\\memcached-1.2.6-win32-bin;D:\\Git\\bin;C:\\ProgramData\\ComposerSetup\\bin;D:\\easyBackup\\AOMEI Backupper 3.5;D:\\Pthon\\Scripts\\;D:\\Pthon\\;C:\\Users\\未定义\\AppData\\Roaming\\Composer\\vendor\\bin'
    'SystemRoot' => 'C:\\Windows'
    'COMSPEC' => 'C:\\Windows\\system32\\cmd.exe'
    'PATHEXT' => '.COM;.EXE;.BAT;.CMD;.VBS;.VBE;.JS;.JSE;.WSF;.WSH;.MSC'
    'WINDIR' => 'C:\\Windows'
    'SERVER_SIGNATURE' => ''
    'SERVER_SOFTWARE' => 'Apache/2.4.18 (Win32) OpenSSL/1.0.2e PHP/5.5.30'
    'SERVER_NAME' => 'yii.cc'
    'SERVER_ADDR' => '127.0.0.1'
    'SERVER_PORT' => '80'
    'REMOTE_ADDR' => '127.0.0.1'
    'DOCUMENT_ROOT' => 'E:/www/eage/frontend/web'
    'REQUEST_SCHEME' => 'http'
    'CONTEXT_PREFIX' => ''
    'CONTEXT_DOCUMENT_ROOT' => 'E:/www/eage/frontend/web'
    'SERVER_ADMIN' => 'admin@phpStudy.net'
    'SCRIPT_FILENAME' => 'E:/www/eage/frontend/web/index.php'
    'REMOTE_PORT' => '51555'
    'GATEWAY_INTERFACE' => 'CGI/1.1'
    'SERVER_PROTOCOL' => 'HTTP/1.1'
    'REQUEST_METHOD' => 'GET'
    'QUERY_STRING' => 'r=site%2Fabout&page=2&per-page=10'
    'REQUEST_URI' => '/index.php?r=site%2Fabout&page=2&per-page=10'
    'SCRIPT_NAME' => '/index.php'
    'PHP_SELF' => '/index.php'
    'REQUEST_TIME_FLOAT' => 1480266929.682
    'REQUEST_TIME' => 1480266929
]
2016-11-29 23:10:06 [127.0.0.1][-][-][error][error] test log 
2016-11-29 23:10:06 [127.0.0.1][-][-][info][application] $_SESSION = [
    '__flash' => []
]

$_SERVER = [
    'HTTP_HOST' => 'yii.cc'
    'HTTP_CONNECTION' => 'keep-alive'
    'HTTP_UPGRADE_INSECURE_REQUESTS' => '1'
    'HTTP_USER_AGENT' => 'Mozilla/5.0 (Windows NT 10.0) AppleWebKit/537.36 (KHTML, like Gecko) Chrome/52.0.2743.116 Safari/537.36'
    'HTTP_ACCEPT' => 'text/html,application/xhtml+xml,application/xml;q=0.9,image/webp,*/*;q=0.8'
    'HTTP_ACCEPT_ENCODING' => 'gzip, deflate, sdch'
    'HTTP_ACCEPT_LANGUAGE' => 'zh-CN,zh;q=0.8'
    'PATH' => 'C:\\Windows\\system32;C:\\Windows;C:\\Windows\\System32\\Wbem;C:\\Windows\\System32\\WindowsPowerShell\\v1.0\\;D:\\phpStudy\\MySQL\\bin;D:\\phpStudy\\php55;D:\\memcache\\memcached-1.2.6-win32-bin;D:\\Git\\bin;C:\\ProgramData\\ComposerSetup\\bin;D:\\easyBackup\\AOMEI Backupper 3.5;D:\\Pthon\\Scripts\\;D:\\Pthon\\;C:\\Users\\未定义\\AppData\\Roaming\\Composer\\vendor\\bin'
    'SystemRoot' => 'C:\\Windows'
    'COMSPEC' => 'C:\\Windows\\system32\\cmd.exe'
    'PATHEXT' => '.COM;.EXE;.BAT;.CMD;.VBS;.VBE;.JS;.JSE;.WSF;.WSH;.MSC'
    'WINDIR' => 'C:\\Windows'
    'SERVER_SIGNATURE' => ''
    'SERVER_SOFTWARE' => 'Apache/2.4.18 (Win32) OpenSSL/1.0.2e PHP/5.5.30'
    'SERVER_NAME' => 'yii.cc'
    'SERVER_ADDR' => '127.0.0.1'
    'SERVER_PORT' => '80'
    'REMOTE_ADDR' => '127.0.0.1'
    'DOCUMENT_ROOT' => 'E:/www/eage/frontend/web'
    'REQUEST_SCHEME' => 'http'
    'CONTEXT_PREFIX' => ''
    'CONTEXT_DOCUMENT_ROOT' => 'E:/www/eage/frontend/web'
    'SERVER_ADMIN' => 'admin@phpStudy.net'
    'SCRIPT_FILENAME' => 'E:/www/eage/frontend/web/index.php'
    'REMOTE_PORT' => '50272'
    'GATEWAY_INTERFACE' => 'CGI/1.1'
    'SERVER_PROTOCOL' => 'HTTP/1.1'
    'REQUEST_METHOD' => 'GET'
    'QUERY_STRING' => ''
    'REQUEST_URI' => '/'
    'SCRIPT_NAME' => '/index.php'
    'PHP_SELF' => '/index.php'
    'REQUEST_TIME_FLOAT' => 1480432205.603
    'REQUEST_TIME' => 1480432205
]
2016-11-29 23:10:14 [127.0.0.1][-][-][error][error] test log 
2016-11-29 23:10:14 [127.0.0.1][-][-][info][application] $_COOKIE = [
    '_csrf-frontend' => 'df3c139d16c1a6cb2ec252e0b0092a32c70336323daeef85ff8c61af53326c27a:2:{i:0;s:14:\"_csrf-frontend\";i:1;s:32:\"WzxwWoP-jxY-WaKLAw6Vk_VZyso-1eMr\";}'
    'frontend' => 'a26q5olefmr6kmkc8e2qud6ib4'
]

$_SESSION = [
    '__flash' => []
]

$_SERVER = [
    'HTTP_HOST' => 'yii.cc'
    'HTTP_CONNECTION' => 'keep-alive'
    'HTTP_UPGRADE_INSECURE_REQUESTS' => '1'
    'HTTP_USER_AGENT' => 'Mozilla/5.0 (Windows NT 10.0) AppleWebKit/537.36 (KHTML, like Gecko) Chrome/52.0.2743.116 Safari/537.36'
    'HTTP_ACCEPT' => 'text/html,application/xhtml+xml,application/xml;q=0.9,image/webp,*/*;q=0.8'
    'HTTP_ACCEPT_ENCODING' => 'gzip, deflate, sdch'
    'HTTP_ACCEPT_LANGUAGE' => 'zh-CN,zh;q=0.8'
    'HTTP_COOKIE' => '_csrf-frontend=df3c139d16c1a6cb2ec252e0b0092a32c70336323daeef85ff8c61af53326c27a%3A2%3A%7Bi%3A0%3Bs%3A14%3A%22_csrf-frontend%22%3Bi%3A1%3Bs%3A32%3A%22WzxwWoP-jxY-WaKLAw6Vk_VZyso-1eMr%22%3B%7D; frontend=a26q5olefmr6kmkc8e2qud6ib4'
    'PATH' => 'C:\\Windows\\system32;C:\\Windows;C:\\Windows\\System32\\Wbem;C:\\Windows\\System32\\WindowsPowerShell\\v1.0\\;D:\\phpStudy\\MySQL\\bin;D:\\phpStudy\\php55;D:\\memcache\\memcached-1.2.6-win32-bin;D:\\Git\\bin;C:\\ProgramData\\ComposerSetup\\bin;D:\\easyBackup\\AOMEI Backupper 3.5;D:\\Pthon\\Scripts\\;D:\\Pthon\\;C:\\Users\\未定义\\AppData\\Roaming\\Composer\\vendor\\bin'
    'SystemRoot' => 'C:\\Windows'
    'COMSPEC' => 'C:\\Windows\\system32\\cmd.exe'
    'PATHEXT' => '.COM;.EXE;.BAT;.CMD;.VBS;.VBE;.JS;.JSE;.WSF;.WSH;.MSC'
    'WINDIR' => 'C:\\Windows'
    'SERVER_SIGNATURE' => ''
    'SERVER_SOFTWARE' => 'Apache/2.4.18 (Win32) OpenSSL/1.0.2e PHP/5.5.30'
    'SERVER_NAME' => 'yii.cc'
    'SERVER_ADDR' => '127.0.0.1'
    'SERVER_PORT' => '80'
    'REMOTE_ADDR' => '127.0.0.1'
    'DOCUMENT_ROOT' => 'E:/www/eage/frontend/web'
    'REQUEST_SCHEME' => 'http'
    'CONTEXT_PREFIX' => ''
    'CONTEXT_DOCUMENT_ROOT' => 'E:/www/eage/frontend/web'
    'SERVER_ADMIN' => 'admin@phpStudy.net'
    'SCRIPT_FILENAME' => 'E:/www/eage/frontend/web/index.php'
    'REMOTE_PORT' => '50283'
    'GATEWAY_INTERFACE' => 'CGI/1.1'
    'SERVER_PROTOCOL' => 'HTTP/1.1'
    'REQUEST_METHOD' => 'GET'
    'QUERY_STRING' => ''
    'REQUEST_URI' => '/'
    'SCRIPT_NAME' => '/index.php'
    'PHP_SELF' => '/index.php'
    'REQUEST_TIME_FLOAT' => 1480432214.582
    'REQUEST_TIME' => 1480432214
]
2016-11-29 23:11:16 [127.0.0.1][-][-][error][error] test log 
2016-11-29 23:11:16 [127.0.0.1][-][-][info][application] $_COOKIE = [
    '_csrf-frontend' => 'df3c139d16c1a6cb2ec252e0b0092a32c70336323daeef85ff8c61af53326c27a:2:{i:0;s:14:\"_csrf-frontend\";i:1;s:32:\"WzxwWoP-jxY-WaKLAw6Vk_VZyso-1eMr\";}'
    'frontend' => 'a26q5olefmr6kmkc8e2qud6ib4'
]

$_SESSION = [
    '__flash' => []
]

$_SERVER = [
    'HTTP_HOST' => 'yii.cc'
    'HTTP_CONNECTION' => 'keep-alive'
    'HTTP_CACHE_CONTROL' => 'max-age=0'
    'HTTP_UPGRADE_INSECURE_REQUESTS' => '1'
    'HTTP_USER_AGENT' => 'Mozilla/5.0 (Windows NT 10.0) AppleWebKit/537.36 (KHTML, like Gecko) Chrome/52.0.2743.116 Safari/537.36'
    'HTTP_ACCEPT' => 'text/html,application/xhtml+xml,application/xml;q=0.9,image/webp,*/*;q=0.8'
    'HTTP_ACCEPT_ENCODING' => 'gzip, deflate, sdch'
    'HTTP_ACCEPT_LANGUAGE' => 'zh-CN,zh;q=0.8'
    'HTTP_COOKIE' => '_csrf-frontend=df3c139d16c1a6cb2ec252e0b0092a32c70336323daeef85ff8c61af53326c27a%3A2%3A%7Bi%3A0%3Bs%3A14%3A%22_csrf-frontend%22%3Bi%3A1%3Bs%3A32%3A%22WzxwWoP-jxY-WaKLAw6Vk_VZyso-1eMr%22%3B%7D; frontend=a26q5olefmr6kmkc8e2qud6ib4'
    'PATH' => 'C:\\Windows\\system32;C:\\Windows;C:\\Windows\\System32\\Wbem;C:\\Windows\\System32\\WindowsPowerShell\\v1.0\\;D:\\phpStudy\\MySQL\\bin;D:\\phpStudy\\php55;D:\\memcache\\memcached-1.2.6-win32-bin;D:\\Git\\bin;C:\\ProgramData\\ComposerSetup\\bin;D:\\easyBackup\\AOMEI Backupper 3.5;D:\\Pthon\\Scripts\\;D:\\Pthon\\;C:\\Users\\未定义\\AppData\\Roaming\\Composer\\vendor\\bin'
    'SystemRoot' => 'C:\\Windows'
    'COMSPEC' => 'C:\\Windows\\system32\\cmd.exe'
    'PATHEXT' => '.COM;.EXE;.BAT;.CMD;.VBS;.VBE;.JS;.JSE;.WSF;.WSH;.MSC'
    'WINDIR' => 'C:\\Windows'
    'SERVER_SIGNATURE' => ''
    'SERVER_SOFTWARE' => 'Apache/2.4.18 (Win32) OpenSSL/1.0.2e PHP/5.5.30'
    'SERVER_NAME' => 'yii.cc'
    'SERVER_ADDR' => '127.0.0.1'
    'SERVER_PORT' => '80'
    'REMOTE_ADDR' => '127.0.0.1'
    'DOCUMENT_ROOT' => 'E:/www/eage/frontend/web'
    'REQUEST_SCHEME' => 'http'
    'CONTEXT_PREFIX' => ''
    'CONTEXT_DOCUMENT_ROOT' => 'E:/www/eage/frontend/web'
    'SERVER_ADMIN' => 'admin@phpStudy.net'
    'SCRIPT_FILENAME' => 'E:/www/eage/frontend/web/index.php'
    'REMOTE_PORT' => '50311'
    'GATEWAY_INTERFACE' => 'CGI/1.1'
    'SERVER_PROTOCOL' => 'HTTP/1.1'
    'REQUEST_METHOD' => 'GET'
    'QUERY_STRING' => ''
    'REQUEST_URI' => '/'
    'SCRIPT_NAME' => '/index.php'
    'PHP_SELF' => '/index.php'
    'REQUEST_TIME_FLOAT' => 1480432276.88
    'REQUEST_TIME' => 1480432276
]
2016-11-29 23:11:38 [127.0.0.1][-][-][error][error] test log 
2016-11-29 23:11:38 [127.0.0.1][-][-][info][application] $_GET = [
    'r' => 'site/index'
]

$_COOKIE = [
    '_csrf-frontend' => 'df3c139d16c1a6cb2ec252e0b0092a32c70336323daeef85ff8c61af53326c27a:2:{i:0;s:14:\"_csrf-frontend\";i:1;s:32:\"WzxwWoP-jxY-WaKLAw6Vk_VZyso-1eMr\";}'
    'frontend' => 'a26q5olefmr6kmkc8e2qud6ib4'
]

$_SESSION = [
    '__flash' => []
    '__captcha/site/captcha' => 'levlpei'
    '__captcha/site/captchacount' => 1
]

$_SERVER = [
    'HTTP_HOST' => 'yii.cc'
    'HTTP_CONNECTION' => 'keep-alive'
    'HTTP_UPGRADE_INSECURE_REQUESTS' => '1'
    'HTTP_USER_AGENT' => 'Mozilla/5.0 (Windows NT 10.0) AppleWebKit/537.36 (KHTML, like Gecko) Chrome/52.0.2743.116 Safari/537.36'
    'HTTP_ACCEPT' => 'text/html,application/xhtml+xml,application/xml;q=0.9,image/webp,*/*;q=0.8'
    'HTTP_REFERER' => 'http://yii.cc/index.php?r=site%2Flogin'
    'HTTP_ACCEPT_ENCODING' => 'gzip, deflate, sdch'
    'HTTP_ACCEPT_LANGUAGE' => 'zh-CN,zh;q=0.8'
    'HTTP_COOKIE' => '_csrf-frontend=df3c139d16c1a6cb2ec252e0b0092a32c70336323daeef85ff8c61af53326c27a%3A2%3A%7Bi%3A0%3Bs%3A14%3A%22_csrf-frontend%22%3Bi%3A1%3Bs%3A32%3A%22WzxwWoP-jxY-WaKLAw6Vk_VZyso-1eMr%22%3B%7D; frontend=a26q5olefmr6kmkc8e2qud6ib4'
    'PATH' => 'C:\\Windows\\system32;C:\\Windows;C:\\Windows\\System32\\Wbem;C:\\Windows\\System32\\WindowsPowerShell\\v1.0\\;D:\\phpStudy\\MySQL\\bin;D:\\phpStudy\\php55;D:\\memcache\\memcached-1.2.6-win32-bin;D:\\Git\\bin;C:\\ProgramData\\ComposerSetup\\bin;D:\\easyBackup\\AOMEI Backupper 3.5;D:\\Pthon\\Scripts\\;D:\\Pthon\\;C:\\Users\\未定义\\AppData\\Roaming\\Composer\\vendor\\bin'
    'SystemRoot' => 'C:\\Windows'
    'COMSPEC' => 'C:\\Windows\\system32\\cmd.exe'
    'PATHEXT' => '.COM;.EXE;.BAT;.CMD;.VBS;.VBE;.JS;.JSE;.WSF;.WSH;.MSC'
    'WINDIR' => 'C:\\Windows'
    'SERVER_SIGNATURE' => ''
    'SERVER_SOFTWARE' => 'Apache/2.4.18 (Win32) OpenSSL/1.0.2e PHP/5.5.30'
    'SERVER_NAME' => 'yii.cc'
    'SERVER_ADDR' => '127.0.0.1'
    'SERVER_PORT' => '80'
    'REMOTE_ADDR' => '127.0.0.1'
    'DOCUMENT_ROOT' => 'E:/www/eage/frontend/web'
    'REQUEST_SCHEME' => 'http'
    'CONTEXT_PREFIX' => ''
    'CONTEXT_DOCUMENT_ROOT' => 'E:/www/eage/frontend/web'
    'SERVER_ADMIN' => 'admin@phpStudy.net'
    'SCRIPT_FILENAME' => 'E:/www/eage/frontend/web/index.php'
    'REMOTE_PORT' => '50313'
    'GATEWAY_INTERFACE' => 'CGI/1.1'
    'SERVER_PROTOCOL' => 'HTTP/1.1'
    'REQUEST_METHOD' => 'GET'
    'QUERY_STRING' => 'r=site%2Findex'
    'REQUEST_URI' => '/index.php?r=site%2Findex'
    'SCRIPT_NAME' => '/index.php'
    'PHP_SELF' => '/index.php'
    'REQUEST_TIME_FLOAT' => 1480432298.494
    'REQUEST_TIME' => 1480432298
]
2016-11-29 23:12:08 [127.0.0.1][-][-][error][error] test log 
2016-11-29 23:12:07 [127.0.0.1][-][-][info][application] $_GET = [
    'r' => 'site/index'
]

$_COOKIE = [
    '_csrf-frontend' => 'df3c139d16c1a6cb2ec252e0b0092a32c70336323daeef85ff8c61af53326c27a:2:{i:0;s:14:\"_csrf-frontend\";i:1;s:32:\"WzxwWoP-jxY-WaKLAw6Vk_VZyso-1eMr\";}'
    'frontend' => 'a26q5olefmr6kmkc8e2qud6ib4'
]

$_SESSION = [
    '__flash' => []
    '__captcha/site/captcha' => 'levlpei'
    '__captcha/site/captchacount' => 1
]

$_SERVER = [
    'HTTP_HOST' => 'yii.cc'
    'HTTP_CONNECTION' => 'keep-alive'
    'HTTP_UPGRADE_INSECURE_REQUESTS' => '1'
    'HTTP_USER_AGENT' => 'Mozilla/5.0 (Windows NT 10.0) AppleWebKit/537.36 (KHTML, like Gecko) Chrome/52.0.2743.116 Safari/537.36'
    'HTTP_ACCEPT' => 'text/html,application/xhtml+xml,application/xml;q=0.9,image/webp,*/*;q=0.8'
    'HTTP_REFERER' => 'http://yii.cc/index.php?r=site%2Flogin'
    'HTTP_ACCEPT_ENCODING' => 'gzip, deflate, sdch'
    'HTTP_ACCEPT_LANGUAGE' => 'zh-CN,zh;q=0.8'
    'HTTP_COOKIE' => '_csrf-frontend=df3c139d16c1a6cb2ec252e0b0092a32c70336323daeef85ff8c61af53326c27a%3A2%3A%7Bi%3A0%3Bs%3A14%3A%22_csrf-frontend%22%3Bi%3A1%3Bs%3A32%3A%22WzxwWoP-jxY-WaKLAw6Vk_VZyso-1eMr%22%3B%7D; frontend=a26q5olefmr6kmkc8e2qud6ib4'
    'PATH' => 'C:\\Windows\\system32;C:\\Windows;C:\\Windows\\System32\\Wbem;C:\\Windows\\System32\\WindowsPowerShell\\v1.0\\;D:\\phpStudy\\MySQL\\bin;D:\\phpStudy\\php55;D:\\memcache\\memcached-1.2.6-win32-bin;D:\\Git\\bin;C:\\ProgramData\\ComposerSetup\\bin;D:\\easyBackup\\AOMEI Backupper 3.5;D:\\Pthon\\Scripts\\;D:\\Pthon\\;C:\\Users\\未定义\\AppData\\Roaming\\Composer\\vendor\\bin'
    'SystemRoot' => 'C:\\Windows'
    'COMSPEC' => 'C:\\Windows\\system32\\cmd.exe'
    'PATHEXT' => '.COM;.EXE;.BAT;.CMD;.VBS;.VBE;.JS;.JSE;.WSF;.WSH;.MSC'
    'WINDIR' => 'C:\\Windows'
    'SERVER_SIGNATURE' => ''
    'SERVER_SOFTWARE' => 'Apache/2.4.18 (Win32) OpenSSL/1.0.2e PHP/5.5.30'
    'SERVER_NAME' => 'yii.cc'
    'SERVER_ADDR' => '127.0.0.1'
    'SERVER_PORT' => '80'
    'REMOTE_ADDR' => '127.0.0.1'
    'DOCUMENT_ROOT' => 'E:/www/eage/frontend/web'
    'REQUEST_SCHEME' => 'http'
    'CONTEXT_PREFIX' => ''
    'CONTEXT_DOCUMENT_ROOT' => 'E:/www/eage/frontend/web'
    'SERVER_ADMIN' => 'admin@phpStudy.net'
    'SCRIPT_FILENAME' => 'E:/www/eage/frontend/web/index.php'
    'REMOTE_PORT' => '50342'
    'GATEWAY_INTERFACE' => 'CGI/1.1'
    'SERVER_PROTOCOL' => 'HTTP/1.1'
    'REQUEST_METHOD' => 'GET'
    'QUERY_STRING' => 'r=site%2Findex'
    'REQUEST_URI' => '/index.php?r=site%2Findex'
    'SCRIPT_NAME' => '/index.php'
    'PHP_SELF' => '/index.php'
    'REQUEST_TIME_FLOAT' => 1480432327.888
    'REQUEST_TIME' => 1480432327
]
2016-11-29 23:19:49 [127.0.0.1][-][-][error][error] test log 
2016-11-29 23:19:48 [127.0.0.1][-][-][info][application] $_GET = [
    'r' => 'site/index'
]

$_COOKIE = [
    '_csrf-frontend' => 'df3c139d16c1a6cb2ec252e0b0092a32c70336323daeef85ff8c61af53326c27a:2:{i:0;s:14:\"_csrf-frontend\";i:1;s:32:\"WzxwWoP-jxY-WaKLAw6Vk_VZyso-1eMr\";}'
    'frontend' => 'a26q5olefmr6kmkc8e2qud6ib4'
]

$_SESSION = [
    '__flash' => []
    '__captcha/site/captcha' => 'levlpei'
    '__captcha/site/captchacount' => 1
]

$_SERVER = [
    'HTTP_HOST' => 'yii.cc'
    'HTTP_CONNECTION' => 'keep-alive'
    'HTTP_UPGRADE_INSECURE_REQUESTS' => '1'
    'HTTP_USER_AGENT' => 'Mozilla/5.0 (Windows NT 10.0) AppleWebKit/537.36 (KHTML, like Gecko) Chrome/52.0.2743.116 Safari/537.36'
    'HTTP_ACCEPT' => 'text/html,application/xhtml+xml,application/xml;q=0.9,image/webp,*/*;q=0.8'
    'HTTP_REFERER' => 'http://yii.cc/index.php?r=site%2Fabout'
    'HTTP_ACCEPT_ENCODING' => 'gzip, deflate, sdch'
    'HTTP_ACCEPT_LANGUAGE' => 'zh-CN,zh;q=0.8'
    'HTTP_COOKIE' => '_csrf-frontend=df3c139d16c1a6cb2ec252e0b0092a32c70336323daeef85ff8c61af53326c27a%3A2%3A%7Bi%3A0%3Bs%3A14%3A%22_csrf-frontend%22%3Bi%3A1%3Bs%3A32%3A%22WzxwWoP-jxY-WaKLAw6Vk_VZyso-1eMr%22%3B%7D; frontend=a26q5olefmr6kmkc8e2qud6ib4'
    'PATH' => 'C:\\Windows\\system32;C:\\Windows;C:\\Windows\\System32\\Wbem;C:\\Windows\\System32\\WindowsPowerShell\\v1.0\\;D:\\phpStudy\\MySQL\\bin;D:\\phpStudy\\php55;D:\\memcache\\memcached-1.2.6-win32-bin;D:\\Git\\bin;C:\\ProgramData\\ComposerSetup\\bin;D:\\easyBackup\\AOMEI Backupper 3.5;D:\\Pthon\\Scripts\\;D:\\Pthon\\;C:\\Users\\未定义\\AppData\\Roaming\\Composer\\vendor\\bin'
    'SystemRoot' => 'C:\\Windows'
    'COMSPEC' => 'C:\\Windows\\system32\\cmd.exe'
    'PATHEXT' => '.COM;.EXE;.BAT;.CMD;.VBS;.VBE;.JS;.JSE;.WSF;.WSH;.MSC'
    'WINDIR' => 'C:\\Windows'
    'SERVER_SIGNATURE' => ''
    'SERVER_SOFTWARE' => 'Apache/2.4.18 (Win32) OpenSSL/1.0.2e PHP/5.5.30'
    'SERVER_NAME' => 'yii.cc'
    'SERVER_ADDR' => '127.0.0.1'
    'SERVER_PORT' => '80'
    'REMOTE_ADDR' => '127.0.0.1'
    'DOCUMENT_ROOT' => 'E:/www/eage/frontend/web'
    'REQUEST_SCHEME' => 'http'
    'CONTEXT_PREFIX' => ''
    'CONTEXT_DOCUMENT_ROOT' => 'E:/www/eage/frontend/web'
    'SERVER_ADMIN' => 'admin@phpStudy.net'
    'SCRIPT_FILENAME' => 'E:/www/eage/frontend/web/index.php'
    'REMOTE_PORT' => '50623'
    'GATEWAY_INTERFACE' => 'CGI/1.1'
    'SERVER_PROTOCOL' => 'HTTP/1.1'
    'REQUEST_METHOD' => 'GET'
    'QUERY_STRING' => 'r=site%2Findex'
    'REQUEST_URI' => '/index.php?r=site%2Findex'
    'SCRIPT_NAME' => '/index.php'
    'PHP_SELF' => '/index.php'
    'REQUEST_TIME_FLOAT' => 1480432788.966
    'REQUEST_TIME' => 1480432788
]
2016-11-29 23:23:42 [127.0.0.1][-][-][error][error] test log 
2016-11-29 23:23:42 [127.0.0.1][-][-][info][application] $_GET = [
    'r' => 'site/index'
]

$_COOKIE = [
    '_csrf-frontend' => 'df3c139d16c1a6cb2ec252e0b0092a32c70336323daeef85ff8c61af53326c27a:2:{i:0;s:14:\"_csrf-frontend\";i:1;s:32:\"WzxwWoP-jxY-WaKLAw6Vk_VZyso-1eMr\";}'
    'frontend' => 'a26q5olefmr6kmkc8e2qud6ib4'
]

$_SESSION = [
    '__flash' => []
    '__captcha/site/captcha' => 'levlpei'
    '__captcha/site/captchacount' => 1
]

$_SERVER = [
    'HTTP_HOST' => 'yii.cc'
    'HTTP_CONNECTION' => 'keep-alive'
    'HTTP_UPGRADE_INSECURE_REQUESTS' => '1'
    'HTTP_USER_AGENT' => 'Mozilla/5.0 (Windows NT 10.0) AppleWebKit/537.36 (KHTML, like Gecko) Chrome/52.0.2743.116 Safari/537.36'
    'HTTP_ACCEPT' => 'text/html,application/xhtml+xml,application/xml;q=0.9,image/webp,*/*;q=0.8'
    'HTTP_REFERER' => 'http://yii.cc/index.php?r=site%2Flogin'
    'HTTP_ACCEPT_ENCODING' => 'gzip, deflate, sdch'
    'HTTP_ACCEPT_LANGUAGE' => 'zh-CN,zh;q=0.8'
    'HTTP_COOKIE' => '_csrf-frontend=df3c139d16c1a6cb2ec252e0b0092a32c70336323daeef85ff8c61af53326c27a%3A2%3A%7Bi%3A0%3Bs%3A14%3A%22_csrf-frontend%22%3Bi%3A1%3Bs%3A32%3A%22WzxwWoP-jxY-WaKLAw6Vk_VZyso-1eMr%22%3B%7D; frontend=a26q5olefmr6kmkc8e2qud6ib4'
    'PATH' => 'C:\\Windows\\system32;C:\\Windows;C:\\Windows\\System32\\Wbem;C:\\Windows\\System32\\WindowsPowerShell\\v1.0\\;D:\\phpStudy\\MySQL\\bin;D:\\phpStudy\\php55;D:\\memcache\\memcached-1.2.6-win32-bin;D:\\Git\\bin;C:\\ProgramData\\ComposerSetup\\bin;D:\\easyBackup\\AOMEI Backupper 3.5;D:\\Pthon\\Scripts\\;D:\\Pthon\\;C:\\Users\\未定义\\AppData\\Roaming\\Composer\\vendor\\bin'
    'SystemRoot' => 'C:\\Windows'
    'COMSPEC' => 'C:\\Windows\\system32\\cmd.exe'
    'PATHEXT' => '.COM;.EXE;.BAT;.CMD;.VBS;.VBE;.JS;.JSE;.WSF;.WSH;.MSC'
    'WINDIR' => 'C:\\Windows'
    'SERVER_SIGNATURE' => ''
    'SERVER_SOFTWARE' => 'Apache/2.4.18 (Win32) OpenSSL/1.0.2e PHP/5.5.30'
    'SERVER_NAME' => 'yii.cc'
    'SERVER_ADDR' => '127.0.0.1'
    'SERVER_PORT' => '80'
    'REMOTE_ADDR' => '127.0.0.1'
    'DOCUMENT_ROOT' => 'E:/www/eage/frontend/web'
    'REQUEST_SCHEME' => 'http'
    'CONTEXT_PREFIX' => ''
    'CONTEXT_DOCUMENT_ROOT' => 'E:/www/eage/frontend/web'
    'SERVER_ADMIN' => 'admin@phpStudy.net'
    'SCRIPT_FILENAME' => 'E:/www/eage/frontend/web/index.php'
    'REMOTE_PORT' => '50804'
    'GATEWAY_INTERFACE' => 'CGI/1.1'
    'SERVER_PROTOCOL' => 'HTTP/1.1'
    'REQUEST_METHOD' => 'GET'
    'QUERY_STRING' => 'r=site%2Findex'
    'REQUEST_URI' => '/index.php?r=site%2Findex'
    'SCRIPT_NAME' => '/index.php'
    'PHP_SELF' => '/index.php'
    'REQUEST_TIME_FLOAT' => 1480433022.194
    'REQUEST_TIME' => 1480433022
]
2016-11-29 23:38:02 [127.0.0.1][-][-][error][error] test log 
2016-11-29 23:38:01 [127.0.0.1][-][-][info][application] $_COOKIE = [
    '_csrf-frontend' => 'df3c139d16c1a6cb2ec252e0b0092a32c70336323daeef85ff8c61af53326c27a:2:{i:0;s:14:\"_csrf-frontend\";i:1;s:32:\"WzxwWoP-jxY-WaKLAw6Vk_VZyso-1eMr\";}'
    'frontend' => 'a26q5olefmr6kmkc8e2qud6ib4'
]

$_SESSION = [
    '__flash' => []
    '__captcha/site/captcha' => 'levlpei'
    '__captcha/site/captchacount' => 1
]

$_SERVER = [
    'HTTP_HOST' => 'yii.cc'
    'HTTP_CONNECTION' => 'keep-alive'
    'HTTP_UPGRADE_INSECURE_REQUESTS' => '1'
    'HTTP_USER_AGENT' => 'Mozilla/5.0 (Windows NT 10.0) AppleWebKit/537.36 (KHTML, like Gecko) Chrome/52.0.2743.116 Safari/537.36'
    'HTTP_ACCEPT' => 'text/html,application/xhtml+xml,application/xml;q=0.9,image/webp,*/*;q=0.8'
    'HTTP_ACCEPT_ENCODING' => 'gzip, deflate, sdch'
    'HTTP_ACCEPT_LANGUAGE' => 'zh-CN,zh;q=0.8'
    'HTTP_COOKIE' => '_csrf-frontend=df3c139d16c1a6cb2ec252e0b0092a32c70336323daeef85ff8c61af53326c27a%3A2%3A%7Bi%3A0%3Bs%3A14%3A%22_csrf-frontend%22%3Bi%3A1%3Bs%3A32%3A%22WzxwWoP-jxY-WaKLAw6Vk_VZyso-1eMr%22%3B%7D; frontend=a26q5olefmr6kmkc8e2qud6ib4'
    'PATH' => 'C:\\Windows\\system32;C:\\Windows;C:\\Windows\\System32\\Wbem;C:\\Windows\\System32\\WindowsPowerShell\\v1.0\\;D:\\phpStudy\\MySQL\\bin;D:\\phpStudy\\php55;D:\\memcache\\memcached-1.2.6-win32-bin;D:\\Git\\bin;C:\\ProgramData\\ComposerSetup\\bin;D:\\easyBackup\\AOMEI Backupper 3.5;D:\\Pthon\\Scripts\\;D:\\Pthon\\;C:\\Users\\未定义\\AppData\\Roaming\\Composer\\vendor\\bin'
    'SystemRoot' => 'C:\\Windows'
    'COMSPEC' => 'C:\\Windows\\system32\\cmd.exe'
    'PATHEXT' => '.COM;.EXE;.BAT;.CMD;.VBS;.VBE;.JS;.JSE;.WSF;.WSH;.MSC'
    'WINDIR' => 'C:\\Windows'
    'SERVER_SIGNATURE' => ''
    'SERVER_SOFTWARE' => 'Apache/2.4.18 (Win32) OpenSSL/1.0.2e PHP/5.5.30'
    'SERVER_NAME' => 'yii.cc'
    'SERVER_ADDR' => '127.0.0.1'
    'SERVER_PORT' => '80'
    'REMOTE_ADDR' => '127.0.0.1'
    'DOCUMENT_ROOT' => 'E:/www/eage/frontend/web'
    'REQUEST_SCHEME' => 'http'
    'CONTEXT_PREFIX' => ''
    'CONTEXT_DOCUMENT_ROOT' => 'E:/www/eage/frontend/web'
    'SERVER_ADMIN' => 'admin@phpStudy.net'
    'SCRIPT_FILENAME' => 'E:/www/eage/frontend/web/index.php'
    'REMOTE_PORT' => '51744'
    'GATEWAY_INTERFACE' => 'CGI/1.1'
    'SERVER_PROTOCOL' => 'HTTP/1.1'
    'REQUEST_METHOD' => 'GET'
    'QUERY_STRING' => ''
    'REQUEST_URI' => '/'
    'SCRIPT_NAME' => '/index.php'
    'PHP_SELF' => '/index.php'
    'REQUEST_TIME_FLOAT' => 1480433881.96
    'REQUEST_TIME' => 1480433881
]
2016-12-07 15:44:26 [127.0.0.1][-][-][error][error] test log 
2016-12-07 15:44:25 [127.0.0.1][-][-][info][application] $_SESSION = [
    '__flash' => []
]

$_SERVER = [
    'PATH' => 'C:\\Windows\\system32;C:\\Windows;C:\\Windows\\System32\\Wbem;C:\\Windows\\System32\\WindowsPowerShell\\v1.0\\;D:\\phpStudy\\MySQL\\bin;D:\\phpStudy\\php55;D:\\memcache\\memcached-1.2.6-win32-bin;D:\\Git\\bin;C:\\ProgramData\\ComposerSetup\\bin;D:\\easyBackup\\AOMEI Backupper 3.5;D:\\Pthon\\Scripts\\;D:\\Pthon\\;C:\\Users\\未定义\\AppData\\Roaming\\Composer\\vendor\\bin'
    'SYSTEMROOT' => 'C:\\Windows'
    'COMSPEC' => 'C:\\Windows\\system32\\cmd.exe'
    'PATHEXT' => '.COM;.EXE;.BAT;.CMD;.VBS;.VBE;.JS;.JSE;.WSF;.WSH;.MSC'
    'WINDIR' => 'C:\\Windows'
    'PHP_FCGI_MAX_REQUESTS' => '1000'
    'PHPRC' => 'D:/phpStudy/php70n'
    '_FCGI_SHUTDOWN_EVENT_' => '2032'
    'SCRIPT_NAME' => '/index.php'
    'REQUEST_URI' => '/'
    'QUERY_STRING' => ''
    'REQUEST_METHOD' => 'GET'
    'SERVER_PROTOCOL' => 'HTTP/1.1'
    'GATEWAY_INTERFACE' => 'CGI/1.1'
    'REMOTE_PORT' => '50998'
    'SCRIPT_FILENAME' => 'E:/www/eage/frontend/web/index.php'
    'SERVER_ADMIN' => 'admin@phpStudy.net'
    'CONTEXT_DOCUMENT_ROOT' => 'E:/www/eage/frontend/web'
    'CONTEXT_PREFIX' => ''
    'REQUEST_SCHEME' => 'http'
    'DOCUMENT_ROOT' => 'E:/www/eage/frontend/web'
    'REMOTE_ADDR' => '127.0.0.1'
    'SERVER_PORT' => '80'
    'SERVER_ADDR' => '127.0.0.1'
    'SERVER_NAME' => 'yii.cc'
    'SERVER_SOFTWARE' => 'Apache/2.4.18 (Win32) OpenSSL/1.0.2e mod_fcgid/2.3.9'
    'SERVER_SIGNATURE' => ''
    'SystemRoot' => 'C:\\Windows'
    'HTTP_ACCEPT_LANGUAGE' => 'zh-CN,zh;q=0.8'
    'HTTP_ACCEPT_ENCODING' => 'gzip, deflate, sdch'
    'HTTP_ACCEPT' => 'text/html,application/xhtml+xml,application/xml;q=0.9,image/webp,*/*;q=0.8'
    'HTTP_USER_AGENT' => 'Mozilla/5.0 (Windows NT 10.0) AppleWebKit/537.36 (KHTML, like Gecko) Chrome/52.0.2743.116 Safari/537.36'
    'HTTP_UPGRADE_INSECURE_REQUESTS' => '1'
    'HTTP_CONNECTION' => 'close'
    'HTTP_HOST' => 'yii.cc'
    'FCGI_ROLE' => 'RESPONDER'
    'PHP_SELF' => '/index.php'
    'REQUEST_TIME_FLOAT' => 1481125465.4302
    'REQUEST_TIME' => 1481125465
]
2016-12-07 15:44:35 [127.0.0.1][-][-][error][error] test log 
2016-12-07 15:44:35 [127.0.0.1][-][-][info][application] $_GET = [
    'r' => 'site/index'
]

$_COOKIE = [
    '_csrf-frontend' => '0680f9c3ffb16432b640272ab5d041ba0cbe8da99df837d526517ec1926f12dca:2:{i:0;s:14:\"_csrf-frontend\";i:1;s:32:\"GUIpdD0nUXEn7LyJgB6rXlxJsxs93hcW\";}'
    'frontend' => '9n8r29j81lvv0gkorbjpvms5u1'
]

$_SESSION = [
    '__flash' => []
]

$_SERVER = [
    'PATH' => 'C:\\Windows\\system32;C:\\Windows;C:\\Windows\\System32\\Wbem;C:\\Windows\\System32\\WindowsPowerShell\\v1.0\\;D:\\phpStudy\\MySQL\\bin;D:\\phpStudy\\php55;D:\\memcache\\memcached-1.2.6-win32-bin;D:\\Git\\bin;C:\\ProgramData\\ComposerSetup\\bin;D:\\easyBackup\\AOMEI Backupper 3.5;D:\\Pthon\\Scripts\\;D:\\Pthon\\;C:\\Users\\未定义\\AppData\\Roaming\\Composer\\vendor\\bin'
    'SYSTEMROOT' => 'C:\\Windows'
    'COMSPEC' => 'C:\\Windows\\system32\\cmd.exe'
    'PATHEXT' => '.COM;.EXE;.BAT;.CMD;.VBS;.VBE;.JS;.JSE;.WSF;.WSH;.MSC'
    'WINDIR' => 'C:\\Windows'
    'PHP_FCGI_MAX_REQUESTS' => '1000'
    'PHPRC' => 'D:/phpStudy/php70n'
    '_FCGI_SHUTDOWN_EVENT_' => '2032'
    'SCRIPT_NAME' => '/index.php'
    'REQUEST_URI' => '/index.php?r=site%2Findex'
    'QUERY_STRING' => 'r=site%2Findex'
    'REQUEST_METHOD' => 'GET'
    'SERVER_PROTOCOL' => 'HTTP/1.1'
    'GATEWAY_INTERFACE' => 'CGI/1.1'
    'REMOTE_PORT' => '51006'
    'SCRIPT_FILENAME' => 'E:/www/eage/frontend/web/index.php'
    'SERVER_ADMIN' => 'admin@phpStudy.net'
    'CONTEXT_DOCUMENT_ROOT' => 'E:/www/eage/frontend/web'
    'CONTEXT_PREFIX' => ''
    'REQUEST_SCHEME' => 'http'
    'DOCUMENT_ROOT' => 'E:/www/eage/frontend/web'
    'REMOTE_ADDR' => '127.0.0.1'
    'SERVER_PORT' => '80'
    'SERVER_ADDR' => '127.0.0.1'
    'SERVER_NAME' => 'yii.cc'
    'SERVER_SOFTWARE' => 'Apache/2.4.18 (Win32) OpenSSL/1.0.2e mod_fcgid/2.3.9'
    'SERVER_SIGNATURE' => ''
    'SystemRoot' => 'C:\\Windows'
    'HTTP_COOKIE' => '_csrf-frontend=0680f9c3ffb16432b640272ab5d041ba0cbe8da99df837d526517ec1926f12dca%3A2%3A%7Bi%3A0%3Bs%3A14%3A%22_csrf-frontend%22%3Bi%3A1%3Bs%3A32%3A%22GUIpdD0nUXEn7LyJgB6rXlxJsxs93hcW%22%3B%7D; frontend=9n8r29j81lvv0gkorbjpvms5u1'
    'HTTP_ACCEPT_LANGUAGE' => 'zh-CN,zh;q=0.8'
    'HTTP_ACCEPT_ENCODING' => 'gzip, deflate, sdch'
    'HTTP_REFERER' => 'http://yii.cc/index.php?r=site%2Fabout'
    'HTTP_ACCEPT' => 'text/html,application/xhtml+xml,application/xml;q=0.9,image/webp,*/*;q=0.8'
    'HTTP_USER_AGENT' => 'Mozilla/5.0 (Windows NT 10.0) AppleWebKit/537.36 (KHTML, like Gecko) Chrome/52.0.2743.116 Safari/537.36'
    'HTTP_UPGRADE_INSECURE_REQUESTS' => '1'
    'HTTP_CONNECTION' => 'close'
    'HTTP_HOST' => 'yii.cc'
    'FCGI_ROLE' => 'RESPONDER'
    'PHP_SELF' => '/index.php'
    'REQUEST_TIME_FLOAT' => 1481125475.2151
    'REQUEST_TIME' => 1481125475
]
